<?xml version="1.0" encoding="UTF-8"?>
<coverage generated="1621246753433" clover="3.2.0">
  <project timestamp="1621246753434" name="All files">
    <metrics statements="409" coveredstatements="329" conditionals="182" coveredconditionals="97" methods="87" coveredmethods="65" elements="678" coveredelements="491" complexity="0" loc="409" ncloc="409" packages="23" files="38" classes="38"/>
    <package name="src">
      <metrics statements="1" coveredstatements="1" conditionals="0" coveredconditionals="0" methods="1" coveredmethods="1"/>
      <file name="App.js" path="C:\Users\artme\OneDrive\Рабочий стол\crud\client\src\App.js">
        <metrics statements="1" coveredstatements="1" conditionals="0" coveredconditionals="0" methods="1" coveredmethods="1"/>
        <line num="12" count="1" type="stmt"/>
      </file>
    </package>
    <package name="src.components.Alert">
      <metrics statements="3" coveredstatements="3" conditionals="2" coveredconditionals="1" methods="1" coveredmethods="1"/>
      <file name="Alert.js" path="C:\Users\artme\OneDrive\Рабочий стол\crud\client\src\components\Alert\Alert.js">
        <metrics statements="3" coveredstatements="3" conditionals="2" coveredconditionals="1" methods="1" coveredmethods="1"/>
        <line num="6" count="2" type="stmt"/>
        <line num="7" count="2" type="stmt"/>
        <line num="12" count="2" type="stmt"/>
      </file>
    </package>
    <package name="src.components.Btn">
      <metrics statements="2" coveredstatements="2" conditionals="2" coveredconditionals="2" methods="1" coveredmethods="1"/>
      <file name="Btn.js" path="C:\Users\artme\OneDrive\Рабочий стол\crud\client\src\components\Btn\Btn.js">
        <metrics statements="2" coveredstatements="2" conditionals="2" coveredconditionals="2" methods="1" coveredmethods="1"/>
        <line num="4" count="30" type="stmt"/>
        <line num="9" count="30" type="stmt"/>
      </file>
    </package>
    <package name="src.components.Card">
      <metrics statements="70" coveredstatements="67" conditionals="44" coveredconditionals="32" methods="5" coveredmethods="4"/>
      <file name="Card.js" path="C:\Users\artme\OneDrive\Рабочий стол\crud\client\src\components\Card\Card.js">
        <metrics statements="70" coveredstatements="67" conditionals="44" coveredconditionals="32" methods="5" coveredmethods="4"/>
        <line num="17" count="28" type="cond" truecount="2" falsecount="0"/>
        <line num="18" count="2" type="stmt"/>
        <line num="19" count="2" type="stmt"/>
        <line num="60" count="26" type="cond" truecount="2" falsecount="0"/>
        <line num="61" count="4" type="stmt"/>
        <line num="62" count="4" type="stmt"/>
        <line num="83" count="22" type="cond" truecount="2" falsecount="0"/>
        <line num="84" count="1" type="stmt"/>
        <line num="86" count="1" type="stmt"/>
        <line num="115" count="21" type="cond" truecount="2" falsecount="0"/>
        <line num="117" count="7" type="stmt"/>
        <line num="119" count="7" type="cond" truecount="2" falsecount="0"/>
        <line num="121" count="7" type="stmt"/>
        <line num="127" count="7" type="stmt"/>
        <line num="132" count="7" type="stmt"/>
        <line num="134" count="7" type="stmt"/>
        <line num="135" count="7" type="stmt"/>
        <line num="137" count="7" type="stmt"/>
        <line num="138" count="7" type="stmt"/>
        <line num="140" count="7" type="stmt"/>
        <line num="143" count="7" type="stmt"/>
        <line num="144" count="7" type="stmt"/>
        <line num="145" count="7" type="stmt"/>
        <line num="148" count="7" type="stmt"/>
        <line num="149" count="7" type="stmt"/>
        <line num="154" count="7" type="stmt"/>
        <line num="163" count="7" type="stmt"/>
        <line num="165" count="7" type="stmt"/>
        <line num="166" count="1" type="stmt"/>
        <line num="167" count="1" type="stmt"/>
        <line num="171" count="7" type="stmt"/>
        <line num="196" count="14" type="cond" truecount="2" falsecount="0"/>
        <line num="197" count="3" type="stmt"/>
        <line num="199" count="3" type="stmt"/>
        <line num="205" count="3" type="stmt"/>
        <line num="210" count="3" type="stmt"/>
        <line num="211" count="3" type="stmt"/>
        <line num="212" count="3" type="stmt"/>
        <line num="215" count="3" type="stmt"/>
        <line num="216" count="3" type="stmt"/>
        <line num="217" count="3" type="stmt"/>
        <line num="219" count="3" type="stmt"/>
        <line num="222" count="3" type="stmt"/>
        <line num="229" count="3" type="stmt"/>
        <line num="230" count="0" type="stmt"/>
        <line num="231" count="0" type="stmt"/>
        <line num="234" count="3" type="stmt"/>
        <line num="257" count="11" type="cond" truecount="1" falsecount="1"/>
        <line num="258" count="11" type="stmt"/>
        <line num="260" count="11" type="cond" truecount="2" falsecount="0"/>
        <line num="262" count="11" type="stmt"/>
        <line num="268" count="11" type="stmt"/>
        <line num="273" count="11" type="stmt"/>
        <line num="274" count="11" type="stmt"/>
        <line num="275" count="11" type="stmt"/>
        <line num="276" count="11" type="stmt"/>
        <line num="279" count="11" type="stmt"/>
        <line num="280" count="11" type="stmt"/>
        <line num="281" count="11" type="stmt"/>
        <line num="282" count="11" type="stmt"/>
        <line num="285" count="11" type="stmt"/>
        <line num="287" count="11" type="stmt"/>
        <line num="288" count="11" type="stmt"/>
        <line num="290" count="11" type="cond" truecount="1" falsecount="1"/>
        <line num="291" count="0" type="stmt"/>
        <line num="296" count="11" type="stmt"/>
        <line num="303" count="11" type="stmt"/>
        <line num="304" count="3" type="stmt"/>
        <line num="305" count="3" type="stmt"/>
        <line num="308" count="11" type="stmt"/>
      </file>
    </package>
    <package name="src.components.Controller">
      <metrics statements="3" coveredstatements="3" conditionals="3" coveredconditionals="3" methods="1" coveredmethods="1"/>
      <file name="Controller.js" path="C:\Users\artme\OneDrive\Рабочий стол\crud\client\src\components\Controller\Controller.js">
        <metrics statements="3" coveredstatements="3" conditionals="3" coveredconditionals="3" methods="1" coveredmethods="1"/>
        <line num="5" count="106" type="cond" truecount="2" falsecount="0"/>
        <line num="6" count="9" type="stmt"/>
        <line num="13" count="97" type="stmt"/>
      </file>
    </package>
    <package name="src.components.Loader">
      <metrics statements="1" coveredstatements="1" conditionals="0" coveredconditionals="0" methods="1" coveredmethods="1"/>
      <file name="Loader.js" path="C:\Users\artme\OneDrive\Рабочий стол\crud\client\src\components\Loader\Loader.js">
        <metrics statements="1" coveredstatements="1" conditionals="0" coveredconditionals="0" methods="1" coveredmethods="1"/>
        <line num="4" count="1" type="stmt"/>
      </file>
    </package>
    <package name="src.components.Nav">
      <metrics statements="11" coveredstatements="10" conditionals="10" coveredconditionals="5" methods="4" coveredmethods="4"/>
      <file name="Nav.js" path="C:\Users\artme\OneDrive\Рабочий стол\crud\client\src\components\Nav\Nav.js">
        <metrics statements="11" coveredstatements="10" conditionals="10" coveredconditionals="5" methods="4" coveredmethods="4"/>
        <line num="7" count="3" type="stmt"/>
        <line num="8" count="3" type="stmt"/>
        <line num="10" count="3" type="stmt"/>
        <line num="15" count="3" type="stmt"/>
        <line num="20" count="3" type="stmt"/>
        <line num="21" count="1" type="stmt"/>
        <line num="24" count="3" type="stmt"/>
        <line num="25" count="3" type="cond" truecount="1" falsecount="1"/>
        <line num="26" count="0" type="stmt"/>
        <line num="68" count="3" type="stmt"/>
        <line num="86" count="3" type="stmt"/>
      </file>
    </package>
    <package name="src.components.PageContainer">
      <metrics statements="4" coveredstatements="3" conditionals="6" coveredconditionals="1" methods="1" coveredmethods="1"/>
      <file name="PageConatiner.js" path="C:\Users\artme\OneDrive\Рабочий стол\crud\client\src\components\PageContainer\PageConatiner.js">
        <metrics statements="4" coveredstatements="3" conditionals="6" coveredconditionals="1" methods="1" coveredmethods="1"/>
        <line num="15" count="2" type="stmt"/>
        <line num="17" count="2" type="cond" truecount="1" falsecount="1"/>
        <line num="18" count="0" type="stmt"/>
        <line num="48" count="2" type="stmt"/>
      </file>
    </package>
    <package name="src.components.checkBox">
      <metrics statements="2" coveredstatements="2" conditionals="2" coveredconditionals="1" methods="1" coveredmethods="1"/>
      <file name="Checkbox.js" path="C:\Users\artme\OneDrive\Рабочий стол\crud\client\src\components\checkBox\Checkbox.js">
        <metrics statements="2" coveredstatements="2" conditionals="2" coveredconditionals="1" methods="1" coveredmethods="1"/>
        <line num="4" count="2" type="stmt"/>
        <line num="10" count="2" type="stmt"/>
      </file>
    </package>
    <package name="src.hooks.authHook">
      <metrics statements="20" coveredstatements="10" conditionals="4" coveredconditionals="1" methods="5" coveredmethods="2"/>
      <file name="useAuthHook.js" path="C:\Users\artme\OneDrive\Рабочий стол\crud\client\src\hooks\authHook\useAuthHook.js">
        <metrics statements="20" coveredstatements="10" conditionals="4" coveredconditionals="1" methods="5" coveredmethods="2"/>
        <line num="6" count="10" type="stmt"/>
        <line num="9" count="10" type="stmt"/>
        <line num="12" count="26" type="stmt"/>
        <line num="13" count="26" type="stmt"/>
        <line num="15" count="26" type="stmt"/>
        <line num="16" count="0" type="stmt"/>
        <line num="21" count="0" type="stmt"/>
        <line num="25" count="0" type="stmt"/>
        <line num="28" count="26" type="stmt"/>
        <line num="29" count="0" type="stmt"/>
        <line num="30" count="0" type="stmt"/>
        <line num="34" count="0" type="cond" truecount="0" falsecount="2"/>
        <line num="35" count="0" type="stmt"/>
        <line num="39" count="26" type="stmt"/>
        <line num="40" count="0" type="stmt"/>
        <line num="42" count="0" type="stmt"/>
        <line num="47" count="26" type="stmt"/>
        <line num="48" count="12" type="cond" truecount="1" falsecount="1"/>
        <line num="49" count="0" type="stmt"/>
        <line num="53" count="26" type="stmt"/>
      </file>
    </package>
    <package name="src.hooks.useCheckbox">
      <metrics statements="2" coveredstatements="2" conditionals="0" coveredconditionals="0" methods="1" coveredmethods="1"/>
      <file name="useCheckBox.js" path="C:\Users\artme\OneDrive\Рабочий стол\crud\client\src\hooks\useCheckbox\useCheckBox.js">
        <metrics statements="2" coveredstatements="2" conditionals="0" coveredconditionals="0" methods="1" coveredmethods="1"/>
        <line num="4" count="2" type="stmt"/>
        <line num="6" count="2" type="stmt"/>
      </file>
    </package>
    <package name="src.hooks.useHttp">
      <metrics statements="33" coveredstatements="26" conditionals="12" coveredconditionals="8" methods="6" coveredmethods="6"/>
      <file name="HttpContext.js" path="C:\Users\artme\OneDrive\Рабочий стол\crud\client\src\hooks\useHttp\HttpContext.js">
        <metrics statements="1" coveredstatements="1" conditionals="0" coveredconditionals="0" methods="0" coveredmethods="0"/>
        <line num="3" count="10" type="stmt"/>
      </file>
      <file name="useHttp.js" path="C:\Users\artme\OneDrive\Рабочий стол\crud\client\src\hooks\useHttp\useHttp.js">
        <metrics statements="32" coveredstatements="25" conditionals="12" coveredconditionals="8" methods="6" coveredmethods="6"/>
        <line num="7" count="29" type="stmt"/>
        <line num="8" count="29" type="stmt"/>
        <line num="9" count="29" type="stmt"/>
        <line num="11" count="29" type="stmt"/>
        <line num="13" count="29" type="cond" truecount="1" falsecount="0"/>
        <line num="14" count="8" type="stmt"/>
        <line num="15" count="8" type="stmt"/>
        <line num="19" count="29" type="stmt"/>
        <line num="20" count="20" type="cond" truecount="1" falsecount="1"/>
        <line num="21" count="0" type="stmt"/>
        <line num="25" count="29" type="stmt"/>
        <line num="26" count="29" type="cond" truecount="2" falsecount="0"/>
        <line num="27" count="8" type="stmt"/>
        <line num="32" count="29" type="cond" truecount="2" falsecount="1"/>
        <line num="33" count="8" type="stmt"/>
        <line num="34" count="8" type="stmt"/>
        <line num="36" count="8" type="cond" truecount="2" falsecount="0"/>
        <line num="37" count="4" type="stmt"/>
        <line num="38" count="4" type="stmt"/>
        <line num="41" count="8" type="stmt"/>
        <line num="44" count="0" type="stmt"/>
        <line num="46" count="0" type="cond" truecount="0" falsecount="2"/>
        <line num="47" count="0" type="stmt"/>
        <line num="49" count="0" type="stmt"/>
        <line num="50" count="0" type="stmt"/>
        <line num="52" count="0" type="stmt"/>
        <line num="57" count="8" type="stmt"/>
        <line num="58" count="8" type="stmt"/>
        <line num="62" count="29" type="stmt"/>
        <line num="63" count="8" type="stmt"/>
        <line num="64" count="8" type="stmt"/>
        <line num="68" count="29" type="stmt"/>
      </file>
    </package>
    <package name="src.hooks.validation">
      <metrics statements="32" coveredstatements="27" conditionals="20" coveredconditionals="13" methods="9" coveredmethods="6"/>
      <file name="useFormValidator.js" path="C:\Users\artme\OneDrive\Рабочий стол\crud\client\src\hooks\validation\useFormValidator.js">
        <metrics statements="4" coveredstatements="3" conditionals="2" coveredconditionals="1" methods="2" coveredmethods="2"/>
        <line num="2" count="26" type="stmt"/>
        <line num="4" count="26" type="cond" truecount="1" falsecount="1"/>
        <line num="5" count="0" type="stmt"/>
        <line num="7" count="26" type="stmt"/>
      </file>
      <file name="useInputValidator.js" path="C:\Users\artme\OneDrive\Рабочий стол\crud\client\src\hooks\validation\useInputValidator.js">
        <metrics statements="10" coveredstatements="6" conditionals="2" coveredconditionals="2" methods="4" coveredmethods="1"/>
        <line num="5" count="106" type="cond" truecount="2" falsecount="0"/>
        <line num="6" count="106" type="stmt"/>
        <line num="8" count="106" type="stmt"/>
        <line num="9" count="0" type="stmt"/>
        <line num="12" count="106" type="stmt"/>
        <line num="13" count="0" type="stmt"/>
        <line num="16" count="106" type="stmt"/>
        <line num="17" count="0" type="stmt"/>
        <line num="18" count="0" type="stmt"/>
        <line num="22" count="106" type="stmt"/>
      </file>
      <file name="useValidation.js" path="C:\Users\artme\OneDrive\Рабочий стол\crud\client\src\hooks\validation\useValidation.js">
        <metrics statements="18" coveredstatements="18" conditionals="16" coveredconditionals="10" methods="3" coveredmethods="3"/>
        <line num="7" count="106" type="stmt"/>
        <line num="9" count="106" type="stmt"/>
        <line num="10" count="106" type="stmt"/>
        <line num="11" count="106" type="stmt"/>
        <line num="14" count="106" type="stmt"/>
        <line num="16" count="106" type="stmt"/>
        <line num="17" count="38" type="stmt"/>
        <line num="18" count="41" type="cond" truecount="3" falsecount="0"/>
        <line num="20" count="6" type="cond" truecount="1" falsecount="1"/>
        <line num="22" count="6" type="stmt"/>
        <line num="24" count="32" type="cond" truecount="1" falsecount="1"/>
        <line num="25" count="32" type="stmt"/>
        <line num="27" count="3" type="cond" truecount="1" falsecount="1"/>
        <line num="32" count="106" type="stmt"/>
        <line num="37" count="106" type="stmt"/>
        <line num="38" count="115" type="cond" truecount="2" falsecount="0"/>
        <line num="41" count="106" type="stmt"/>
        <line num="53" count="106" type="stmt"/>
      </file>
    </package>
    <package name="src.pages">
      <metrics statements="95" coveredstatements="77" conditionals="22" coveredconditionals="9" methods="20" coveredmethods="14"/>
      <file name="AllProfilesPage.js" path="C:\Users\artme\OneDrive\Рабочий стол\crud\client\src\pages\AllProfilesPage.js">
        <metrics statements="20" coveredstatements="12" conditionals="6" coveredconditionals="2" methods="6" coveredmethods="3"/>
        <line num="9" count="3" type="stmt"/>
        <line num="10" count="3" type="stmt"/>
        <line num="11" count="3" type="stmt"/>
        <line num="13" count="3" type="stmt"/>
        <line num="15" count="3" type="stmt"/>
        <line num="16" count="1" type="stmt"/>
        <line num="20" count="3" type="cond" truecount="1" falsecount="1"/>
        <line num="21" count="0" type="stmt"/>
        <line num="24" count="3" type="stmt"/>
        <line num="25" count="0" type="stmt"/>
        <line num="26" count="0" type="stmt"/>
        <line num="29" count="3" type="stmt"/>
        <line num="30" count="0" type="stmt"/>
        <line num="33" count="3" type="stmt"/>
        <line num="34" count="3" type="cond" truecount="1" falsecount="1"/>
        <line num="35" count="0" type="cond" truecount="0" falsecount="2"/>
        <line num="36" count="0" type="stmt"/>
        <line num="38" count="0" type="stmt"/>
        <line num="39" count="0" type="stmt"/>
        <line num="59" count="3" type="stmt"/>
      </file>
      <file name="AllUsers.js" path="C:\Users\artme\OneDrive\Рабочий стол\crud\client\src\pages\AllUsers.js">
        <metrics statements="20" coveredstatements="13" conditionals="6" coveredconditionals="2" methods="6" coveredmethods="4"/>
        <line num="10" count="5" type="stmt"/>
        <line num="12" count="5" type="stmt"/>
        <line num="13" count="5" type="stmt"/>
        <line num="15" count="5" type="stmt"/>
        <line num="16" count="0" type="stmt"/>
        <line num="17" count="0" type="stmt"/>
        <line num="20" count="5" type="stmt"/>
        <line num="21" count="1" type="stmt"/>
        <line num="24" count="5" type="stmt"/>
        <line num="25" count="5" type="cond" truecount="1" falsecount="1"/>
        <line num="26" count="0" type="cond" truecount="0" falsecount="2"/>
        <line num="27" count="0" type="stmt"/>
        <line num="29" count="0" type="stmt"/>
        <line num="30" count="0" type="stmt"/>
        <line num="44" count="5" type="stmt"/>
        <line num="46" count="5" type="stmt"/>
        <line num="47" count="1" type="stmt"/>
        <line num="50" count="5" type="cond" truecount="1" falsecount="1"/>
        <line num="51" count="0" type="stmt"/>
        <line num="54" count="5" type="stmt"/>
      </file>
      <file name="CreateProfilePage.js" path="C:\Users\artme\OneDrive\Рабочий стол\crud\client\src\pages\CreateProfilePage.js">
        <metrics statements="16" coveredstatements="16" conditionals="0" coveredconditionals="0" methods="1" coveredmethods="1"/>
        <line num="12" count="2" type="stmt"/>
        <line num="14" count="2" type="stmt"/>
        <line num="19" count="2" type="stmt"/>
        <line num="21" count="2" type="stmt"/>
        <line num="22" count="2" type="stmt"/>
        <line num="24" count="2" type="stmt"/>
        <line num="25" count="2" type="stmt"/>
        <line num="27" count="2" type="stmt"/>
        <line num="30" count="2" type="stmt"/>
        <line num="31" count="2" type="stmt"/>
        <line num="33" count="2" type="stmt"/>
        <line num="34" count="2" type="stmt"/>
        <line num="39" count="2" type="stmt"/>
        <line num="41" count="2" type="stmt"/>
        <line num="43" count="2" type="stmt"/>
        <line num="51" count="2" type="stmt"/>
      </file>
      <file name="Dashboard.js" path="C:\Users\artme\OneDrive\Рабочий стол\crud\client\src\pages\Dashboard.js">
        <metrics statements="7" coveredstatements="6" conditionals="2" coveredconditionals="1" methods="2" coveredmethods="2"/>
        <line num="7" count="3" type="stmt"/>
        <line num="8" count="3" type="stmt"/>
        <line num="10" count="3" type="stmt"/>
        <line num="11" count="1" type="stmt"/>
        <line num="14" count="3" type="cond" truecount="1" falsecount="1"/>
        <line num="15" count="0" type="stmt"/>
        <line num="18" count="3" type="stmt"/>
      </file>
      <file name="Login.js" path="C:\Users\artme\OneDrive\Рабочий стол\crud\client\src\pages\Login.js">
        <metrics statements="10" coveredstatements="10" conditionals="2" coveredconditionals="1" methods="1" coveredmethods="1"/>
        <line num="12" count="1" type="stmt"/>
        <line num="13" count="1" type="stmt"/>
        <line num="15" count="1" type="stmt"/>
        <line num="20" count="1" type="stmt"/>
        <line num="21" count="1" type="stmt"/>
        <line num="24" count="1" type="stmt"/>
        <line num="25" count="1" type="stmt"/>
        <line num="27" count="1" type="stmt"/>
        <line num="29" count="1" type="stmt"/>
        <line num="36" count="1" type="stmt"/>
      </file>
      <file name="Register.js" path="C:\Users\artme\OneDrive\Рабочий стол\crud\client\src\pages\Register.js">
        <metrics statements="14" coveredstatements="13" conditionals="2" coveredconditionals="1" methods="2" coveredmethods="1"/>
        <line num="14" count="2" type="stmt"/>
        <line num="15" count="2" type="stmt"/>
        <line num="17" count="2" type="stmt"/>
        <line num="19" count="2" type="stmt"/>
        <line num="24" count="2" type="stmt"/>
        <line num="25" count="2" type="stmt"/>
        <line num="26" count="2" type="stmt"/>
        <line num="29" count="2" type="stmt"/>
        <line num="30" count="2" type="stmt"/>
        <line num="31" count="2" type="stmt"/>
        <line num="33" count="2" type="stmt"/>
        <line num="35" count="2" type="stmt"/>
        <line num="44" count="2" type="stmt"/>
        <line num="53" count="0" type="stmt"/>
      </file>
      <file name="UserInfo.js" path="C:\Users\artme\OneDrive\Рабочий стол\crud\client\src\pages\UserInfo.js">
        <metrics statements="8" coveredstatements="7" conditionals="4" coveredconditionals="2" methods="2" coveredmethods="2"/>
        <line num="9" count="3" type="stmt"/>
        <line num="10" count="3" type="stmt"/>
        <line num="12" count="3" type="stmt"/>
        <line num="14" count="3" type="stmt"/>
        <line num="15" count="1" type="stmt"/>
        <line num="18" count="3" type="cond" truecount="1" falsecount="1"/>
        <line num="19" count="0" type="stmt"/>
        <line num="22" count="3" type="stmt"/>
      </file>
    </package>
    <package name="src.redux.actions">
      <metrics statements="8" coveredstatements="8" conditionals="0" coveredconditionals="0" methods="0" coveredmethods="0"/>
      <file name="actionTypes.js" path="C:\Users\artme\OneDrive\Рабочий стол\crud\client\src\redux\actions\actionTypes.js">
        <metrics statements="8" coveredstatements="8" conditionals="0" coveredconditionals="0" methods="0" coveredmethods="0"/>
        <line num="1" count="11" type="stmt"/>
        <line num="2" count="11" type="stmt"/>
        <line num="3" count="11" type="stmt"/>
        <line num="4" count="11" type="stmt"/>
        <line num="5" count="11" type="stmt"/>
        <line num="6" count="11" type="stmt"/>
        <line num="7" count="11" type="stmt"/>
        <line num="10" count="11" type="stmt"/>
      </file>
    </package>
    <package name="src.redux.reducers">
      <metrics statements="14" coveredstatements="13" conditionals="12" coveredconditionals="11" methods="2" coveredmethods="2"/>
      <file name="Dashboard.js" path="C:\Users\artme\OneDrive\Рабочий стол\crud\client\src\redux\reducers\Dashboard.js">
        <metrics statements="4" coveredstatements="3" conditionals="3" coveredconditionals="2" methods="1" coveredmethods="1"/>
        <line num="3" count="10" type="stmt"/>
        <line num="10" count="30" type="cond" truecount="1" falsecount="1"/>
        <line num="12" count="0" type="stmt"/>
        <line num="19" count="30" type="stmt"/>
      </file>
      <file name="User.js" path="C:\Users\artme\OneDrive\Рабочий стол\crud\client\src\redux\reducers\User.js">
        <metrics statements="10" coveredstatements="10" conditionals="9" coveredconditionals="9" methods="1" coveredmethods="1"/>
        <line num="3" count="11" type="stmt"/>
        <line num="13" count="37" type="cond" truecount="8" falsecount="0"/>
        <line num="15" count="1" type="stmt"/>
        <line num="17" count="1" type="stmt"/>
        <line num="23" count="1" type="stmt"/>
        <line num="30" count="1" type="stmt"/>
        <line num="35" count="1" type="stmt"/>
        <line num="41" count="1" type="stmt"/>
        <line num="46" count="1" type="stmt"/>
        <line num="51" count="30" type="stmt"/>
      </file>
      <file name="rootReducer.js" path="C:\Users\artme\OneDrive\Рабочий стол\crud\client\src\redux\reducers\rootReducer.js">
        <metrics statements="0" coveredstatements="0" conditionals="0" coveredconditionals="0" methods="0" coveredmethods="0"/>
      </file>
    </package>
    <package name="src.redux.store">
      <metrics statements="2" coveredstatements="2" conditionals="4" coveredconditionals="3" methods="0" coveredmethods="0"/>
      <file name="store.js" path="C:\Users\artme\OneDrive\Рабочий стол\crud\client\src\redux\store\store.js">
        <metrics statements="2" coveredstatements="2" conditionals="4" coveredconditionals="3" methods="0" coveredmethods="0"/>
        <line num="6" count="10" type="cond" truecount="3" falsecount="1"/>
        <line num="12" count="10" type="stmt"/>
      </file>
    </package>
    <package name="src.states.Alert">
      <metrics statements="13" coveredstatements="12" conditionals="2" coveredconditionals="0" methods="4" coveredmethods="3"/>
      <file name="AlertState.js" path="C:\Users\artme\OneDrive\Рабочий стол\crud\client\src\states\Alert\AlertState.js">
        <metrics statements="13" coveredstatements="12" conditionals="2" coveredconditionals="0" methods="4" coveredmethods="3"/>
        <line num="4" count="21" type="stmt"/>
        <line num="5" count="21" type="stmt"/>
        <line num="6" count="21" type="stmt"/>
        <line num="8" count="21" type="stmt"/>
        <line num="9" count="0" type="stmt"/>
        <line num="12" count="21" type="cond" truecount="0" falsecount="1"/>
        <line num="13" count="8" type="stmt"/>
        <line num="14" count="8" type="stmt"/>
        <line num="15" count="8" type="stmt"/>
        <line num="18" count="21" type="cond" truecount="0" falsecount="1"/>
        <line num="19" count="8" type="stmt"/>
        <line num="20" count="8" type="stmt"/>
        <line num="23" count="21" type="stmt"/>
      </file>
    </package>
    <package name="src.states.Context">
      <metrics statements="3" coveredstatements="3" conditionals="0" coveredconditionals="0" methods="0" coveredmethods="0"/>
      <file name="AlertContext.js" path="C:\Users\artme\OneDrive\Рабочий стол\crud\client\src\states\Context\AlertContext.js">
        <metrics statements="1" coveredstatements="1" conditionals="0" coveredconditionals="0" methods="0" coveredmethods="0"/>
        <line num="3" count="11" type="stmt"/>
      </file>
      <file name="DashboardContext.js" path="C:\Users\artme\OneDrive\Рабочий стол\crud\client\src\states\Context\DashboardContext.js">
        <metrics statements="1" coveredstatements="1" conditionals="0" coveredconditionals="0" methods="0" coveredmethods="0"/>
        <line num="3" count="9" type="stmt"/>
      </file>
      <file name="userContext.js" path="C:\Users\artme\OneDrive\Рабочий стол\crud\client\src\states\Context\userContext.js">
        <metrics statements="1" coveredstatements="1" conditionals="0" coveredconditionals="0" methods="0" coveredmethods="0"/>
        <line num="3" count="10" type="stmt"/>
      </file>
    </package>
    <package name="src.states.Dashboard">
      <metrics statements="8" coveredstatements="7" conditionals="2" coveredconditionals="0" methods="3" coveredmethods="3"/>
      <file name="DashboardState.js" path="C:\Users\artme\OneDrive\Рабочий стол\crud\client\src\states\Dashboard\DashboardState.js">
        <metrics statements="8" coveredstatements="7" conditionals="2" coveredconditionals="0" methods="3" coveredmethods="3"/>
        <line num="8" count="4" type="stmt"/>
        <line num="9" count="6" type="stmt"/>
        <line num="11" count="4" type="stmt"/>
        <line num="13" count="4" type="stmt"/>
        <line num="14" count="1" type="stmt"/>
        <line num="16" count="1" type="cond" truecount="0" falsecount="2"/>
        <line num="17" count="0" type="stmt"/>
        <line num="24" count="4" type="stmt"/>
      </file>
    </package>
    <package name="src.states.Logic">
      <metrics statements="64" coveredstatements="34" conditionals="26" coveredconditionals="0" methods="16" coveredmethods="8"/>
      <file name="useAdmin.js" path="C:\Users\artme\OneDrive\Рабочий стол\crud\client\src\states\Logic\useAdmin.js">
        <metrics statements="18" coveredstatements="10" conditionals="8" coveredconditionals="0" methods="4" coveredmethods="3"/>
        <line num="7" count="26" type="stmt"/>
        <line num="8" count="26" type="stmt"/>
        <line num="10" count="26" type="stmt"/>
        <line num="11" count="1" type="stmt"/>
        <line num="13" count="1" type="cond" truecount="0" falsecount="2"/>
        <line num="14" count="0" type="stmt"/>
        <line num="21" count="26" type="stmt"/>
        <line num="22" count="0" type="stmt"/>
        <line num="26" count="0" type="stmt"/>
        <line num="28" count="0" type="cond" truecount="0" falsecount="2"/>
        <line num="29" count="0" type="cond" truecount="0" falsecount="2"/>
        <line num="30" count="0" type="stmt"/>
        <line num="32" count="0" type="stmt"/>
        <line num="37" count="26" type="stmt"/>
        <line num="38" count="3" type="stmt"/>
        <line num="40" count="3" type="cond" truecount="0" falsecount="2"/>
        <line num="41" count="0" type="stmt"/>
        <line num="45" count="26" type="stmt"/>
      </file>
      <file name="useProfile.js" path="C:\Users\artme\OneDrive\Рабочий стол\crud\client\src\states\Logic\useProfile.js">
        <metrics statements="20" coveredstatements="12" conditionals="8" coveredconditionals="0" methods="5" coveredmethods="3"/>
        <line num="8" count="26" type="stmt"/>
        <line num="9" count="26" type="stmt"/>
        <line num="11" count="26" type="stmt"/>
        <line num="13" count="26" type="stmt"/>
        <line num="14" count="0" type="stmt"/>
        <line num="18" count="0" type="cond" truecount="0" falsecount="2"/>
        <line num="19" count="0" type="stmt"/>
        <line num="23" count="26" type="stmt"/>
        <line num="24" count="1" type="stmt"/>
        <line num="28" count="1" type="cond" truecount="0" falsecount="2"/>
        <line num="29" count="0" type="stmt"/>
        <line num="36" count="26" type="stmt"/>
        <line num="37" count="0" type="stmt"/>
        <line num="39" count="0" type="cond" truecount="0" falsecount="2"/>
        <line num="40" count="0" type="stmt"/>
        <line num="44" count="26" type="stmt"/>
        <line num="45" count="1" type="stmt"/>
        <line num="47" count="1" type="cond" truecount="0" falsecount="2"/>
        <line num="48" count="0" type="stmt"/>
        <line num="52" count="26" type="stmt"/>
      </file>
      <file name="useUser.js" path="C:\Users\artme\OneDrive\Рабочий стол\crud\client\src\states\Logic\useUser.js">
        <metrics statements="26" coveredstatements="12" conditionals="10" coveredconditionals="0" methods="7" coveredmethods="2"/>
        <line num="8" count="26" type="stmt"/>
        <line num="10" count="26" type="stmt"/>
        <line num="11" count="26" type="stmt"/>
        <line num="13" count="26" type="stmt"/>
        <line num="14" count="0" type="stmt"/>
        <line num="16" count="0" type="cond" truecount="0" falsecount="2"/>
        <line num="17" count="0" type="stmt"/>
        <line num="21" count="26" type="stmt"/>
        <line num="22" count="0" type="stmt"/>
        <line num="24" count="0" type="cond" truecount="0" falsecount="2"/>
        <line num="25" count="0" type="stmt"/>
        <line num="29" count="26" type="stmt"/>
        <line num="30" count="0" type="stmt"/>
        <line num="33" count="26" type="stmt"/>
        <line num="34" count="1" type="stmt"/>
        <line num="38" count="1" type="cond" truecount="0" falsecount="2"/>
        <line num="39" count="0" type="stmt"/>
        <line num="46" count="26" type="stmt"/>
        <line num="47" count="0" type="stmt"/>
        <line num="51" count="0" type="cond" truecount="0" falsecount="2"/>
        <line num="52" count="0" type="stmt"/>
        <line num="59" count="26" type="stmt"/>
        <line num="60" count="0" type="stmt"/>
        <line num="64" count="0" type="cond" truecount="0" falsecount="2"/>
        <line num="65" count="0" type="stmt"/>
        <line num="69" count="26" type="stmt"/>
      </file>
    </package>
    <package name="src.states.user">
      <metrics statements="15" coveredstatements="13" conditionals="6" coveredconditionals="4" methods="4" coveredmethods="4"/>
      <file name="UserState.js" path="C:\Users\artme\OneDrive\Рабочий стол\crud\client\src\states\user\UserState.js">
        <metrics statements="15" coveredstatements="13" conditionals="6" coveredconditionals="4" methods="4" coveredmethods="4"/>
        <line num="11" count="38" type="stmt"/>
        <line num="13" count="26" type="stmt"/>
        <line num="16" count="26" type="stmt"/>
        <line num="18" count="26" type="stmt"/>
        <line num="20" count="26" type="stmt"/>
        <line num="24" count="26" type="stmt"/>
        <line num="27" count="26" type="stmt"/>
        <line num="32" count="26" type="stmt"/>
        <line num="33" count="12" type="cond" truecount="1" falsecount="1"/>
        <line num="34" count="0" type="stmt"/>
        <line num="40" count="26" type="stmt"/>
        <line num="41" count="26" type="cond" truecount="2" falsecount="0"/>
        <line num="42" count="7" type="cond" truecount="1" falsecount="1"/>
        <line num="43" count="0" type="stmt"/>
        <line num="51" count="26" type="stmt"/>
      </file>
    </package>
    <package name="tests.helpers">
      <metrics statements="3" coveredstatements="3" conditionals="3" coveredconditionals="3" methods="1" coveredmethods="1"/>
      <file name="componentsWithContext.js" path="C:\Users\artme\OneDrive\Рабочий стол\crud\client\tests\helpers\componentsWithContext.js">
        <metrics statements="3" coveredstatements="3" conditionals="3" coveredconditionals="3" methods="1" coveredmethods="1"/>
        <line num="11" count="8" type="cond" truecount="2" falsecount="0"/>
        <line num="12" count="7" type="stmt"/>
        <line num="23" count="1" type="stmt"/>
      </file>
    </package>
  </project>
</coverage>
