{"C:\\Users\\artme\\OneDrive\\Рабочий стол\\crud\\client\\src\\App.js": {"path":"C:\\Users\\artme\\OneDrive\\Рабочий стол\\crud\\client\\src\\App.js","statementMap":{"0":{"start":{"line":12,"column":4},"end":{"line":30,"column":5}}},"fnMap":{"0":{"name":"(anonymous_0)","decl":{"start":{"line":11,"column":15},"end":{"line":11,"column":16}},"loc":{"start":{"line":11,"column":21},"end":{"line":31,"column":1}},"line":11}},"branchMap":{},"s":{"0":1},"f":{"0":1},"b":{},"_coverageSchema":"1a1c01bbd47fc00a2c39e90264f33305004495a9","hash":"e85bfba1c9308704482fd7d529fdec2d33ceb6ae"}
,"C:\\Users\\artme\\OneDrive\\Рабочий стол\\crud\\client\\src\\components\\Alert\\Alert.js": {"path":"C:\\Users\\artme\\OneDrive\\Рабочий стол\\crud\\client\\src\\components\\Alert\\Alert.js","statementMap":{"0":{"start":{"line":6,"column":36},"end":{"line":6,"column":60}},"1":{"start":{"line":7,"column":16},"end":{"line":10,"column":5}},"2":{"start":{"line":12,"column":4},"end":{"line":21,"column":5}}},"fnMap":{"0":{"name":"(anonymous_0)","decl":{"start":{"line":5,"column":15},"end":{"line":5,"column":16}},"loc":{"start":{"line":5,"column":21},"end":{"line":22,"column":1}},"line":5}},"branchMap":{"0":{"loc":{"start":{"line":9,"column":8},"end":{"line":9,"column":37}},"type":"cond-expr","locations":[{"start":{"line":9,"column":18},"end":{"line":9,"column":32}},{"start":{"line":9,"column":35},"end":{"line":9,"column":37}}],"line":9}},"s":{"0":2,"1":2,"2":2},"f":{"0":2},"b":{"0":[0,2]},"_coverageSchema":"1a1c01bbd47fc00a2c39e90264f33305004495a9","hash":"23ceb0cd525a7c68e705b9e898a8046e29f6d27e"}
,"C:\\Users\\artme\\OneDrive\\Рабочий стол\\crud\\client\\src\\components\\Btn\\Btn.js": {"path":"C:\\Users\\artme\\OneDrive\\Рабочий стол\\crud\\client\\src\\components\\Btn\\Btn.js","statementMap":{"0":{"start":{"line":4,"column":16},"end":{"line":7,"column":5}},"1":{"start":{"line":9,"column":4},"end":{"line":13,"column":5}}},"fnMap":{"0":{"name":"(anonymous_0)","decl":{"start":{"line":3,"column":15},"end":{"line":3,"column":16}},"loc":{"start":{"line":3,"column":58},"end":{"line":14,"column":1}},"line":3}},"branchMap":{"0":{"loc":{"start":{"line":6,"column":8},"end":{"line":6,"column":37}},"type":"cond-expr","locations":[{"start":{"line":6,"column":19},"end":{"line":6,"column":32}},{"start":{"line":6,"column":35},"end":{"line":6,"column":37}}],"line":6}},"s":{"0":2,"1":2},"f":{"0":2},"b":{"0":[1,1]},"_coverageSchema":"1a1c01bbd47fc00a2c39e90264f33305004495a9","hash":"def863689376fe59a4da59cc1b484af397174e00"}
,"C:\\Users\\artme\\OneDrive\\Рабочий стол\\crud\\client\\src\\components\\Card\\Card.js": {"path":"C:\\Users\\artme\\OneDrive\\Рабочий стол\\crud\\client\\src\\components\\Card\\Card.js","statementMap":{"0":{"start":{"line":16,"column":4},"end":{"line":57,"column":5}},"1":{"start":{"line":17,"column":54},"end":{"line":17,"column":62}},"2":{"start":{"line":18,"column":8},"end":{"line":56,"column":9}},"3":{"start":{"line":59,"column":4},"end":{"line":80,"column":5}},"4":{"start":{"line":60,"column":34},"end":{"line":60,"column":42}},"5":{"start":{"line":61,"column":8},"end":{"line":79,"column":9}},"6":{"start":{"line":82,"column":4},"end":{"line":112,"column":5}},"7":{"start":{"line":83,"column":40},"end":{"line":83,"column":48}},"8":{"start":{"line":85,"column":8},"end":{"line":111,"column":9}},"9":{"start":{"line":114,"column":4},"end":{"line":193,"column":5}},"10":{"start":{"line":116,"column":32},"end":{"line":116,"column":55}},"11":{"start":{"line":118,"column":21},"end":{"line":118,"column":53}},"12":{"start":{"line":120,"column":20},"end":{"line":123,"column":9}},"13":{"start":{"line":126,"column":28},"end":{"line":129,"column":9}},"14":{"start":{"line":131,"column":30},"end":{"line":131,"column":86}},"15":{"start":{"line":133,"column":123},"end":{"line":133,"column":142}},"16":{"start":{"line":134,"column":119},"end":{"line":134,"column":138}},"17":{"start":{"line":136,"column":99},"end":{"line":136,"column":118}},"18":{"start":{"line":137,"column":115},"end":{"line":137,"column":134}},"19":{"start":{"line":139,"column":91},"end":{"line":139,"column":110}},"20":{"start":{"line":142,"column":78},"end":{"line":142,"column":155}},"21":{"start":{"line":143,"column":77},"end":{"line":143,"column":153}},"22":{"start":{"line":144,"column":63},"end":{"line":144,"column":140}},"23":{"start":{"line":147,"column":67},"end":{"line":147,"column":132}},"24":{"start":{"line":148,"column":75},"end":{"line":151,"column":10}},"25":{"start":{"line":153,"column":21},"end":{"line":160,"column":9}},"26":{"start":{"line":162,"column":28},"end":{"line":162,"column":127}},"27":{"start":{"line":164,"column":23},"end":{"line":167,"column":9}},"28":{"start":{"line":165,"column":12},"end":{"line":165,"column":32}},"29":{"start":{"line":166,"column":12},"end":{"line":166,"column":33}},"30":{"start":{"line":170,"column":8},"end":{"line":192,"column":9}},"31":{"start":{"line":195,"column":4},"end":{"line":254,"column":5}},"32":{"start":{"line":196,"column":33},"end":{"line":196,"column":56}},"33":{"start":{"line":198,"column":20},"end":{"line":201,"column":9}},"34":{"start":{"line":204,"column":28},"end":{"line":207,"column":9}},"35":{"start":{"line":209,"column":99},"end":{"line":209,"column":118}},"36":{"start":{"line":210,"column":111},"end":{"line":210,"column":130}},"37":{"start":{"line":211,"column":111},"end":{"line":211,"column":130}},"38":{"start":{"line":214,"column":67},"end":{"line":214,"column":134}},"39":{"start":{"line":215,"column":73},"end":{"line":215,"column":144}},"40":{"start":{"line":216,"column":73},"end":{"line":216,"column":144}},"41":{"start":{"line":218,"column":28},"end":{"line":218,"column":92}},"42":{"start":{"line":221,"column":21},"end":{"line":225,"column":9}},"43":{"start":{"line":228,"column":23},"end":{"line":231,"column":9}},"44":{"start":{"line":229,"column":12},"end":{"line":229,"column":33}},"45":{"start":{"line":230,"column":12},"end":{"line":230,"column":33}},"46":{"start":{"line":233,"column":8},"end":{"line":253,"column":9}},"47":{"start":{"line":256,"column":4},"end":{"line":316,"column":5}},"48":{"start":{"line":257,"column":38},"end":{"line":257,"column":61}},"49":{"start":{"line":259,"column":19},"end":{"line":259,"column":43}},"50":{"start":{"line":261,"column":20},"end":{"line":264,"column":9}},"51":{"start":{"line":267,"column":28},"end":{"line":270,"column":9}},"52":{"start":{"line":272,"column":99},"end":{"line":272,"column":118}},"53":{"start":{"line":273,"column":111},"end":{"line":273,"column":130}},"54":{"start":{"line":274,"column":111},"end":{"line":274,"column":130}},"55":{"start":{"line":277,"column":67},"end":{"line":277,"column":134}},"56":{"start":{"line":278,"column":73},"end":{"line":278,"column":144}},"57":{"start":{"line":279,"column":73},"end":{"line":279,"column":144}},"58":{"start":{"line":281,"column":28},"end":{"line":281,"column":92}},"59":{"start":{"line":284,"column":21},"end":{"line":288,"column":9}},"60":{"start":{"line":290,"column":23},"end":{"line":293,"column":9}},"61":{"start":{"line":291,"column":12},"end":{"line":291,"column":42}},"62":{"start":{"line":292,"column":12},"end":{"line":292,"column":33}},"63":{"start":{"line":295,"column":8},"end":{"line":315,"column":9}}},"fnMap":{"0":{"name":"(anonymous_0)","decl":{"start":{"line":9,"column":15},"end":{"line":9,"column":16}},"loc":{"start":{"line":15,"column":42},"end":{"line":317,"column":1}},"line":15},"1":{"name":"(anonymous_1)","decl":{"start":{"line":164,"column":23},"end":{"line":164,"column":24}},"loc":{"start":{"line":164,"column":29},"end":{"line":167,"column":9}},"line":164},"2":{"name":"(anonymous_2)","decl":{"start":{"line":228,"column":23},"end":{"line":228,"column":24}},"loc":{"start":{"line":228,"column":29},"end":{"line":231,"column":9}},"line":228},"3":{"name":"(anonymous_3)","decl":{"start":{"line":290,"column":23},"end":{"line":290,"column":24}},"loc":{"start":{"line":290,"column":29},"end":{"line":293,"column":9}},"line":290}},"branchMap":{"0":{"loc":{"start":{"line":9,"column":17},"end":{"line":9,"column":38}},"type":"default-arg","locations":[{"start":{"line":9,"column":24},"end":{"line":9,"column":38}}],"line":9},"1":{"loc":{"start":{"line":9,"column":48},"end":{"line":15,"column":1}},"type":"default-arg","locations":[{"start":{"line":9,"column":59},"end":{"line":15,"column":1}}],"line":9},"2":{"loc":{"start":{"line":16,"column":4},"end":{"line":57,"column":5}},"type":"if","locations":[{"start":{"line":16,"column":4},"end":{"line":57,"column":5}},{"start":{"line":16,"column":4},"end":{"line":57,"column":5}}],"line":16},"3":{"loc":{"start":{"line":19,"column":54},"end":{"line":19,"column":76}},"type":"cond-expr","locations":[{"start":{"line":19,"column":64},"end":{"line":19,"column":71}},{"start":{"line":19,"column":74},"end":{"line":19,"column":76}}],"line":19},"4":{"loc":{"start":{"line":59,"column":4},"end":{"line":80,"column":5}},"type":"if","locations":[{"start":{"line":59,"column":4},"end":{"line":80,"column":5}},{"start":{"line":59,"column":4},"end":{"line":80,"column":5}}],"line":59},"5":{"loc":{"start":{"line":62,"column":47},"end":{"line":62,"column":69}},"type":"cond-expr","locations":[{"start":{"line":62,"column":57},"end":{"line":62,"column":64}},{"start":{"line":62,"column":67},"end":{"line":62,"column":69}}],"line":62},"6":{"loc":{"start":{"line":82,"column":4},"end":{"line":112,"column":5}},"type":"if","locations":[{"start":{"line":82,"column":4},"end":{"line":112,"column":5}},{"start":{"line":82,"column":4},"end":{"line":112,"column":5}}],"line":82},"7":{"loc":{"start":{"line":86,"column":47},"end":{"line":86,"column":69}},"type":"cond-expr","locations":[{"start":{"line":86,"column":57},"end":{"line":86,"column":64}},{"start":{"line":86,"column":67},"end":{"line":86,"column":69}}],"line":86},"8":{"loc":{"start":{"line":114,"column":4},"end":{"line":193,"column":5}},"type":"if","locations":[{"start":{"line":114,"column":4},"end":{"line":193,"column":5}},{"start":{"line":114,"column":4},"end":{"line":193,"column":5}}],"line":114},"9":{"loc":{"start":{"line":118,"column":21},"end":{"line":118,"column":53}},"type":"cond-expr","locations":[{"start":{"line":118,"column":32},"end":{"line":118,"column":40}},{"start":{"line":118,"column":43},"end":{"line":118,"column":53}}],"line":118},"10":{"loc":{"start":{"line":122,"column":12},"end":{"line":122,"column":47}},"type":"cond-expr","locations":[{"start":{"line":122,"column":24},"end":{"line":122,"column":42}},{"start":{"line":122,"column":45},"end":{"line":122,"column":47}}],"line":122},"11":{"loc":{"start":{"line":172,"column":73},"end":{"line":172,"column":95}},"type":"cond-expr","locations":[{"start":{"line":172,"column":83},"end":{"line":172,"column":90}},{"start":{"line":172,"column":93},"end":{"line":172,"column":95}}],"line":172},"12":{"loc":{"start":{"line":183,"column":50},"end":{"line":183,"column":78}},"type":"cond-expr","locations":[{"start":{"line":183,"column":64},"end":{"line":183,"column":66}},{"start":{"line":183,"column":69},"end":{"line":183,"column":78}}],"line":183},"13":{"loc":{"start":{"line":195,"column":4},"end":{"line":254,"column":5}},"type":"if","locations":[{"start":{"line":195,"column":4},"end":{"line":254,"column":5}},{"start":{"line":195,"column":4},"end":{"line":254,"column":5}}],"line":195},"14":{"loc":{"start":{"line":200,"column":12},"end":{"line":200,"column":47}},"type":"cond-expr","locations":[{"start":{"line":200,"column":24},"end":{"line":200,"column":42}},{"start":{"line":200,"column":45},"end":{"line":200,"column":47}}],"line":200},"15":{"loc":{"start":{"line":235,"column":70},"end":{"line":235,"column":92}},"type":"cond-expr","locations":[{"start":{"line":235,"column":80},"end":{"line":235,"column":87}},{"start":{"line":235,"column":90},"end":{"line":235,"column":92}}],"line":235},"16":{"loc":{"start":{"line":244,"column":50},"end":{"line":244,"column":78}},"type":"cond-expr","locations":[{"start":{"line":244,"column":64},"end":{"line":244,"column":66}},{"start":{"line":244,"column":69},"end":{"line":244,"column":78}}],"line":244},"17":{"loc":{"start":{"line":256,"column":4},"end":{"line":316,"column":5}},"type":"if","locations":[{"start":{"line":256,"column":4},"end":{"line":316,"column":5}},{"start":{"line":256,"column":4},"end":{"line":316,"column":5}}],"line":256},"18":{"loc":{"start":{"line":259,"column":19},"end":{"line":259,"column":43}},"type":"cond-expr","locations":[{"start":{"line":259,"column":30},"end":{"line":259,"column":38}},{"start":{"line":259,"column":41},"end":{"line":259,"column":43}}],"line":259},"19":{"loc":{"start":{"line":263,"column":12},"end":{"line":263,"column":47}},"type":"cond-expr","locations":[{"start":{"line":263,"column":24},"end":{"line":263,"column":42}},{"start":{"line":263,"column":45},"end":{"line":263,"column":47}}],"line":263},"20":{"loc":{"start":{"line":297,"column":70},"end":{"line":297,"column":92}},"type":"cond-expr","locations":[{"start":{"line":297,"column":80},"end":{"line":297,"column":87}},{"start":{"line":297,"column":90},"end":{"line":297,"column":92}}],"line":297},"21":{"loc":{"start":{"line":306,"column":50},"end":{"line":306,"column":78}},"type":"cond-expr","locations":[{"start":{"line":306,"column":64},"end":{"line":306,"column":66}},{"start":{"line":306,"column":69},"end":{"line":306,"column":78}}],"line":306}},"s":{"0":1,"1":1,"2":1,"3":0,"4":0,"5":0,"6":0,"7":0,"8":0,"9":0,"10":0,"11":0,"12":0,"13":0,"14":0,"15":0,"16":0,"17":0,"18":0,"19":0,"20":0,"21":0,"22":0,"23":0,"24":0,"25":0,"26":0,"27":0,"28":0,"29":0,"30":0,"31":0,"32":0,"33":0,"34":0,"35":0,"36":0,"37":0,"38":0,"39":0,"40":0,"41":0,"42":0,"43":0,"44":0,"45":0,"46":0,"47":0,"48":0,"49":0,"50":0,"51":0,"52":0,"53":0,"54":0,"55":0,"56":0,"57":0,"58":0,"59":0,"60":0,"61":0,"62":0,"63":0},"f":{"0":1,"1":0,"2":0,"3":0},"b":{"0":[1],"1":[1],"2":[1,0],"3":[0,1],"4":[0,0],"5":[0,0],"6":[0,0],"7":[0,0],"8":[0,0],"9":[0,0],"10":[0,0],"11":[0,0],"12":[0,0],"13":[0,0],"14":[0,0],"15":[0,0],"16":[0,0],"17":[0,0],"18":[0,0],"19":[0,0],"20":[0,0],"21":[0,0]},"_coverageSchema":"1a1c01bbd47fc00a2c39e90264f33305004495a9","hash":"0f3b6f2cacbc839802352b128ef8c597c12b516f"}
,"C:\\Users\\artme\\OneDrive\\Рабочий стол\\crud\\client\\src\\components\\Controller\\Controller.js": {"path":"C:\\Users\\artme\\OneDrive\\Рабочий стол\\crud\\client\\src\\components\\Controller\\Controller.js","statementMap":{"0":{"start":{"line":5,"column":4},"end":{"line":11,"column":5}},"1":{"start":{"line":6,"column":8},"end":{"line":10,"column":9}},"2":{"start":{"line":13,"column":4},"end":{"line":15,"column":5}}},"fnMap":{"0":{"name":"(anonymous_0)","decl":{"start":{"line":3,"column":15},"end":{"line":3,"column":16}},"loc":{"start":{"line":3,"column":101},"end":{"line":16,"column":1}},"line":3}},"branchMap":{"0":{"loc":{"start":{"line":3,"column":72},"end":{"line":3,"column":95}},"type":"default-arg","locations":[{"start":{"line":3,"column":88},"end":{"line":3,"column":95}}],"line":3},"1":{"loc":{"start":{"line":5,"column":4},"end":{"line":11,"column":5}},"type":"if","locations":[{"start":{"line":5,"column":4},"end":{"line":11,"column":5}},{"start":{"line":5,"column":4},"end":{"line":11,"column":5}}],"line":5}},"s":{"0":3,"1":0,"2":3},"f":{"0":3},"b":{"0":[3],"1":[0,3]},"_coverageSchema":"1a1c01bbd47fc00a2c39e90264f33305004495a9","hash":"1ffe6d13a77312ccc0d654a4ef5a6fe1b049cbdb"}
,"C:\\Users\\artme\\OneDrive\\Рабочий стол\\crud\\client\\src\\components\\Loader\\Loader.js": {"path":"C:\\Users\\artme\\OneDrive\\Рабочий стол\\crud\\client\\src\\components\\Loader\\Loader.js","statementMap":{"0":{"start":{"line":4,"column":4},"end":{"line":8,"column":5}}},"fnMap":{"0":{"name":"(anonymous_0)","decl":{"start":{"line":3,"column":15},"end":{"line":3,"column":16}},"loc":{"start":{"line":3,"column":21},"end":{"line":9,"column":1}},"line":3}},"branchMap":{},"s":{"0":0},"f":{"0":0},"b":{},"_coverageSchema":"1a1c01bbd47fc00a2c39e90264f33305004495a9","hash":"3e0ce86e41b33f23ea7e0a9c35d93082e22eabb0"}
,"C:\\Users\\artme\\OneDrive\\Рабочий стол\\crud\\client\\src\\components\\Nav\\Nav.js": {"path":"C:\\Users\\artme\\OneDrive\\Рабочий стол\\crud\\client\\src\\components\\Nav\\Nav.js","statementMap":{"0":{"start":{"line":7,"column":35},"end":{"line":7,"column":58}},"1":{"start":{"line":8,"column":34},"end":{"line":8,"column":49}},"2":{"start":{"line":10,"column":19},"end":{"line":13,"column":5}},"3":{"start":{"line":15,"column":23},"end":{"line":18,"column":5}},"4":{"start":{"line":20,"column":23},"end":{"line":22,"column":5}},"5":{"start":{"line":21,"column":8},"end":{"line":21,"column":40}},"6":{"start":{"line":21,"column":30},"end":{"line":21,"column":38}},"7":{"start":{"line":24,"column":24},"end":{"line":87,"column":5}},"8":{"start":{"line":25,"column":8},"end":{"line":86,"column":9}},"9":{"start":{"line":26,"column":12},"end":{"line":70,"column":13}},"10":{"start":{"line":72,"column":12},"end":{"line":85,"column":13}},"11":{"start":{"line":90,"column":4},"end":{"line":102,"column":5}}},"fnMap":{"0":{"name":"(anonymous_0)","decl":{"start":{"line":6,"column":15},"end":{"line":6,"column":16}},"loc":{"start":{"line":6,"column":21},"end":{"line":105,"column":1}},"line":6},"1":{"name":"(anonymous_1)","decl":{"start":{"line":20,"column":23},"end":{"line":20,"column":24}},"loc":{"start":{"line":20,"column":29},"end":{"line":22,"column":5}},"line":20},"2":{"name":"(anonymous_2)","decl":{"start":{"line":21,"column":19},"end":{"line":21,"column":20}},"loc":{"start":{"line":21,"column":30},"end":{"line":21,"column":38}},"line":21},"3":{"name":"(anonymous_3)","decl":{"start":{"line":24,"column":24},"end":{"line":24,"column":25}},"loc":{"start":{"line":24,"column":30},"end":{"line":87,"column":5}},"line":24}},"branchMap":{"0":{"loc":{"start":{"line":12,"column":8},"end":{"line":12,"column":63}},"type":"cond-expr","locations":[{"start":{"line":12,"column":18},"end":{"line":12,"column":40}},{"start":{"line":12,"column":43},"end":{"line":12,"column":63}}],"line":12},"1":{"loc":{"start":{"line":17,"column":8},"end":{"line":17,"column":50}},"type":"cond-expr","locations":[{"start":{"line":17,"column":18},"end":{"line":17,"column":45}},{"start":{"line":17,"column":48},"end":{"line":17,"column":50}}],"line":17},"2":{"loc":{"start":{"line":25,"column":8},"end":{"line":86,"column":9}},"type":"if","locations":[{"start":{"line":25,"column":8},"end":{"line":86,"column":9}},{"start":{"line":25,"column":8},"end":{"line":86,"column":9}}],"line":25},"3":{"loc":{"start":{"line":33,"column":21},"end":{"line":40,"column":28}},"type":"cond-expr","locations":[{"start":{"line":34,"column":24},"end":{"line":38,"column":29}},{"start":{"line":40,"column":24},"end":{"line":40,"column":28}}],"line":33},"4":{"loc":{"start":{"line":47,"column":21},"end":{"line":54,"column":28}},"type":"cond-expr","locations":[{"start":{"line":48,"column":24},"end":{"line":52,"column":29}},{"start":{"line":54,"column":24},"end":{"line":54,"column":28}}],"line":47},"5":{"loc":{"start":{"line":56,"column":21},"end":{"line":63,"column":28}},"type":"cond-expr","locations":[{"start":{"line":57,"column":24},"end":{"line":61,"column":29}},{"start":{"line":63,"column":24},"end":{"line":63,"column":28}}],"line":56}},"s":{"0":1,"1":1,"2":1,"3":1,"4":1,"5":0,"6":0,"7":1,"8":1,"9":0,"10":1,"11":1},"f":{"0":1,"1":0,"2":0,"3":1},"b":{"0":[0,1],"1":[0,1],"2":[0,1],"3":[0,0],"4":[0,0],"5":[0,0]},"_coverageSchema":"1a1c01bbd47fc00a2c39e90264f33305004495a9","hash":"8e93718d919175baa4429b529602a38943952d69"}
,"C:\\Users\\artme\\OneDrive\\Рабочий стол\\crud\\client\\src\\components\\PageContainer\\PageConatiner.js": {"path":"C:\\Users\\artme\\OneDrive\\Рабочий стол\\crud\\client\\src\\components\\PageContainer\\PageConatiner.js","statementMap":{"0":{"start":{"line":15,"column":26},"end":{"line":15,"column":49}},"1":{"start":{"line":17,"column":4},"end":{"line":64,"column":5}},"2":{"start":{"line":18,"column":8},"end":{"line":50,"column":9}},"3":{"start":{"line":52,"column":8},"end":{"line":63,"column":9}}},"fnMap":{"0":{"name":"(anonymous_0)","decl":{"start":{"line":14,"column":15},"end":{"line":14,"column":16}},"loc":{"start":{"line":14,"column":21},"end":{"line":65,"column":1}},"line":14}},"branchMap":{"0":{"loc":{"start":{"line":17,"column":4},"end":{"line":64,"column":5}},"type":"if","locations":[{"start":{"line":17,"column":4},"end":{"line":64,"column":5}},{"start":{"line":17,"column":4},"end":{"line":64,"column":5}}],"line":17},"1":{"loc":{"start":{"line":23,"column":17},"end":{"line":28,"column":24}},"type":"cond-expr","locations":[{"start":{"line":24,"column":20},"end":{"line":26,"column":28}},{"start":{"line":28,"column":20},"end":{"line":28,"column":24}}],"line":23},"2":{"loc":{"start":{"line":33,"column":17},"end":{"line":38,"column":24}},"type":"cond-expr","locations":[{"start":{"line":34,"column":20},"end":{"line":36,"column":28}},{"start":{"line":38,"column":20},"end":{"line":38,"column":24}}],"line":33},"3":{"loc":{"start":{"line":41,"column":17},"end":{"line":46,"column":28}},"type":"cond-expr","locations":[{"start":{"line":42,"column":20},"end":{"line":44,"column":28}},{"start":{"line":46,"column":24},"end":{"line":46,"column":28}}],"line":41}},"s":{"0":1,"1":1,"2":0,"3":1},"f":{"0":1},"b":{"0":[0,1],"1":[0,0],"2":[0,0],"3":[0,0]},"_coverageSchema":"1a1c01bbd47fc00a2c39e90264f33305004495a9","hash":"028810afbdc4d04776ac4dd5439ad319e4d3d5ef"}
,"C:\\Users\\artme\\OneDrive\\Рабочий стол\\crud\\client\\src\\components\\checkBox\\Checkbox.js": {"path":"C:\\Users\\artme\\OneDrive\\Рабочий стол\\crud\\client\\src\\components\\checkBox\\Checkbox.js","statementMap":{"0":{"start":{"line":4,"column":16},"end":{"line":8,"column":5}},"1":{"start":{"line":10,"column":4},"end":{"line":21,"column":5}}},"fnMap":{"0":{"name":"(anonymous_0)","decl":{"start":{"line":3,"column":15},"end":{"line":3,"column":16}},"loc":{"start":{"line":3,"column":60},"end":{"line":22,"column":1}},"line":3}},"branchMap":{"0":{"loc":{"start":{"line":6,"column":8},"end":{"line":6,"column":38}},"type":"cond-expr","locations":[{"start":{"line":6,"column":16},"end":{"line":6,"column":33}},{"start":{"line":6,"column":36},"end":{"line":6,"column":38}}],"line":6}},"s":{"0":1,"1":1},"f":{"0":1},"b":{"0":[0,1]},"_coverageSchema":"1a1c01bbd47fc00a2c39e90264f33305004495a9","hash":"98e423144ef7c94b075d2cf08f70acd738754ae3"}
,"C:\\Users\\artme\\OneDrive\\Рабочий стол\\crud\\client\\src\\hooks\\authHook\\useAuthHook.js": {"path":"C:\\Users\\artme\\OneDrive\\Рабочий стол\\crud\\client\\src\\hooks\\authHook\\useAuthHook.js","statementMap":{"0":{"start":{"line":6,"column":24},"end":{"line":6,"column":35}},"1":{"start":{"line":9,"column":14},"end":{"line":9,"column":53}},"2":{"start":{"line":12,"column":21},"end":{"line":12,"column":34}},"3":{"start":{"line":13,"column":22},"end":{"line":13,"column":45}},"4":{"start":{"line":15,"column":33},"end":{"line":26,"column":5}},"5":{"start":{"line":16,"column":8},"end":{"line":19,"column":11}},"6":{"start":{"line":21,"column":29},"end":{"line":23,"column":9}},"7":{"start":{"line":25,"column":8},"end":{"line":25,"column":78}},"8":{"start":{"line":28,"column":25},"end":{"line":37,"column":5}},"9":{"start":{"line":29,"column":28},"end":{"line":29,"column":45}},"10":{"start":{"line":30,"column":25},"end":{"line":32,"column":10}},"11":{"start":{"line":34,"column":8},"end":{"line":36,"column":9}},"12":{"start":{"line":35,"column":12},"end":{"line":35,"column":54}},"13":{"start":{"line":39,"column":34},"end":{"line":45,"column":5}},"14":{"start":{"line":40,"column":8},"end":{"line":40,"column":51}},"15":{"start":{"line":42,"column":8},"end":{"line":44,"column":11}},"16":{"start":{"line":47,"column":4},"end":{"line":51,"column":9}},"17":{"start":{"line":48,"column":8},"end":{"line":50,"column":9}},"18":{"start":{"line":49,"column":12},"end":{"line":49,"column":32}},"19":{"start":{"line":53,"column":4},"end":{"line":55,"column":5}}},"fnMap":{"0":{"name":"(anonymous_0)","decl":{"start":{"line":11,"column":15},"end":{"line":11,"column":16}},"loc":{"start":{"line":11,"column":21},"end":{"line":56,"column":1}},"line":11},"1":{"name":"(anonymous_1)","decl":{"start":{"line":15,"column":33},"end":{"line":15,"column":34}},"loc":{"start":{"line":15,"column":42},"end":{"line":26,"column":5}},"line":15},"2":{"name":"(anonymous_2)","decl":{"start":{"line":28,"column":25},"end":{"line":28,"column":26}},"loc":{"start":{"line":28,"column":42},"end":{"line":37,"column":5}},"line":28},"3":{"name":"(anonymous_3)","decl":{"start":{"line":39,"column":34},"end":{"line":39,"column":35}},"loc":{"start":{"line":39,"column":40},"end":{"line":45,"column":5}},"line":39},"4":{"name":"(anonymous_4)","decl":{"start":{"line":47,"column":14},"end":{"line":47,"column":15}},"loc":{"start":{"line":47,"column":20},"end":{"line":51,"column":5}},"line":47}},"branchMap":{"0":{"loc":{"start":{"line":34,"column":8},"end":{"line":36,"column":9}},"type":"if","locations":[{"start":{"line":34,"column":8},"end":{"line":36,"column":9}},{"start":{"line":34,"column":8},"end":{"line":36,"column":9}}],"line":34},"1":{"loc":{"start":{"line":48,"column":8},"end":{"line":50,"column":9}},"type":"if","locations":[{"start":{"line":48,"column":8},"end":{"line":50,"column":9}},{"start":{"line":48,"column":8},"end":{"line":50,"column":9}}],"line":48}},"s":{"0":1,"1":1,"2":1,"3":1,"4":1,"5":0,"6":0,"7":0,"8":1,"9":0,"10":0,"11":0,"12":0,"13":1,"14":0,"15":0,"16":1,"17":1,"18":0,"19":1},"f":{"0":1,"1":0,"2":0,"3":0,"4":1},"b":{"0":[0,0],"1":[0,1]},"_coverageSchema":"1a1c01bbd47fc00a2c39e90264f33305004495a9","hash":"d97bfe19851942cf600136968f8191a77da82e6e"}
,"C:\\Users\\artme\\OneDrive\\Рабочий стол\\crud\\client\\src\\hooks\\useCheckbox\\useCheckBox.js": {"path":"C:\\Users\\artme\\OneDrive\\Рабочий стол\\crud\\client\\src\\hooks\\useCheckbox\\useCheckBox.js","statementMap":{"0":{"start":{"line":4,"column":32},"end":{"line":4,"column":47}},"1":{"start":{"line":6,"column":4},"end":{"line":9,"column":5}}},"fnMap":{"0":{"name":"(anonymous_0)","decl":{"start":{"line":3,"column":15},"end":{"line":3,"column":16}},"loc":{"start":{"line":3,"column":21},"end":{"line":10,"column":1}},"line":3}},"branchMap":{},"s":{"0":1,"1":1},"f":{"0":1},"b":{},"_coverageSchema":"1a1c01bbd47fc00a2c39e90264f33305004495a9","hash":"e6b4732dacdf50c1073ebb762b50fa646668e526"}
,"C:\\Users\\artme\\OneDrive\\Рабочий стол\\crud\\client\\src\\hooks\\useHttp\\HttpContext.js": {"path":"C:\\Users\\artme\\OneDrive\\Рабочий стол\\crud\\client\\src\\hooks\\useHttp\\HttpContext.js","statementMap":{"0":{"start":{"line":3,"column":27},"end":{"line":3,"column":42}}},"fnMap":{},"branchMap":{},"s":{"0":1},"f":{},"b":{},"_coverageSchema":"1a1c01bbd47fc00a2c39e90264f33305004495a9","hash":"f50f69eaf55c4efa1a0a28ff493640b34bffe308"}
,"C:\\Users\\artme\\OneDrive\\Рабочий стол\\crud\\client\\src\\hooks\\useHttp\\useHttp.js": {"path":"C:\\Users\\artme\\OneDrive\\Рабочий стол\\crud\\client\\src\\hooks\\useHttp\\useHttp.js","statementMap":{"0":{"start":{"line":7,"column":28},"end":{"line":7,"column":43}},"1":{"start":{"line":8,"column":37},"end":{"line":8,"column":51}},"2":{"start":{"line":9,"column":43},"end":{"line":9,"column":57}},"3":{"start":{"line":11,"column":26},"end":{"line":11,"column":50}},"4":{"start":{"line":13,"column":26},"end":{"line":16,"column":5}},"5":{"start":{"line":14,"column":8},"end":{"line":14,"column":41}},"6":{"start":{"line":15,"column":8},"end":{"line":15,"column":14}},"7":{"start":{"line":19,"column":4},"end":{"line":23,"column":27}},"8":{"start":{"line":20,"column":8},"end":{"line":22,"column":9}},"9":{"start":{"line":21,"column":12},"end":{"line":21,"column":70}},"10":{"start":{"line":25,"column":4},"end":{"line":29,"column":23}},"11":{"start":{"line":26,"column":8},"end":{"line":28,"column":9}},"12":{"start":{"line":27,"column":12},"end":{"line":27,"column":55}},"13":{"start":{"line":32,"column":20},"end":{"line":60,"column":5}},"14":{"start":{"line":33,"column":8},"end":{"line":59,"column":9}},"15":{"start":{"line":34,"column":12},"end":{"line":34,"column":26}},"16":{"start":{"line":36,"column":12},"end":{"line":39,"column":13}},"17":{"start":{"line":37,"column":16},"end":{"line":37,"column":61}},"18":{"start":{"line":38,"column":16},"end":{"line":38,"column":44}},"19":{"start":{"line":41,"column":24},"end":{"line":43,"column":14}},"20":{"start":{"line":44,"column":25},"end":{"line":44,"column":41}},"21":{"start":{"line":46,"column":12},"end":{"line":48,"column":13}},"22":{"start":{"line":47,"column":16},"end":{"line":47,"column":46}},"23":{"start":{"line":49,"column":12},"end":{"line":49,"column":27}},"24":{"start":{"line":50,"column":12},"end":{"line":50,"column":37}},"25":{"start":{"line":52,"column":12},"end":{"line":54,"column":13}},"26":{"start":{"line":57,"column":12},"end":{"line":57,"column":27}},"27":{"start":{"line":58,"column":12},"end":{"line":58,"column":32}},"28":{"start":{"line":62,"column":26},"end":{"line":65,"column":5}},"29":{"start":{"line":63,"column":8},"end":{"line":63,"column":21}},"30":{"start":{"line":64,"column":8},"end":{"line":64,"column":23}},"31":{"start":{"line":68,"column":4},"end":{"line":74,"column":5}}},"fnMap":{"0":{"name":"(anonymous_0)","decl":{"start":{"line":6,"column":15},"end":{"line":6,"column":16}},"loc":{"start":{"line":6,"column":31},"end":{"line":75,"column":1}},"line":6},"1":{"name":"(anonymous_1)","decl":{"start":{"line":13,"column":26},"end":{"line":13,"column":27}},"loc":{"start":{"line":13,"column":59},"end":{"line":16,"column":5}},"line":13},"2":{"name":"(anonymous_2)","decl":{"start":{"line":19,"column":14},"end":{"line":19,"column":15}},"loc":{"start":{"line":19,"column":20},"end":{"line":23,"column":5}},"line":19},"3":{"name":"(anonymous_3)","decl":{"start":{"line":25,"column":14},"end":{"line":25,"column":15}},"loc":{"start":{"line":25,"column":20},"end":{"line":29,"column":5}},"line":25},"4":{"name":"(anonymous_4)","decl":{"start":{"line":32,"column":20},"end":{"line":32,"column":21}},"loc":{"start":{"line":32,"column":77},"end":{"line":60,"column":5}},"line":32},"5":{"name":"(anonymous_5)","decl":{"start":{"line":62,"column":26},"end":{"line":62,"column":27}},"loc":{"start":{"line":62,"column":32},"end":{"line":65,"column":5}},"line":62}},"branchMap":{"0":{"loc":{"start":{"line":13,"column":40},"end":{"line":13,"column":54}},"type":"default-arg","locations":[{"start":{"line":13,"column":47},"end":{"line":13,"column":54}}],"line":13},"1":{"loc":{"start":{"line":20,"column":8},"end":{"line":22,"column":9}},"type":"if","locations":[{"start":{"line":20,"column":8},"end":{"line":22,"column":9}},{"start":{"line":20,"column":8},"end":{"line":22,"column":9}}],"line":20},"2":{"loc":{"start":{"line":26,"column":8},"end":{"line":28,"column":9}},"type":"if","locations":[{"start":{"line":26,"column":8},"end":{"line":28,"column":9}},{"start":{"line":26,"column":8},"end":{"line":28,"column":9}}],"line":26},"3":{"loc":{"start":{"line":32,"column":31},"end":{"line":32,"column":45}},"type":"default-arg","locations":[{"start":{"line":32,"column":40},"end":{"line":32,"column":45}}],"line":32},"4":{"loc":{"start":{"line":32,"column":47},"end":{"line":32,"column":58}},"type":"default-arg","locations":[{"start":{"line":32,"column":54},"end":{"line":32,"column":58}}],"line":32},"5":{"loc":{"start":{"line":32,"column":60},"end":{"line":32,"column":72}},"type":"default-arg","locations":[{"start":{"line":32,"column":70},"end":{"line":32,"column":72}}],"line":32},"6":{"loc":{"start":{"line":36,"column":12},"end":{"line":39,"column":13}},"type":"if","locations":[{"start":{"line":36,"column":12},"end":{"line":39,"column":13}},{"start":{"line":36,"column":12},"end":{"line":39,"column":13}}],"line":36},"7":{"loc":{"start":{"line":46,"column":12},"end":{"line":48,"column":13}},"type":"if","locations":[{"start":{"line":46,"column":12},"end":{"line":48,"column":13}},{"start":{"line":46,"column":12},"end":{"line":48,"column":13}}],"line":46}},"s":{"0":1,"1":1,"2":1,"3":1,"4":1,"5":0,"6":0,"7":1,"8":1,"9":0,"10":1,"11":1,"12":0,"13":1,"14":0,"15":0,"16":0,"17":0,"18":0,"19":0,"20":0,"21":0,"22":0,"23":0,"24":0,"25":0,"26":0,"27":0,"28":1,"29":0,"30":0,"31":1},"f":{"0":1,"1":0,"2":1,"3":1,"4":0,"5":0},"b":{"0":[0],"1":[0,1],"2":[0,1],"3":[0],"4":[0],"5":[0],"6":[0,0],"7":[0,0]},"_coverageSchema":"1a1c01bbd47fc00a2c39e90264f33305004495a9","hash":"303236fb53374c7be8d4c596e1509e7f1cd02e1f"}
,"C:\\Users\\artme\\OneDrive\\Рабочий стол\\crud\\client\\src\\hooks\\validation\\useFormValidator.js": {"path":"C:\\Users\\artme\\OneDrive\\Рабочий стол\\crud\\client\\src\\hooks\\validation\\useFormValidator.js","statementMap":{"0":{"start":{"line":2,"column":29},"end":{"line":2,"column":77}},"1":{"start":{"line":2,"column":60},"end":{"line":2,"column":76}},"2":{"start":{"line":4,"column":4},"end":{"line":8,"column":5}},"3":{"start":{"line":5,"column":8},"end":{"line":5,"column":20}},"4":{"start":{"line":7,"column":8},"end":{"line":7,"column":21}}},"fnMap":{"0":{"name":"(anonymous_0)","decl":{"start":{"line":1,"column":15},"end":{"line":1,"column":16}},"loc":{"start":{"line":1,"column":30},"end":{"line":9,"column":1}},"line":1},"1":{"name":"(anonymous_1)","decl":{"start":{"line":2,"column":41},"end":{"line":2,"column":42}},"loc":{"start":{"line":2,"column":60},"end":{"line":2,"column":76}},"line":2}},"branchMap":{"0":{"loc":{"start":{"line":4,"column":4},"end":{"line":8,"column":5}},"type":"if","locations":[{"start":{"line":4,"column":4},"end":{"line":8,"column":5}},{"start":{"line":4,"column":4},"end":{"line":8,"column":5}}],"line":4}},"s":{"0":1,"1":1,"2":1,"3":0,"4":1},"f":{"0":1,"1":1},"b":{"0":[0,1]},"_coverageSchema":"1a1c01bbd47fc00a2c39e90264f33305004495a9","hash":"06cd7326854657dab6cd261577c9bf711e15e526"}
,"C:\\Users\\artme\\OneDrive\\Рабочий стол\\crud\\client\\src\\hooks\\validation\\useInputValidator.js": {"path":"C:\\Users\\artme\\OneDrive\\Рабочий стол\\crud\\client\\src\\hooks\\validation\\useInputValidator.js","statementMap":{"0":{"start":{"line":4,"column":30},"end":{"line":4,"column":42}},"1":{"start":{"line":5,"column":35},"end":{"line":5,"column":50}},"2":{"start":{"line":7,"column":21},"end":{"line":9,"column":5}},"3":{"start":{"line":8,"column":8},"end":{"line":8,"column":33}},"4":{"start":{"line":11,"column":19},"end":{"line":13,"column":5}},"5":{"start":{"line":12,"column":8},"end":{"line":12,"column":28}},"6":{"start":{"line":15,"column":23},"end":{"line":18,"column":5}},"7":{"start":{"line":16,"column":8},"end":{"line":16,"column":29}},"8":{"start":{"line":17,"column":8},"end":{"line":17,"column":21}},"9":{"start":{"line":21,"column":4},"end":{"line":25,"column":5}}},"fnMap":{"0":{"name":"(anonymous_0)","decl":{"start":{"line":3,"column":15},"end":{"line":3,"column":16}},"loc":{"start":{"line":3,"column":21},"end":{"line":26,"column":1}},"line":3},"1":{"name":"(anonymous_1)","decl":{"start":{"line":7,"column":21},"end":{"line":7,"column":22}},"loc":{"start":{"line":7,"column":26},"end":{"line":9,"column":5}},"line":7},"2":{"name":"(anonymous_2)","decl":{"start":{"line":11,"column":19},"end":{"line":11,"column":20}},"loc":{"start":{"line":11,"column":25},"end":{"line":13,"column":5}},"line":11},"3":{"name":"(anonymous_3)","decl":{"start":{"line":15,"column":23},"end":{"line":15,"column":24}},"loc":{"start":{"line":15,"column":29},"end":{"line":18,"column":5}},"line":15}},"branchMap":{},"s":{"0":3,"1":3,"2":3,"3":0,"4":3,"5":0,"6":3,"7":0,"8":0,"9":3},"f":{"0":3,"1":0,"2":0,"3":0},"b":{},"_coverageSchema":"1a1c01bbd47fc00a2c39e90264f33305004495a9","hash":"5d5d0017d38e305f3f9f5c1abf6695d2300e3e29"}
,"C:\\Users\\artme\\OneDrive\\Рабочий стол\\crud\\client\\src\\hooks\\validation\\useValidation.js": {"path":"C:\\Users\\artme\\OneDrive\\Рабочий стол\\crud\\client\\src\\hooks\\validation\\useValidation.js","statementMap":{"0":{"start":{"line":7,"column":25},"end":{"line":7,"column":37}},"1":{"start":{"line":9,"column":32},"end":{"line":9,"column":47}},"2":{"start":{"line":10,"column":38},"end":{"line":10,"column":53}},"3":{"start":{"line":11,"column":36},"end":{"line":11,"column":51}},"4":{"start":{"line":14,"column":23},"end":{"line":14,"column":27}},"5":{"start":{"line":16,"column":4},"end":{"line":30,"column":23}},"6":{"start":{"line":17,"column":8},"end":{"line":29,"column":9}},"7":{"start":{"line":18,"column":12},"end":{"line":28,"column":13}},"8":{"start":{"line":20,"column":20},"end":{"line":21,"column":78}},"9":{"start":{"line":22,"column":20},"end":{"line":22,"column":26}},"10":{"start":{"line":24,"column":20},"end":{"line":24,"column":118}},"11":{"start":{"line":25,"column":20},"end":{"line":25,"column":26}},"12":{"start":{"line":27,"column":20},"end":{"line":27,"column":82}},"13":{"start":{"line":32,"column":32},"end":{"line":35,"column":5}},"14":{"start":{"line":37,"column":4},"end":{"line":39,"column":7}},"15":{"start":{"line":38,"column":8},"end":{"line":38,"column":70}},"16":{"start":{"line":41,"column":23},"end":{"line":49,"column":5}},"17":{"start":{"line":53,"column":4},"end":{"line":56,"column":5}}},"fnMap":{"0":{"name":"(anonymous_0)","decl":{"start":{"line":3,"column":15},"end":{"line":3,"column":16}},"loc":{"start":{"line":6,"column":6},"end":{"line":58,"column":1}},"line":6},"1":{"name":"(anonymous_1)","decl":{"start":{"line":16,"column":14},"end":{"line":16,"column":15}},"loc":{"start":{"line":16,"column":20},"end":{"line":30,"column":5}},"line":16},"2":{"name":"(anonymous_2)","decl":{"start":{"line":37,"column":42},"end":{"line":37,"column":43}},"loc":{"start":{"line":37,"column":54},"end":{"line":39,"column":5}},"line":37}},"branchMap":{"0":{"loc":{"start":{"line":3,"column":61},"end":{"line":6,"column":1}},"type":"default-arg","locations":[{"start":{"line":3,"column":80},"end":{"line":6,"column":1}}],"line":3},"1":{"loc":{"start":{"line":18,"column":12},"end":{"line":28,"column":13}},"type":"switch","locations":[{"start":{"line":19,"column":16},"end":{"line":22,"column":26}},{"start":{"line":23,"column":16},"end":{"line":25,"column":26}},{"start":{"line":26,"column":16},"end":{"line":27,"column":82}}],"line":18},"2":{"loc":{"start":{"line":20,"column":20},"end":{"line":21,"column":78}},"type":"cond-expr","locations":[{"start":{"line":21,"column":46},"end":{"line":21,"column":60}},{"start":{"line":21,"column":63},"end":{"line":21,"column":78}}],"line":20},"3":{"loc":{"start":{"line":24,"column":20},"end":{"line":24,"column":118}},"type":"cond-expr","locations":[{"start":{"line":24,"column":78},"end":{"line":24,"column":96}},{"start":{"line":24,"column":99},"end":{"line":24,"column":118}}],"line":24},"4":{"loc":{"start":{"line":27,"column":20},"end":{"line":27,"column":82}},"type":"cond-expr","locations":[{"start":{"line":27,"column":44},"end":{"line":27,"column":61}},{"start":{"line":27,"column":64},"end":{"line":27,"column":82}}],"line":27},"5":{"loc":{"start":{"line":38,"column":24},"end":{"line":38,"column":69}},"type":"binary-expr","locations":[{"start":{"line":38,"column":24},"end":{"line":38,"column":36}},{"start":{"line":38,"column":40},"end":{"line":38,"column":69}}],"line":38},"6":{"loc":{"start":{"line":43,"column":8},"end":{"line":48,"column":12}},"type":"cond-expr","locations":[{"start":{"line":44,"column":12},"end":{"line":47,"column":42}},{"start":{"line":48,"column":10},"end":{"line":48,"column":12}}],"line":43},"7":{"loc":{"start":{"line":44,"column":12},"end":{"line":47,"column":42}},"type":"cond-expr","locations":[{"start":{"line":45,"column":16},"end":{"line":45,"column":38}},{"start":{"line":47,"column":16},"end":{"line":47,"column":42}}],"line":44}},"s":{"0":3,"1":3,"2":3,"3":3,"4":3,"5":3,"6":3,"7":3,"8":1,"9":1,"10":2,"11":2,"12":0,"13":3,"14":3,"15":3,"16":3,"17":3},"f":{"0":3,"1":3,"2":3},"b":{"0":[3],"1":[1,2,0],"2":[0,1],"3":[0,2],"4":[0,0],"5":[3,3],"6":[0,3],"7":[0,0]},"_coverageSchema":"1a1c01bbd47fc00a2c39e90264f33305004495a9","hash":"95417ae488a654eabb59075e75e6ed5970e2d931"}
,"C:\\Users\\artme\\OneDrive\\Рабочий стол\\crud\\client\\src\\pages\\AllProfilesPage.js": {"path":"C:\\Users\\artme\\OneDrive\\Рабочий стол\\crud\\client\\src\\pages\\AllProfilesPage.js","statementMap":{"0":{"start":{"line":9,"column":51},"end":{"line":9,"column":74}},"1":{"start":{"line":10,"column":54},"end":{"line":10,"column":69}},"2":{"start":{"line":11,"column":34},"end":{"line":11,"column":48}},"3":{"start":{"line":13,"column":19},"end":{"line":13,"column":42}},"4":{"start":{"line":15,"column":4},"end":{"line":17,"column":11}},"5":{"start":{"line":16,"column":8},"end":{"line":16,"column":22}},"6":{"start":{"line":20,"column":4},"end":{"line":22,"column":5}},"7":{"start":{"line":21,"column":8},"end":{"line":21,"column":24}},"8":{"start":{"line":24,"column":34},"end":{"line":27,"column":5}},"9":{"start":{"line":25,"column":8},"end":{"line":25,"column":25}},"10":{"start":{"line":26,"column":8},"end":{"line":26,"column":35}},"11":{"start":{"line":29,"column":28},"end":{"line":31,"column":5}},"12":{"start":{"line":30,"column":8},"end":{"line":30,"column":36}},"13":{"start":{"line":33,"column":27},"end":{"line":56,"column":5}},"14":{"start":{"line":34,"column":8},"end":{"line":54,"column":13}},"15":{"start":{"line":35,"column":16},"end":{"line":53,"column":17}},"16":{"start":{"line":36,"column":20},"end":{"line":36,"column":47}},"17":{"start":{"line":38,"column":20},"end":{"line":52,"column":23}},"18":{"start":{"line":39,"column":24},"end":{"line":51,"column":25}},"19":{"start":{"line":59,"column":4},"end":{"line":69,"column":5}}},"fnMap":{"0":{"name":"(anonymous_0)","decl":{"start":{"line":8,"column":15},"end":{"line":8,"column":16}},"loc":{"start":{"line":8,"column":21},"end":{"line":70,"column":1}},"line":8},"1":{"name":"(anonymous_1)","decl":{"start":{"line":15,"column":14},"end":{"line":15,"column":15}},"loc":{"start":{"line":15,"column":20},"end":{"line":17,"column":5}},"line":15},"2":{"name":"(anonymous_2)","decl":{"start":{"line":24,"column":34},"end":{"line":24,"column":35}},"loc":{"start":{"line":24,"column":42},"end":{"line":27,"column":5}},"line":24},"3":{"name":"(anonymous_3)","decl":{"start":{"line":29,"column":28},"end":{"line":29,"column":29}},"loc":{"start":{"line":29,"column":34},"end":{"line":31,"column":5}},"line":29},"4":{"name":"(anonymous_4)","decl":{"start":{"line":33,"column":27},"end":{"line":33,"column":28}},"loc":{"start":{"line":33,"column":33},"end":{"line":56,"column":5}},"line":33},"5":{"name":"(anonymous_5)","decl":{"start":{"line":38,"column":40},"end":{"line":38,"column":41}},"loc":{"start":{"line":38,"column":48},"end":{"line":52,"column":21}},"line":38}},"branchMap":{"0":{"loc":{"start":{"line":20,"column":4},"end":{"line":22,"column":5}},"type":"if","locations":[{"start":{"line":20,"column":4},"end":{"line":22,"column":5}},{"start":{"line":20,"column":4},"end":{"line":22,"column":5}}],"line":20},"1":{"loc":{"start":{"line":34,"column":8},"end":{"line":54,"column":13}},"type":"if","locations":[{"start":{"line":34,"column":8},"end":{"line":54,"column":13}},{"start":{"line":34,"column":8},"end":{"line":54,"column":13}}],"line":34},"2":{"loc":{"start":{"line":35,"column":16},"end":{"line":53,"column":17}},"type":"if","locations":[{"start":{"line":35,"column":16},"end":{"line":53,"column":17}},{"start":{"line":35,"column":16},"end":{"line":53,"column":17}}],"line":35}},"s":{"0":0,"1":0,"2":0,"3":0,"4":0,"5":0,"6":0,"7":0,"8":0,"9":0,"10":0,"11":0,"12":0,"13":0,"14":0,"15":0,"16":0,"17":0,"18":0,"19":0},"f":{"0":0,"1":0,"2":0,"3":0,"4":0,"5":0},"b":{"0":[0,0],"1":[0,0],"2":[0,0]},"_coverageSchema":"1a1c01bbd47fc00a2c39e90264f33305004495a9","hash":"adda743be0ac0dea0589915869c3b19dc8ebff8a"}
,"C:\\Users\\artme\\OneDrive\\Рабочий стол\\crud\\client\\src\\pages\\AllUser.js": {"path":"C:\\Users\\artme\\OneDrive\\Рабочий стол\\crud\\client\\src\\pages\\AllUser.js","statementMap":{"0":{"start":{"line":10,"column":53},"end":{"line":10,"column":76}},"1":{"start":{"line":12,"column":54},"end":{"line":12,"column":69}},"2":{"start":{"line":13,"column":34},"end":{"line":13,"column":48}},"3":{"start":{"line":15,"column":34},"end":{"line":18,"column":5}},"4":{"start":{"line":16,"column":8},"end":{"line":16,"column":25}},"5":{"start":{"line":17,"column":8},"end":{"line":17,"column":35}},"6":{"start":{"line":20,"column":28},"end":{"line":22,"column":5}},"7":{"start":{"line":21,"column":8},"end":{"line":21,"column":36}},"8":{"start":{"line":24,"column":27},"end":{"line":42,"column":5}},"9":{"start":{"line":25,"column":8},"end":{"line":40,"column":13}},"10":{"start":{"line":26,"column":16},"end":{"line":39,"column":17}},"11":{"start":{"line":27,"column":20},"end":{"line":27,"column":44}},"12":{"start":{"line":29,"column":20},"end":{"line":38,"column":23}},"13":{"start":{"line":30,"column":24},"end":{"line":37,"column":31}},"14":{"start":{"line":44,"column":19},"end":{"line":44,"column":42}},"15":{"start":{"line":46,"column":4},"end":{"line":48,"column":10}},"16":{"start":{"line":47,"column":8},"end":{"line":47,"column":21}},"17":{"start":{"line":50,"column":4},"end":{"line":52,"column":5}},"18":{"start":{"line":51,"column":8},"end":{"line":51,"column":24}},"19":{"start":{"line":54,"column":4},"end":{"line":66,"column":5}}},"fnMap":{"0":{"name":"(anonymous_0)","decl":{"start":{"line":9,"column":15},"end":{"line":9,"column":16}},"loc":{"start":{"line":9,"column":21},"end":{"line":67,"column":1}},"line":9},"1":{"name":"(anonymous_1)","decl":{"start":{"line":15,"column":34},"end":{"line":15,"column":35}},"loc":{"start":{"line":15,"column":42},"end":{"line":18,"column":5}},"line":15},"2":{"name":"(anonymous_2)","decl":{"start":{"line":20,"column":28},"end":{"line":20,"column":29}},"loc":{"start":{"line":20,"column":34},"end":{"line":22,"column":5}},"line":20},"3":{"name":"(anonymous_3)","decl":{"start":{"line":24,"column":27},"end":{"line":24,"column":28}},"loc":{"start":{"line":24,"column":33},"end":{"line":42,"column":5}},"line":24},"4":{"name":"(anonymous_4)","decl":{"start":{"line":29,"column":45},"end":{"line":29,"column":46}},"loc":{"start":{"line":29,"column":53},"end":{"line":38,"column":21}},"line":29},"5":{"name":"(anonymous_5)","decl":{"start":{"line":46,"column":14},"end":{"line":46,"column":15}},"loc":{"start":{"line":46,"column":20},"end":{"line":48,"column":5}},"line":46}},"branchMap":{"0":{"loc":{"start":{"line":25,"column":8},"end":{"line":40,"column":13}},"type":"if","locations":[{"start":{"line":25,"column":8},"end":{"line":40,"column":13}},{"start":{"line":25,"column":8},"end":{"line":40,"column":13}}],"line":25},"1":{"loc":{"start":{"line":26,"column":16},"end":{"line":39,"column":17}},"type":"if","locations":[{"start":{"line":26,"column":16},"end":{"line":39,"column":17}},{"start":{"line":26,"column":16},"end":{"line":39,"column":17}}],"line":26},"2":{"loc":{"start":{"line":50,"column":4},"end":{"line":52,"column":5}},"type":"if","locations":[{"start":{"line":50,"column":4},"end":{"line":52,"column":5}},{"start":{"line":50,"column":4},"end":{"line":52,"column":5}}],"line":50}},"s":{"0":0,"1":0,"2":0,"3":0,"4":0,"5":0,"6":0,"7":0,"8":0,"9":0,"10":0,"11":0,"12":0,"13":0,"14":0,"15":0,"16":0,"17":0,"18":0,"19":0},"f":{"0":0,"1":0,"2":0,"3":0,"4":0,"5":0},"b":{"0":[0,0],"1":[0,0],"2":[0,0]},"_coverageSchema":"1a1c01bbd47fc00a2c39e90264f33305004495a9","hash":"44674dc18bfa27b5b2fa3d377fe89822dbbad7c7"}
,"C:\\Users\\artme\\OneDrive\\Рабочий стол\\crud\\client\\src\\pages\\CreateProfilePage.js": {"path":"C:\\Users\\artme\\OneDrive\\Рабочий стол\\crud\\client\\src\\pages\\CreateProfilePage.js","statementMap":{"0":{"start":{"line":12,"column":28},"end":{"line":12,"column":51}},"1":{"start":{"line":14,"column":24},"end":{"line":17,"column":5}},"2":{"start":{"line":19,"column":26},"end":{"line":19,"column":82}},"3":{"start":{"line":21,"column":119},"end":{"line":21,"column":138}},"4":{"start":{"line":22,"column":115},"end":{"line":22,"column":134}},"5":{"start":{"line":24,"column":95},"end":{"line":24,"column":114}},"6":{"start":{"line":25,"column":111},"end":{"line":25,"column":130}},"7":{"start":{"line":27,"column":87},"end":{"line":27,"column":106}},"8":{"start":{"line":30,"column":74},"end":{"line":30,"column":151}},"9":{"start":{"line":31,"column":73},"end":{"line":31,"column":149}},"10":{"start":{"line":33,"column":63},"end":{"line":33,"column":128}},"11":{"start":{"line":34,"column":71},"end":{"line":37,"column":6}},"12":{"start":{"line":39,"column":59},"end":{"line":39,"column":137}},"13":{"start":{"line":41,"column":24},"end":{"line":41,"column":123}},"14":{"start":{"line":43,"column":23},"end":{"line":49,"column":5}},"15":{"start":{"line":51,"column":4},"end":{"line":69,"column":5}}},"fnMap":{"0":{"name":"(anonymous_0)","decl":{"start":{"line":11,"column":15},"end":{"line":11,"column":16}},"loc":{"start":{"line":11,"column":21},"end":{"line":70,"column":1}},"line":11}},"branchMap":{},"s":{"0":0,"1":0,"2":0,"3":0,"4":0,"5":0,"6":0,"7":0,"8":0,"9":0,"10":0,"11":0,"12":0,"13":0,"14":0,"15":0},"f":{"0":0},"b":{},"_coverageSchema":"1a1c01bbd47fc00a2c39e90264f33305004495a9","hash":"13a9f44a1357cc68baef7661c413d37ef9253302"}
,"C:\\Users\\artme\\OneDrive\\Рабочий стол\\crud\\client\\src\\pages\\Dashboard.js": {"path":"C:\\Users\\artme\\OneDrive\\Рабочий стол\\crud\\client\\src\\pages\\Dashboard.js","statementMap":{"0":{"start":{"line":7,"column":82},"end":{"line":7,"column":109}},"1":{"start":{"line":8,"column":19},"end":{"line":8,"column":42}},"2":{"start":{"line":10,"column":4},"end":{"line":12,"column":10}},"3":{"start":{"line":11,"column":8},"end":{"line":11,"column":27}},"4":{"start":{"line":14,"column":4},"end":{"line":16,"column":5}},"5":{"start":{"line":15,"column":8},"end":{"line":15,"column":24}},"6":{"start":{"line":18,"column":4},"end":{"line":50,"column":5}}},"fnMap":{"0":{"name":"(anonymous_0)","decl":{"start":{"line":6,"column":15},"end":{"line":6,"column":16}},"loc":{"start":{"line":6,"column":21},"end":{"line":51,"column":1}},"line":6},"1":{"name":"(anonymous_1)","decl":{"start":{"line":10,"column":14},"end":{"line":10,"column":15}},"loc":{"start":{"line":10,"column":20},"end":{"line":12,"column":5}},"line":10}},"branchMap":{"0":{"loc":{"start":{"line":14,"column":4},"end":{"line":16,"column":5}},"type":"if","locations":[{"start":{"line":14,"column":4},"end":{"line":16,"column":5}},{"start":{"line":14,"column":4},"end":{"line":16,"column":5}}],"line":14}},"s":{"0":0,"1":0,"2":0,"3":0,"4":0,"5":0,"6":0},"f":{"0":0,"1":0},"b":{"0":[0,0]},"_coverageSchema":"1a1c01bbd47fc00a2c39e90264f33305004495a9","hash":"7c1b97c9f4ab14d442bc823530f0672ba8b7c1cd"}
,"C:\\Users\\artme\\OneDrive\\Рабочий стол\\crud\\client\\src\\pages\\Login.js": {"path":"C:\\Users\\artme\\OneDrive\\Рабочий стол\\crud\\client\\src\\pages\\Login.js","statementMap":{"0":{"start":{"line":11,"column":20},"end":{"line":11,"column":43}},"1":{"start":{"line":13,"column":24},"end":{"line":16,"column":5}},"2":{"start":{"line":18,"column":107},"end":{"line":18,"column":126}},"3":{"start":{"line":19,"column":107},"end":{"line":19,"column":126}},"4":{"start":{"line":22,"column":69},"end":{"line":22,"column":140}},"5":{"start":{"line":23,"column":69},"end":{"line":23,"column":140}},"6":{"start":{"line":25,"column":24},"end":{"line":25,"column":74}},"7":{"start":{"line":27,"column":25},"end":{"line":30,"column":5}},"8":{"start":{"line":34,"column":4},"end":{"line":51,"column":5}}},"fnMap":{"0":{"name":"(anonymous_0)","decl":{"start":{"line":10,"column":15},"end":{"line":10,"column":16}},"loc":{"start":{"line":10,"column":21},"end":{"line":52,"column":1}},"line":10}},"branchMap":{},"s":{"0":0,"1":0,"2":0,"3":0,"4":0,"5":0,"6":0,"7":0,"8":0},"f":{"0":0},"b":{},"_coverageSchema":"1a1c01bbd47fc00a2c39e90264f33305004495a9","hash":"f6c44d043308f1c8719e854f04ecd305a16d3bda"}
,"C:\\Users\\artme\\OneDrive\\Рабочий стол\\crud\\client\\src\\pages\\Register.js": {"path":"C:\\Users\\artme\\OneDrive\\Рабочий стол\\crud\\client\\src\\pages\\Register.js","statementMap":{"0":{"start":{"line":14,"column":23},"end":{"line":14,"column":46}},"1":{"start":{"line":16,"column":39},"end":{"line":16,"column":52}},"2":{"start":{"line":18,"column":24},"end":{"line":21,"column":5}},"3":{"start":{"line":23,"column":95},"end":{"line":23,"column":114}},"4":{"start":{"line":24,"column":107},"end":{"line":24,"column":126}},"5":{"start":{"line":25,"column":107},"end":{"line":25,"column":126}},"6":{"start":{"line":28,"column":63},"end":{"line":28,"column":130}},"7":{"start":{"line":29,"column":69},"end":{"line":29,"column":140}},"8":{"start":{"line":30,"column":69},"end":{"line":30,"column":140}},"9":{"start":{"line":32,"column":24},"end":{"line":32,"column":88}},"10":{"start":{"line":34,"column":25},"end":{"line":39,"column":5}},"11":{"start":{"line":43,"column":4},"end":{"line":64,"column":5}},"12":{"start":{"line":52,"column":124},"end":{"line":52,"column":129}}},"fnMap":{"0":{"name":"(anonymous_0)","decl":{"start":{"line":13,"column":15},"end":{"line":13,"column":16}},"loc":{"start":{"line":13,"column":21},"end":{"line":65,"column":1}},"line":13},"1":{"name":"(anonymous_1)","decl":{"start":{"line":52,"column":116},"end":{"line":52,"column":117}},"loc":{"start":{"line":52,"column":124},"end":{"line":52,"column":129}},"line":52}},"branchMap":{},"s":{"0":1,"1":1,"2":1,"3":1,"4":1,"5":1,"6":1,"7":1,"8":1,"9":1,"10":1,"11":1,"12":0},"f":{"0":1,"1":0},"b":{},"_coverageSchema":"1a1c01bbd47fc00a2c39e90264f33305004495a9","hash":"d3ddbdc9c47ff09cc2376da203a031cccb2e4f5e"}
,"C:\\Users\\artme\\OneDrive\\Рабочий стол\\crud\\client\\src\\pages\\UserInfo.js": {"path":"C:\\Users\\artme\\OneDrive\\Рабочий стол\\crud\\client\\src\\pages\\UserInfo.js","statementMap":{"0":{"start":{"line":9,"column":36},"end":{"line":9,"column":59}},"1":{"start":{"line":10,"column":19},"end":{"line":10,"column":42}},"2":{"start":{"line":12,"column":52},"end":{"line":12,"column":67}},"3":{"start":{"line":14,"column":4},"end":{"line":16,"column":11}},"4":{"start":{"line":15,"column":8},"end":{"line":15,"column":22}},"5":{"start":{"line":18,"column":4},"end":{"line":20,"column":5}},"6":{"start":{"line":19,"column":8},"end":{"line":19,"column":24}},"7":{"start":{"line":22,"column":4},"end":{"line":37,"column":5}}},"fnMap":{"0":{"name":"(anonymous_0)","decl":{"start":{"line":8,"column":15},"end":{"line":8,"column":16}},"loc":{"start":{"line":8,"column":21},"end":{"line":38,"column":1}},"line":8},"1":{"name":"(anonymous_1)","decl":{"start":{"line":14,"column":14},"end":{"line":14,"column":15}},"loc":{"start":{"line":14,"column":20},"end":{"line":16,"column":5}},"line":14}},"branchMap":{"0":{"loc":{"start":{"line":18,"column":4},"end":{"line":20,"column":5}},"type":"if","locations":[{"start":{"line":18,"column":4},"end":{"line":20,"column":5}},{"start":{"line":18,"column":4},"end":{"line":20,"column":5}}],"line":18},"1":{"loc":{"start":{"line":28,"column":50},"end":{"line":28,"column":100}},"type":"cond-expr","locations":[{"start":{"line":28,"column":61},"end":{"line":28,"column":69}},{"start":{"line":28,"column":72},"end":{"line":28,"column":100}}],"line":28}},"s":{"0":0,"1":0,"2":0,"3":0,"4":0,"5":0,"6":0,"7":0},"f":{"0":0,"1":0},"b":{"0":[0,0],"1":[0,0]},"_coverageSchema":"1a1c01bbd47fc00a2c39e90264f33305004495a9","hash":"55db140d3e8dd2bebd4c0cfa79b36bf6cf46f3ef"}
,"C:\\Users\\artme\\OneDrive\\Рабочий стол\\crud\\client\\src\\redux\\actions\\actionTypes.js": {"path":"C:\\Users\\artme\\OneDrive\\Рабочий стол\\crud\\client\\src\\redux\\actions\\actionTypes.js","statementMap":{"0":{"start":{"line":1,"column":37},"end":{"line":1,"column":44}},"1":{"start":{"line":2,"column":37},"end":{"line":2,"column":47}},"2":{"start":{"line":3,"column":37},"end":{"line":3,"column":46}},"3":{"start":{"line":4,"column":37},"end":{"line":4,"column":60}},"4":{"start":{"line":5,"column":37},"end":{"line":5,"column":53}},"5":{"start":{"line":6,"column":37},"end":{"line":6,"column":53}},"6":{"start":{"line":7,"column":37},"end":{"line":7,"column":57}},"7":{"start":{"line":10,"column":37},"end":{"line":10,"column":58}}},"fnMap":{},"branchMap":{},"s":{"0":1,"1":1,"2":1,"3":1,"4":1,"5":1,"6":1,"7":1},"f":{},"b":{},"_coverageSchema":"1a1c01bbd47fc00a2c39e90264f33305004495a9","hash":"a98084aef2524363a3debc6486c10943b309866c"}
,"C:\\Users\\artme\\OneDrive\\Рабочий стол\\crud\\client\\src\\redux\\reducers\\Dashboard.js": {"path":"C:\\Users\\artme\\OneDrive\\Рабочий стол\\crud\\client\\src\\redux\\reducers\\Dashboard.js","statementMap":{"0":{"start":{"line":3,"column":21},"end":{"line":7,"column":1}},"1":{"start":{"line":10,"column":4},"end":{"line":20,"column":5}},"2":{"start":{"line":12,"column":12},"end":{"line":17,"column":13}},"3":{"start":{"line":19,"column":12},"end":{"line":19,"column":25}}},"fnMap":{"0":{"name":"(anonymous_0)","decl":{"start":{"line":9,"column":15},"end":{"line":9,"column":16}},"loc":{"start":{"line":9,"column":58},"end":{"line":21,"column":1}},"line":9}},"branchMap":{"0":{"loc":{"start":{"line":9,"column":16},"end":{"line":9,"column":36}},"type":"default-arg","locations":[{"start":{"line":9,"column":24},"end":{"line":9,"column":36}}],"line":9},"1":{"loc":{"start":{"line":10,"column":4},"end":{"line":20,"column":5}},"type":"switch","locations":[{"start":{"line":11,"column":8},"end":{"line":17,"column":13}},{"start":{"line":18,"column":8},"end":{"line":19,"column":25}}],"line":10}},"s":{"0":1,"1":3,"2":0,"3":3},"f":{"0":3},"b":{"0":[3],"1":[0,3]},"_coverageSchema":"1a1c01bbd47fc00a2c39e90264f33305004495a9","hash":"309f6bac22d77500329aea3a97e585297561baf1"}
,"C:\\Users\\artme\\OneDrive\\Рабочий стол\\crud\\client\\src\\redux\\reducers\\User.js": {"path":"C:\\Users\\artme\\OneDrive\\Рабочий стол\\crud\\client\\src\\redux\\reducers\\User.js","statementMap":{"0":{"start":{"line":3,"column":21},"end":{"line":10,"column":1}},"1":{"start":{"line":13,"column":4},"end":{"line":51,"column":5}},"2":{"start":{"line":15,"column":12},"end":{"line":15,"column":25}},"3":{"start":{"line":17,"column":12},"end":{"line":21,"column":13}},"4":{"start":{"line":23,"column":12},"end":{"line":27,"column":13}},"5":{"start":{"line":29,"column":12},"end":{"line":32,"column":13}},"6":{"start":{"line":34,"column":12},"end":{"line":37,"column":13}},"7":{"start":{"line":40,"column":12},"end":{"line":43,"column":13}},"8":{"start":{"line":45,"column":12},"end":{"line":48,"column":13}},"9":{"start":{"line":50,"column":12},"end":{"line":50,"column":25}}},"fnMap":{"0":{"name":"(anonymous_0)","decl":{"start":{"line":12,"column":15},"end":{"line":12,"column":16}},"loc":{"start":{"line":12,"column":58},"end":{"line":52,"column":1}},"line":12}},"branchMap":{"0":{"loc":{"start":{"line":12,"column":16},"end":{"line":12,"column":36}},"type":"default-arg","locations":[{"start":{"line":12,"column":24},"end":{"line":12,"column":36}}],"line":12},"1":{"loc":{"start":{"line":13,"column":4},"end":{"line":51,"column":5}},"type":"switch","locations":[{"start":{"line":14,"column":8},"end":{"line":15,"column":25}},{"start":{"line":16,"column":8},"end":{"line":21,"column":13}},{"start":{"line":22,"column":8},"end":{"line":27,"column":13}},{"start":{"line":28,"column":8},"end":{"line":32,"column":13}},{"start":{"line":33,"column":8},"end":{"line":38,"column":9}},{"start":{"line":39,"column":8},"end":{"line":43,"column":13}},{"start":{"line":44,"column":8},"end":{"line":48,"column":13}},{"start":{"line":49,"column":8},"end":{"line":50,"column":25}}],"line":13}},"s":{"0":1,"1":3,"2":0,"3":0,"4":0,"5":0,"6":0,"7":0,"8":0,"9":3},"f":{"0":3},"b":{"0":[3],"1":[0,0,0,0,0,0,0,3]},"_coverageSchema":"1a1c01bbd47fc00a2c39e90264f33305004495a9","hash":"3dbf07ac7b9484806afffbf54415845ca57bb0e3"}
,"C:\\Users\\artme\\OneDrive\\Рабочий стол\\crud\\client\\src\\redux\\reducers\\rootReducer.js": {"path":"C:\\Users\\artme\\OneDrive\\Рабочий стол\\crud\\client\\src\\redux\\reducers\\rootReducer.js","statementMap":{},"fnMap":{},"branchMap":{},"s":{},"f":{},"b":{},"_coverageSchema":"1a1c01bbd47fc00a2c39e90264f33305004495a9","hash":"4bdaf18f5de9efb93a3df4a74c58b9699731e2d5"}
,"C:\\Users\\artme\\OneDrive\\Рабочий стол\\crud\\client\\src\\redux\\store\\store.js": {"path":"C:\\Users\\artme\\OneDrive\\Рабочий стол\\crud\\client\\src\\redux\\store\\store.js","statementMap":{"0":{"start":{"line":6,"column":2},"end":{"line":10,"column":16}},"1":{"start":{"line":12,"column":19},"end":{"line":12,"column":84}}},"fnMap":{},"branchMap":{"0":{"loc":{"start":{"line":6,"column":2},"end":{"line":10,"column":16}},"type":"cond-expr","locations":[{"start":{"line":8,"column":4},"end":{"line":10,"column":6}},{"start":{"line":10,"column":9},"end":{"line":10,"column":16}}],"line":6},"1":{"loc":{"start":{"line":6,"column":2},"end":{"line":7,"column":45}},"type":"binary-expr","locations":[{"start":{"line":6,"column":2},"end":{"line":6,"column":28}},{"start":{"line":7,"column":2},"end":{"line":7,"column":45}}],"line":6}},"s":{"0":1,"1":1},"f":{},"b":{"0":[0,1],"1":[1,1]},"_coverageSchema":"1a1c01bbd47fc00a2c39e90264f33305004495a9","hash":"eac59d3b798815ffb4249425253892c83a62030c"}
,"C:\\Users\\artme\\OneDrive\\Рабочий стол\\crud\\client\\src\\states\\Alert\\AlertState.js": {"path":"C:\\Users\\artme\\OneDrive\\Рабочий стол\\crud\\client\\src\\states\\Alert\\AlertState.js","statementMap":{"0":{"start":{"line":4,"column":34},"end":{"line":4,"column":49}},"1":{"start":{"line":5,"column":28},"end":{"line":5,"column":45}},"2":{"start":{"line":6,"column":33},"end":{"line":6,"column":60}},"3":{"start":{"line":8,"column":22},"end":{"line":10,"column":5}},"4":{"start":{"line":9,"column":8},"end":{"line":9,"column":26}},"5":{"start":{"line":12,"column":22},"end":{"line":16,"column":5}},"6":{"start":{"line":13,"column":8},"end":{"line":13,"column":25}},"7":{"start":{"line":14,"column":8},"end":{"line":14,"column":28}},"8":{"start":{"line":15,"column":8},"end":{"line":15,"column":22}},"9":{"start":{"line":18,"column":24},"end":{"line":21,"column":5}},"10":{"start":{"line":19,"column":8},"end":{"line":19,"column":33}},"11":{"start":{"line":20,"column":8},"end":{"line":20,"column":33}},"12":{"start":{"line":23,"column":4},"end":{"line":30,"column":5}}},"fnMap":{"0":{"name":"(anonymous_0)","decl":{"start":{"line":3,"column":15},"end":{"line":3,"column":16}},"loc":{"start":{"line":3,"column":31},"end":{"line":31,"column":1}},"line":3},"1":{"name":"(anonymous_1)","decl":{"start":{"line":8,"column":22},"end":{"line":8,"column":23}},"loc":{"start":{"line":8,"column":28},"end":{"line":10,"column":5}},"line":8},"2":{"name":"(anonymous_2)","decl":{"start":{"line":12,"column":22},"end":{"line":12,"column":23}},"loc":{"start":{"line":12,"column":51},"end":{"line":16,"column":5}},"line":12},"3":{"name":"(anonymous_3)","decl":{"start":{"line":18,"column":24},"end":{"line":18,"column":25}},"loc":{"start":{"line":18,"column":57},"end":{"line":21,"column":5}},"line":18}},"branchMap":{"0":{"loc":{"start":{"line":12,"column":32},"end":{"line":12,"column":46}},"type":"default-arg","locations":[{"start":{"line":12,"column":39},"end":{"line":12,"column":46}}],"line":12},"1":{"loc":{"start":{"line":18,"column":38},"end":{"line":18,"column":52}},"type":"default-arg","locations":[{"start":{"line":18,"column":45},"end":{"line":18,"column":52}}],"line":18}},"s":{"0":2,"1":2,"2":2,"3":2,"4":0,"5":2,"6":0,"7":0,"8":0,"9":2,"10":0,"11":0,"12":2},"f":{"0":2,"1":0,"2":0,"3":0},"b":{"0":[0],"1":[0]},"_coverageSchema":"1a1c01bbd47fc00a2c39e90264f33305004495a9","hash":"12231480180ed28aa863c2da59d54ad34fffff23"}
,"C:\\Users\\artme\\OneDrive\\Рабочий стол\\crud\\client\\src\\states\\Context\\AlertContext.js": {"path":"C:\\Users\\artme\\OneDrive\\Рабочий стол\\crud\\client\\src\\states\\Context\\AlertContext.js","statementMap":{"0":{"start":{"line":3,"column":28},"end":{"line":3,"column":43}}},"fnMap":{},"branchMap":{},"s":{"0":2},"f":{},"b":{},"_coverageSchema":"1a1c01bbd47fc00a2c39e90264f33305004495a9","hash":"d58535140bb9f1fb50e6d4bbbacabbcbc4e045de"}
,"C:\\Users\\artme\\OneDrive\\Рабочий стол\\crud\\client\\src\\states\\Context\\DashboardContext.js": {"path":"C:\\Users\\artme\\OneDrive\\Рабочий стол\\crud\\client\\src\\states\\Context\\DashboardContext.js","statementMap":{"0":{"start":{"line":3,"column":31},"end":{"line":3,"column":46}}},"fnMap":{},"branchMap":{},"s":{"0":1},"f":{},"b":{},"_coverageSchema":"1a1c01bbd47fc00a2c39e90264f33305004495a9","hash":"4345f984bf8e79eb3ec8bb9e47d9a316821a9460"}
,"C:\\Users\\artme\\OneDrive\\Рабочий стол\\crud\\client\\src\\states\\Context\\userContext.js": {"path":"C:\\Users\\artme\\OneDrive\\Рабочий стол\\crud\\client\\src\\states\\Context\\userContext.js","statementMap":{"0":{"start":{"line":3,"column":27},"end":{"line":3,"column":42}}},"fnMap":{},"branchMap":{},"s":{"0":2},"f":{},"b":{},"_coverageSchema":"1a1c01bbd47fc00a2c39e90264f33305004495a9","hash":"465ec310db9563f60404363b1d990a6e5b077119"}
,"C:\\Users\\artme\\OneDrive\\Рабочий стол\\crud\\client\\src\\states\\Dashboard\\DashboardState.js": {"path":"C:\\Users\\artme\\OneDrive\\Рабочий стол\\crud\\client\\src\\states\\Dashboard\\DashboardState.js","statementMap":{"0":{"start":{"line":8,"column":21},"end":{"line":8,"column":34}},"1":{"start":{"line":9,"column":61},"end":{"line":9,"column":98}},"2":{"start":{"line":9,"column":82},"end":{"line":9,"column":97}},"3":{"start":{"line":11,"column":22},"end":{"line":11,"column":45}},"4":{"start":{"line":13,"column":30},"end":{"line":22,"column":5}},"5":{"start":{"line":14,"column":25},"end":{"line":14,"column":85}},"6":{"start":{"line":16,"column":8},"end":{"line":21,"column":9}},"7":{"start":{"line":17,"column":12},"end":{"line":20,"column":14}},"8":{"start":{"line":24,"column":4},"end":{"line":31,"column":5}}},"fnMap":{"0":{"name":"(anonymous_0)","decl":{"start":{"line":7,"column":15},"end":{"line":7,"column":16}},"loc":{"start":{"line":7,"column":31},"end":{"line":32,"column":1}},"line":7},"1":{"name":"(anonymous_1)","decl":{"start":{"line":9,"column":73},"end":{"line":9,"column":74}},"loc":{"start":{"line":9,"column":82},"end":{"line":9,"column":97}},"line":9},"2":{"name":"(anonymous_2)","decl":{"start":{"line":13,"column":30},"end":{"line":13,"column":31}},"loc":{"start":{"line":13,"column":42},"end":{"line":22,"column":5}},"line":13}},"branchMap":{"0":{"loc":{"start":{"line":16,"column":8},"end":{"line":21,"column":9}},"type":"if","locations":[{"start":{"line":16,"column":8},"end":{"line":21,"column":9}},{"start":{"line":16,"column":8},"end":{"line":21,"column":9}}],"line":16}},"s":{"0":1,"1":1,"2":2,"3":1,"4":1,"5":0,"6":0,"7":0,"8":1},"f":{"0":1,"1":2,"2":0},"b":{"0":[0,0]},"_coverageSchema":"1a1c01bbd47fc00a2c39e90264f33305004495a9","hash":"fd6d86769c2fa51803e6caa23d56d502d2d8ef10"}
,"C:\\Users\\artme\\OneDrive\\Рабочий стол\\crud\\client\\src\\states\\Logic\\useAdmin.js": {"path":"C:\\Users\\artme\\OneDrive\\Рабочий стол\\crud\\client\\src\\states\\Logic\\useAdmin.js","statementMap":{"0":{"start":{"line":7,"column":22},"end":{"line":7,"column":45}},"1":{"start":{"line":8,"column":22},"end":{"line":8,"column":35}},"2":{"start":{"line":10,"column":24},"end":{"line":19,"column":5}},"3":{"start":{"line":11,"column":25},"end":{"line":11,"column":93}},"4":{"start":{"line":13,"column":8},"end":{"line":18,"column":9}},"5":{"start":{"line":14,"column":12},"end":{"line":17,"column":15}},"6":{"start":{"line":21,"column":23},"end":{"line":35,"column":5}},"7":{"start":{"line":22,"column":25},"end":{"line":24,"column":10}},"8":{"start":{"line":26,"column":52},"end":{"line":26,"column":65}},"9":{"start":{"line":28,"column":8},"end":{"line":34,"column":9}},"10":{"start":{"line":29,"column":12},"end":{"line":33,"column":13}},"11":{"start":{"line":30,"column":16},"end":{"line":30,"column":30}},"12":{"start":{"line":32,"column":16},"end":{"line":32,"column":32}},"13":{"start":{"line":37,"column":32},"end":{"line":43,"column":5}},"14":{"start":{"line":38,"column":25},"end":{"line":38,"column":99}},"15":{"start":{"line":40,"column":8},"end":{"line":42,"column":9}},"16":{"start":{"line":41,"column":12},"end":{"line":41,"column":26}},"17":{"start":{"line":45,"column":4},"end":{"line":47,"column":5}}},"fnMap":{"0":{"name":"(anonymous_0)","decl":{"start":{"line":6,"column":15},"end":{"line":6,"column":16}},"loc":{"start":{"line":6,"column":42},"end":{"line":49,"column":1}},"line":6},"1":{"name":"(anonymous_1)","decl":{"start":{"line":10,"column":24},"end":{"line":10,"column":25}},"loc":{"start":{"line":10,"column":36},"end":{"line":19,"column":5}},"line":10},"2":{"name":"(anonymous_2)","decl":{"start":{"line":21,"column":23},"end":{"line":21,"column":24}},"loc":{"start":{"line":21,"column":35},"end":{"line":35,"column":5}},"line":21},"3":{"name":"(anonymous_3)","decl":{"start":{"line":37,"column":32},"end":{"line":37,"column":33}},"loc":{"start":{"line":37,"column":52},"end":{"line":43,"column":5}},"line":37}},"branchMap":{"0":{"loc":{"start":{"line":13,"column":8},"end":{"line":18,"column":9}},"type":"if","locations":[{"start":{"line":13,"column":8},"end":{"line":18,"column":9}},{"start":{"line":13,"column":8},"end":{"line":18,"column":9}}],"line":13},"1":{"loc":{"start":{"line":28,"column":8},"end":{"line":34,"column":9}},"type":"if","locations":[{"start":{"line":28,"column":8},"end":{"line":34,"column":9}},{"start":{"line":28,"column":8},"end":{"line":34,"column":9}}],"line":28},"2":{"loc":{"start":{"line":29,"column":12},"end":{"line":33,"column":13}},"type":"if","locations":[{"start":{"line":29,"column":12},"end":{"line":33,"column":13}},{"start":{"line":29,"column":12},"end":{"line":33,"column":13}}],"line":29},"3":{"loc":{"start":{"line":40,"column":8},"end":{"line":42,"column":9}},"type":"if","locations":[{"start":{"line":40,"column":8},"end":{"line":42,"column":9}},{"start":{"line":40,"column":8},"end":{"line":42,"column":9}}],"line":40}},"s":{"0":1,"1":1,"2":1,"3":0,"4":0,"5":0,"6":1,"7":0,"8":0,"9":0,"10":0,"11":0,"12":0,"13":1,"14":0,"15":0,"16":0,"17":1},"f":{"0":1,"1":0,"2":0,"3":0},"b":{"0":[0,0],"1":[0,0],"2":[0,0],"3":[0,0]},"_coverageSchema":"1a1c01bbd47fc00a2c39e90264f33305004495a9","hash":"549da4d972c866863bd48590ab064fa50fca2f22"}
,"C:\\Users\\artme\\OneDrive\\Рабочий стол\\crud\\client\\src\\states\\Logic\\useProfile.js": {"path":"C:\\Users\\artme\\OneDrive\\Рабочий стол\\crud\\client\\src\\states\\Logic\\useProfile.js","statementMap":{"0":{"start":{"line":8,"column":22},"end":{"line":8,"column":45}},"1":{"start":{"line":9,"column":22},"end":{"line":9,"column":35}},"2":{"start":{"line":11,"column":20},"end":{"line":11,"column":32}},"3":{"start":{"line":13,"column":26},"end":{"line":21,"column":5}},"4":{"start":{"line":14,"column":25},"end":{"line":16,"column":10}},"5":{"start":{"line":18,"column":8},"end":{"line":20,"column":9}},"6":{"start":{"line":19,"column":12},"end":{"line":19,"column":43}},"7":{"start":{"line":23,"column":24},"end":{"line":34,"column":5}},"8":{"start":{"line":24,"column":25},"end":{"line":26,"column":10}},"9":{"start":{"line":28,"column":8},"end":{"line":33,"column":9}},"10":{"start":{"line":29,"column":12},"end":{"line":32,"column":14}},"11":{"start":{"line":36,"column":26},"end":{"line":42,"column":5}},"12":{"start":{"line":37,"column":25},"end":{"line":37,"column":96}},"13":{"start":{"line":39,"column":8},"end":{"line":41,"column":9}},"14":{"start":{"line":40,"column":12},"end":{"line":40,"column":25}},"15":{"start":{"line":44,"column":26},"end":{"line":50,"column":5}},"16":{"start":{"line":45,"column":25},"end":{"line":45,"column":96}},"17":{"start":{"line":47,"column":8},"end":{"line":49,"column":9}},"18":{"start":{"line":48,"column":12},"end":{"line":48,"column":25}},"19":{"start":{"line":52,"column":4},"end":{"line":54,"column":5}}},"fnMap":{"0":{"name":"(anonymous_0)","decl":{"start":{"line":7,"column":15},"end":{"line":7,"column":16}},"loc":{"start":{"line":7,"column":26},"end":{"line":55,"column":1}},"line":7},"1":{"name":"(anonymous_1)","decl":{"start":{"line":13,"column":26},"end":{"line":13,"column":27}},"loc":{"start":{"line":13,"column":40},"end":{"line":21,"column":5}},"line":13},"2":{"name":"(anonymous_2)","decl":{"start":{"line":23,"column":24},"end":{"line":23,"column":25}},"loc":{"start":{"line":23,"column":36},"end":{"line":34,"column":5}},"line":23},"3":{"name":"(anonymous_3)","decl":{"start":{"line":36,"column":26},"end":{"line":36,"column":27}},"loc":{"start":{"line":36,"column":38},"end":{"line":42,"column":5}},"line":36},"4":{"name":"(anonymous_4)","decl":{"start":{"line":44,"column":26},"end":{"line":44,"column":27}},"loc":{"start":{"line":44,"column":40},"end":{"line":50,"column":5}},"line":44}},"branchMap":{"0":{"loc":{"start":{"line":18,"column":8},"end":{"line":20,"column":9}},"type":"if","locations":[{"start":{"line":18,"column":8},"end":{"line":20,"column":9}},{"start":{"line":18,"column":8},"end":{"line":20,"column":9}}],"line":18},"1":{"loc":{"start":{"line":28,"column":8},"end":{"line":33,"column":9}},"type":"if","locations":[{"start":{"line":28,"column":8},"end":{"line":33,"column":9}},{"start":{"line":28,"column":8},"end":{"line":33,"column":9}}],"line":28},"2":{"loc":{"start":{"line":39,"column":8},"end":{"line":41,"column":9}},"type":"if","locations":[{"start":{"line":39,"column":8},"end":{"line":41,"column":9}},{"start":{"line":39,"column":8},"end":{"line":41,"column":9}}],"line":39},"3":{"loc":{"start":{"line":47,"column":8},"end":{"line":49,"column":9}},"type":"if","locations":[{"start":{"line":47,"column":8},"end":{"line":49,"column":9}},{"start":{"line":47,"column":8},"end":{"line":49,"column":9}}],"line":47}},"s":{"0":1,"1":1,"2":1,"3":1,"4":0,"5":0,"6":0,"7":1,"8":0,"9":0,"10":0,"11":1,"12":0,"13":0,"14":0,"15":1,"16":0,"17":0,"18":0,"19":1},"f":{"0":1,"1":0,"2":0,"3":0,"4":0},"b":{"0":[0,0],"1":[0,0],"2":[0,0],"3":[0,0]},"_coverageSchema":"1a1c01bbd47fc00a2c39e90264f33305004495a9","hash":"5a38396eada643d2e8a6ebc74515dc5f804dd302"}
,"C:\\Users\\artme\\OneDrive\\Рабочий стол\\crud\\client\\src\\states\\Logic\\useUser.js": {"path":"C:\\Users\\artme\\OneDrive\\Рабочий стол\\crud\\client\\src\\states\\Logic\\useUser.js","statementMap":{"0":{"start":{"line":8,"column":20},"end":{"line":8,"column":32}},"1":{"start":{"line":10,"column":21},"end":{"line":10,"column":34}},"2":{"start":{"line":11,"column":22},"end":{"line":11,"column":45}},"3":{"start":{"line":13,"column":21},"end":{"line":19,"column":5}},"4":{"start":{"line":14,"column":20},"end":{"line":14,"column":81}},"5":{"start":{"line":16,"column":8},"end":{"line":18,"column":9}},"6":{"start":{"line":17,"column":12},"end":{"line":17,"column":38}},"7":{"start":{"line":21,"column":18},"end":{"line":27,"column":5}},"8":{"start":{"line":22,"column":31},"end":{"line":22,"column":92}},"9":{"start":{"line":24,"column":8},"end":{"line":26,"column":9}},"10":{"start":{"line":25,"column":12},"end":{"line":25,"column":52}},"11":{"start":{"line":29,"column":19},"end":{"line":31,"column":5}},"12":{"start":{"line":30,"column":8},"end":{"line":30,"column":24}},"13":{"start":{"line":33,"column":24},"end":{"line":44,"column":5}},"14":{"start":{"line":34,"column":25},"end":{"line":36,"column":10}},"15":{"start":{"line":38,"column":8},"end":{"line":43,"column":9}},"16":{"start":{"line":39,"column":12},"end":{"line":42,"column":15}},"17":{"start":{"line":46,"column":25},"end":{"line":57,"column":5}},"18":{"start":{"line":47,"column":25},"end":{"line":49,"column":10}},"19":{"start":{"line":51,"column":8},"end":{"line":56,"column":9}},"20":{"start":{"line":52,"column":12},"end":{"line":55,"column":14}},"21":{"start":{"line":59,"column":27},"end":{"line":67,"column":5}},"22":{"start":{"line":60,"column":25},"end":{"line":62,"column":10}},"23":{"start":{"line":64,"column":8},"end":{"line":66,"column":9}},"24":{"start":{"line":65,"column":12},"end":{"line":65,"column":25}},"25":{"start":{"line":69,"column":4},"end":{"line":72,"column":5}}},"fnMap":{"0":{"name":"(anonymous_0)","decl":{"start":{"line":7,"column":15},"end":{"line":7,"column":16}},"loc":{"start":{"line":7,"column":57},"end":{"line":73,"column":1}},"line":7},"1":{"name":"(anonymous_1)","decl":{"start":{"line":13,"column":21},"end":{"line":13,"column":22}},"loc":{"start":{"line":13,"column":35},"end":{"line":19,"column":5}},"line":13},"2":{"name":"(anonymous_2)","decl":{"start":{"line":21,"column":18},"end":{"line":21,"column":19}},"loc":{"start":{"line":21,"column":32},"end":{"line":27,"column":5}},"line":21},"3":{"name":"(anonymous_3)","decl":{"start":{"line":29,"column":19},"end":{"line":29,"column":20}},"loc":{"start":{"line":29,"column":25},"end":{"line":31,"column":5}},"line":29},"4":{"name":"(anonymous_4)","decl":{"start":{"line":33,"column":24},"end":{"line":33,"column":25}},"loc":{"start":{"line":33,"column":36},"end":{"line":44,"column":5}},"line":33},"5":{"name":"(anonymous_5)","decl":{"start":{"line":46,"column":25},"end":{"line":46,"column":26}},"loc":{"start":{"line":46,"column":37},"end":{"line":57,"column":5}},"line":46},"6":{"name":"(anonymous_6)","decl":{"start":{"line":59,"column":27},"end":{"line":59,"column":28}},"loc":{"start":{"line":59,"column":41},"end":{"line":67,"column":5}},"line":59}},"branchMap":{"0":{"loc":{"start":{"line":16,"column":8},"end":{"line":18,"column":9}},"type":"if","locations":[{"start":{"line":16,"column":8},"end":{"line":18,"column":9}},{"start":{"line":16,"column":8},"end":{"line":18,"column":9}}],"line":16},"1":{"loc":{"start":{"line":24,"column":8},"end":{"line":26,"column":9}},"type":"if","locations":[{"start":{"line":24,"column":8},"end":{"line":26,"column":9}},{"start":{"line":24,"column":8},"end":{"line":26,"column":9}}],"line":24},"2":{"loc":{"start":{"line":38,"column":8},"end":{"line":43,"column":9}},"type":"if","locations":[{"start":{"line":38,"column":8},"end":{"line":43,"column":9}},{"start":{"line":38,"column":8},"end":{"line":43,"column":9}}],"line":38},"3":{"loc":{"start":{"line":51,"column":8},"end":{"line":56,"column":9}},"type":"if","locations":[{"start":{"line":51,"column":8},"end":{"line":56,"column":9}},{"start":{"line":51,"column":8},"end":{"line":56,"column":9}}],"line":51},"4":{"loc":{"start":{"line":64,"column":8},"end":{"line":66,"column":9}},"type":"if","locations":[{"start":{"line":64,"column":8},"end":{"line":66,"column":9}},{"start":{"line":64,"column":8},"end":{"line":66,"column":9}}],"line":64}},"s":{"0":1,"1":1,"2":1,"3":1,"4":0,"5":0,"6":0,"7":1,"8":0,"9":0,"10":0,"11":1,"12":0,"13":1,"14":0,"15":0,"16":0,"17":1,"18":0,"19":0,"20":0,"21":1,"22":0,"23":0,"24":0,"25":1},"f":{"0":1,"1":0,"2":0,"3":0,"4":0,"5":0,"6":0},"b":{"0":[0,0],"1":[0,0],"2":[0,0],"3":[0,0],"4":[0,0]},"_coverageSchema":"1a1c01bbd47fc00a2c39e90264f33305004495a9","hash":"07552331d548aeec683068ac0886bfcd17198878"}
,"C:\\Users\\artme\\OneDrive\\Рабочий стол\\crud\\client\\src\\states\\user\\UserState.js": {"path":"C:\\Users\\artme\\OneDrive\\Рабочий стол\\crud\\client\\src\\states\\user\\UserState.js","statementMap":{"0":{"start":{"line":11,"column":68},"end":{"line":11,"column":100}},"1":{"start":{"line":11,"column":89},"end":{"line":11,"column":99}},"2":{"start":{"line":13,"column":27},"end":{"line":13,"column":50}},"3":{"start":{"line":16,"column":58},"end":{"line":16,"column":71}},"4":{"start":{"line":18,"column":82},"end":{"line":18,"column":140}},"5":{"start":{"line":20,"column":21},"end":{"line":20,"column":28}},"6":{"start":{"line":24,"column":68},"end":{"line":24,"column":85}},"7":{"start":{"line":27,"column":57},"end":{"line":27,"column":95}},"8":{"start":{"line":32,"column":4},"end":{"line":36,"column":16}},"9":{"start":{"line":33,"column":8},"end":{"line":35,"column":9}},"10":{"start":{"line":34,"column":12},"end":{"line":34,"column":27}},"11":{"start":{"line":40,"column":4},"end":{"line":46,"column":23}},"12":{"start":{"line":41,"column":8},"end":{"line":45,"column":9}},"13":{"start":{"line":42,"column":12},"end":{"line":44,"column":13}},"14":{"start":{"line":43,"column":16},"end":{"line":43,"column":40}},"15":{"start":{"line":51,"column":4},"end":{"line":62,"column":5}}},"fnMap":{"0":{"name":"(anonymous_0)","decl":{"start":{"line":10,"column":15},"end":{"line":10,"column":16}},"loc":{"start":{"line":10,"column":31},"end":{"line":65,"column":1}},"line":10},"1":{"name":"(anonymous_1)","decl":{"start":{"line":11,"column":80},"end":{"line":11,"column":81}},"loc":{"start":{"line":11,"column":89},"end":{"line":11,"column":99}},"line":11},"2":{"name":"(anonymous_2)","decl":{"start":{"line":32,"column":14},"end":{"line":32,"column":15}},"loc":{"start":{"line":32,"column":20},"end":{"line":36,"column":5}},"line":32},"3":{"name":"(anonymous_3)","decl":{"start":{"line":40,"column":14},"end":{"line":40,"column":15}},"loc":{"start":{"line":40,"column":20},"end":{"line":46,"column":5}},"line":40}},"branchMap":{"0":{"loc":{"start":{"line":33,"column":8},"end":{"line":35,"column":9}},"type":"if","locations":[{"start":{"line":33,"column":8},"end":{"line":35,"column":9}},{"start":{"line":33,"column":8},"end":{"line":35,"column":9}}],"line":33},"1":{"loc":{"start":{"line":41,"column":8},"end":{"line":45,"column":9}},"type":"if","locations":[{"start":{"line":41,"column":8},"end":{"line":45,"column":9}},{"start":{"line":41,"column":8},"end":{"line":45,"column":9}}],"line":41},"2":{"loc":{"start":{"line":42,"column":12},"end":{"line":44,"column":13}},"type":"if","locations":[{"start":{"line":42,"column":12},"end":{"line":44,"column":13}},{"start":{"line":42,"column":12},"end":{"line":44,"column":13}}],"line":42}},"s":{"0":1,"1":2,"2":1,"3":1,"4":1,"5":1,"6":1,"7":1,"8":1,"9":1,"10":0,"11":1,"12":1,"13":0,"14":0,"15":1},"f":{"0":1,"1":2,"2":1,"3":1},"b":{"0":[0,1],"1":[0,1],"2":[0,0]},"_coverageSchema":"1a1c01bbd47fc00a2c39e90264f33305004495a9","hash":"b4fe14b3ccb8a33c4f4a1d71ea1240e0cec39271"}
}
