{"C:\\Users\\artme\\OneDrive\\Рабочий стол\\crud-system-tests\\client\\src\\components\\Alert\\Alert.js": {"path":"C:\\Users\\artme\\OneDrive\\Рабочий стол\\crud-system-tests\\client\\src\\components\\Alert\\Alert.js","statementMap":{"0":{"start":{"line":6,"column":36},"end":{"line":6,"column":60}},"1":{"start":{"line":7,"column":16},"end":{"line":10,"column":5}},"2":{"start":{"line":12,"column":4},"end":{"line":21,"column":5}}},"fnMap":{"0":{"name":"(anonymous_0)","decl":{"start":{"line":5,"column":15},"end":{"line":5,"column":16}},"loc":{"start":{"line":5,"column":21},"end":{"line":22,"column":1}},"line":5}},"branchMap":{"0":{"loc":{"start":{"line":9,"column":8},"end":{"line":9,"column":37}},"type":"cond-expr","locations":[{"start":{"line":9,"column":18},"end":{"line":9,"column":32}},{"start":{"line":9,"column":35},"end":{"line":9,"column":37}}],"line":9}},"s":{"0":1,"1":1,"2":1},"f":{"0":1},"b":{"0":[0,1]},"_coverageSchema":"1a1c01bbd47fc00a2c39e90264f33305004495a9","hash":"c5da3f8d093b1429d4f72809b39d16963b534d8c"}
,"C:\\Users\\artme\\OneDrive\\Рабочий стол\\crud-system-tests\\client\\src\\components\\Btn\\Btn.js": {"path":"C:\\Users\\artme\\OneDrive\\Рабочий стол\\crud-system-tests\\client\\src\\components\\Btn\\Btn.js","statementMap":{"0":{"start":{"line":4,"column":16},"end":{"line":7,"column":5}},"1":{"start":{"line":9,"column":4},"end":{"line":13,"column":5}}},"fnMap":{"0":{"name":"(anonymous_0)","decl":{"start":{"line":3,"column":15},"end":{"line":3,"column":16}},"loc":{"start":{"line":3,"column":58},"end":{"line":14,"column":1}},"line":3}},"branchMap":{"0":{"loc":{"start":{"line":6,"column":8},"end":{"line":6,"column":37}},"type":"cond-expr","locations":[{"start":{"line":6,"column":19},"end":{"line":6,"column":32}},{"start":{"line":6,"column":35},"end":{"line":6,"column":37}}],"line":6}},"s":{"0":17,"1":17},"f":{"0":17},"b":{"0":[3,14]},"_coverageSchema":"1a1c01bbd47fc00a2c39e90264f33305004495a9","hash":"ea75266b8707c0a523d68c94623cf648266a6c6e"}
,"C:\\Users\\artme\\OneDrive\\Рабочий стол\\crud-system-tests\\client\\src\\components\\Card\\Card.js": {"path":"C:\\Users\\artme\\OneDrive\\Рабочий стол\\crud-system-tests\\client\\src\\components\\Card\\Card.js","statementMap":{"0":{"start":{"line":17,"column":4},"end":{"line":58,"column":5}},"1":{"start":{"line":18,"column":54},"end":{"line":18,"column":62}},"2":{"start":{"line":19,"column":8},"end":{"line":57,"column":9}},"3":{"start":{"line":60,"column":4},"end":{"line":81,"column":5}},"4":{"start":{"line":61,"column":34},"end":{"line":61,"column":42}},"5":{"start":{"line":62,"column":8},"end":{"line":80,"column":9}},"6":{"start":{"line":83,"column":4},"end":{"line":113,"column":5}},"7":{"start":{"line":84,"column":40},"end":{"line":84,"column":48}},"8":{"start":{"line":86,"column":8},"end":{"line":112,"column":9}},"9":{"start":{"line":115,"column":4},"end":{"line":193,"column":5}},"10":{"start":{"line":117,"column":32},"end":{"line":117,"column":55}},"11":{"start":{"line":119,"column":54},"end":{"line":119,"column":62}},"12":{"start":{"line":121,"column":20},"end":{"line":124,"column":9}},"13":{"start":{"line":126,"column":28},"end":{"line":129,"column":9}},"14":{"start":{"line":131,"column":30},"end":{"line":131,"column":86}},"15":{"start":{"line":133,"column":123},"end":{"line":133,"column":146}},"16":{"start":{"line":134,"column":119},"end":{"line":134,"column":148}},"17":{"start":{"line":136,"column":99},"end":{"line":136,"column":123}},"18":{"start":{"line":137,"column":115},"end":{"line":137,"column":139}},"19":{"start":{"line":139,"column":91},"end":{"line":139,"column":113}},"20":{"start":{"line":142,"column":78},"end":{"line":142,"column":155}},"21":{"start":{"line":143,"column":77},"end":{"line":143,"column":153}},"22":{"start":{"line":144,"column":63},"end":{"line":144,"column":140}},"23":{"start":{"line":147,"column":67},"end":{"line":147,"column":132}},"24":{"start":{"line":148,"column":75},"end":{"line":151,"column":10}},"25":{"start":{"line":153,"column":21},"end":{"line":160,"column":9}},"26":{"start":{"line":162,"column":28},"end":{"line":162,"column":127}},"27":{"start":{"line":164,"column":23},"end":{"line":167,"column":9}},"28":{"start":{"line":165,"column":12},"end":{"line":165,"column":32}},"29":{"start":{"line":166,"column":12},"end":{"line":166,"column":33}},"30":{"start":{"line":170,"column":8},"end":{"line":192,"column":9}},"31":{"start":{"line":195,"column":4},"end":{"line":256,"column":5}},"32":{"start":{"line":196,"column":43},"end":{"line":196,"column":66}},"33":{"start":{"line":198,"column":34},"end":{"line":198,"column":42}},"34":{"start":{"line":200,"column":20},"end":{"line":203,"column":9}},"35":{"start":{"line":206,"column":28},"end":{"line":209,"column":9}},"36":{"start":{"line":211,"column":99},"end":{"line":211,"column":123}},"37":{"start":{"line":212,"column":111},"end":{"line":212,"column":130}},"38":{"start":{"line":213,"column":111},"end":{"line":213,"column":138}},"39":{"start":{"line":216,"column":67},"end":{"line":216,"column":134}},"40":{"start":{"line":217,"column":73},"end":{"line":217,"column":144}},"41":{"start":{"line":218,"column":73},"end":{"line":218,"column":144}},"42":{"start":{"line":220,"column":28},"end":{"line":220,"column":92}},"43":{"start":{"line":223,"column":21},"end":{"line":227,"column":9}},"44":{"start":{"line":230,"column":23},"end":{"line":233,"column":9}},"45":{"start":{"line":231,"column":12},"end":{"line":231,"column":33}},"46":{"start":{"line":232,"column":12},"end":{"line":232,"column":33}},"47":{"start":{"line":235,"column":8},"end":{"line":255,"column":9}},"48":{"start":{"line":258,"column":4},"end":{"line":338,"column":5}},"49":{"start":{"line":259,"column":38},"end":{"line":259,"column":61}},"50":{"start":{"line":261,"column":45},"end":{"line":261,"column":69}},"51":{"start":{"line":263,"column":20},"end":{"line":266,"column":9}},"52":{"start":{"line":269,"column":28},"end":{"line":272,"column":9}},"53":{"start":{"line":274,"column":99},"end":{"line":274,"column":123}},"54":{"start":{"line":275,"column":111},"end":{"line":275,"column":130}},"55":{"start":{"line":276,"column":111},"end":{"line":276,"column":138}},"56":{"start":{"line":277,"column":106},"end":{"line":277,"column":129}},"57":{"start":{"line":280,"column":67},"end":{"line":280,"column":134}},"58":{"start":{"line":281,"column":73},"end":{"line":281,"column":144}},"59":{"start":{"line":282,"column":73},"end":{"line":282,"column":144}},"60":{"start":{"line":283,"column":73},"end":{"line":283,"column":139}},"61":{"start":{"line":286,"column":28},"end":{"line":286,"column":109}},"62":{"start":{"line":288,"column":28},"end":{"line":294,"column":9}},"63":{"start":{"line":289,"column":25},"end":{"line":289,"column":40}},"64":{"start":{"line":291,"column":12},"end":{"line":293,"column":13}},"65":{"start":{"line":292,"column":16},"end":{"line":292,"column":42}},"66":{"start":{"line":297,"column":21},"end":{"line":302,"column":9}},"67":{"start":{"line":304,"column":23},"end":{"line":307,"column":9}},"68":{"start":{"line":305,"column":12},"end":{"line":305,"column":42}},"69":{"start":{"line":306,"column":12},"end":{"line":306,"column":33}},"70":{"start":{"line":309,"column":8},"end":{"line":337,"column":9}}},"fnMap":{"0":{"name":"(anonymous_0)","decl":{"start":{"line":9,"column":15},"end":{"line":9,"column":16}},"loc":{"start":{"line":16,"column":42},"end":{"line":339,"column":1}},"line":16},"1":{"name":"(anonymous_1)","decl":{"start":{"line":164,"column":23},"end":{"line":164,"column":24}},"loc":{"start":{"line":164,"column":29},"end":{"line":167,"column":9}},"line":164},"2":{"name":"(anonymous_2)","decl":{"start":{"line":230,"column":23},"end":{"line":230,"column":24}},"loc":{"start":{"line":230,"column":29},"end":{"line":233,"column":9}},"line":230},"3":{"name":"(anonymous_3)","decl":{"start":{"line":288,"column":28},"end":{"line":288,"column":29}},"loc":{"start":{"line":288,"column":34},"end":{"line":294,"column":9}},"line":288},"4":{"name":"(anonymous_4)","decl":{"start":{"line":304,"column":23},"end":{"line":304,"column":24}},"loc":{"start":{"line":304,"column":29},"end":{"line":307,"column":9}},"line":304}},"branchMap":{"0":{"loc":{"start":{"line":9,"column":17},"end":{"line":9,"column":38}},"type":"default-arg","locations":[{"start":{"line":9,"column":24},"end":{"line":9,"column":38}}],"line":9},"1":{"loc":{"start":{"line":9,"column":48},"end":{"line":16,"column":1}},"type":"default-arg","locations":[{"start":{"line":9,"column":59},"end":{"line":16,"column":1}}],"line":9},"2":{"loc":{"start":{"line":17,"column":4},"end":{"line":58,"column":5}},"type":"if","locations":[{"start":{"line":17,"column":4},"end":{"line":58,"column":5}},{"start":{"line":17,"column":4},"end":{"line":58,"column":5}}],"line":17},"3":{"loc":{"start":{"line":20,"column":54},"end":{"line":20,"column":76}},"type":"cond-expr","locations":[{"start":{"line":20,"column":64},"end":{"line":20,"column":71}},{"start":{"line":20,"column":74},"end":{"line":20,"column":76}}],"line":20},"4":{"loc":{"start":{"line":60,"column":4},"end":{"line":81,"column":5}},"type":"if","locations":[{"start":{"line":60,"column":4},"end":{"line":81,"column":5}},{"start":{"line":60,"column":4},"end":{"line":81,"column":5}}],"line":60},"5":{"loc":{"start":{"line":63,"column":47},"end":{"line":63,"column":69}},"type":"cond-expr","locations":[{"start":{"line":63,"column":57},"end":{"line":63,"column":64}},{"start":{"line":63,"column":67},"end":{"line":63,"column":69}}],"line":63},"6":{"loc":{"start":{"line":83,"column":4},"end":{"line":113,"column":5}},"type":"if","locations":[{"start":{"line":83,"column":4},"end":{"line":113,"column":5}},{"start":{"line":83,"column":4},"end":{"line":113,"column":5}}],"line":83},"7":{"loc":{"start":{"line":87,"column":47},"end":{"line":87,"column":69}},"type":"cond-expr","locations":[{"start":{"line":87,"column":57},"end":{"line":87,"column":64}},{"start":{"line":87,"column":67},"end":{"line":87,"column":69}}],"line":87},"8":{"loc":{"start":{"line":115,"column":4},"end":{"line":193,"column":5}},"type":"if","locations":[{"start":{"line":115,"column":4},"end":{"line":193,"column":5}},{"start":{"line":115,"column":4},"end":{"line":193,"column":5}}],"line":115},"9":{"loc":{"start":{"line":172,"column":73},"end":{"line":172,"column":95}},"type":"cond-expr","locations":[{"start":{"line":172,"column":83},"end":{"line":172,"column":90}},{"start":{"line":172,"column":93},"end":{"line":172,"column":95}}],"line":172},"10":{"loc":{"start":{"line":183,"column":50},"end":{"line":183,"column":78}},"type":"cond-expr","locations":[{"start":{"line":183,"column":64},"end":{"line":183,"column":66}},{"start":{"line":183,"column":69},"end":{"line":183,"column":78}}],"line":183},"11":{"loc":{"start":{"line":195,"column":4},"end":{"line":256,"column":5}},"type":"if","locations":[{"start":{"line":195,"column":4},"end":{"line":256,"column":5}},{"start":{"line":195,"column":4},"end":{"line":256,"column":5}}],"line":195},"12":{"loc":{"start":{"line":237,"column":70},"end":{"line":237,"column":92}},"type":"cond-expr","locations":[{"start":{"line":237,"column":80},"end":{"line":237,"column":87}},{"start":{"line":237,"column":90},"end":{"line":237,"column":92}}],"line":237},"13":{"loc":{"start":{"line":246,"column":50},"end":{"line":246,"column":78}},"type":"cond-expr","locations":[{"start":{"line":246,"column":64},"end":{"line":246,"column":66}},{"start":{"line":246,"column":69},"end":{"line":246,"column":78}}],"line":246},"14":{"loc":{"start":{"line":258,"column":4},"end":{"line":338,"column":5}},"type":"if","locations":[{"start":{"line":258,"column":4},"end":{"line":338,"column":5}},{"start":{"line":258,"column":4},"end":{"line":338,"column":5}}],"line":258},"15":{"loc":{"start":{"line":261,"column":45},"end":{"line":261,"column":69}},"type":"cond-expr","locations":[{"start":{"line":261,"column":56},"end":{"line":261,"column":64}},{"start":{"line":261,"column":67},"end":{"line":261,"column":69}}],"line":261},"16":{"loc":{"start":{"line":291,"column":12},"end":{"line":293,"column":13}},"type":"if","locations":[{"start":{"line":291,"column":12},"end":{"line":293,"column":13}},{"start":{"line":291,"column":12},"end":{"line":293,"column":13}}],"line":291},"17":{"loc":{"start":{"line":311,"column":70},"end":{"line":311,"column":92}},"type":"cond-expr","locations":[{"start":{"line":311,"column":80},"end":{"line":311,"column":87}},{"start":{"line":311,"column":90},"end":{"line":311,"column":92}}],"line":311},"18":{"loc":{"start":{"line":321,"column":28},"end":{"line":325,"column":165}},"type":"cond-expr","locations":[{"start":{"line":322,"column":32},"end":{"line":322,"column":36}},{"start":{"line":325,"column":28},"end":{"line":325,"column":165}}],"line":321},"19":{"loc":{"start":{"line":328,"column":50},"end":{"line":328,"column":78}},"type":"cond-expr","locations":[{"start":{"line":328,"column":64},"end":{"line":328,"column":66}},{"start":{"line":328,"column":69},"end":{"line":328,"column":78}}],"line":328}},"s":{"0":17,"1":2,"2":2,"3":15,"4":4,"5":4,"6":11,"7":1,"8":1,"9":10,"10":4,"11":4,"12":4,"13":4,"14":4,"15":4,"16":4,"17":4,"18":4,"19":4,"20":4,"21":4,"22":4,"23":4,"24":4,"25":4,"26":4,"27":4,"28":1,"29":1,"30":4,"31":6,"32":0,"33":0,"34":0,"35":0,"36":0,"37":0,"38":0,"39":0,"40":0,"41":0,"42":0,"43":0,"44":0,"45":0,"46":0,"47":0,"48":6,"49":6,"50":6,"51":6,"52":6,"53":6,"54":6,"55":6,"56":6,"57":6,"58":6,"59":6,"60":6,"61":6,"62":6,"63":6,"64":6,"65":0,"66":6,"67":6,"68":2,"69":2,"70":6},"f":{"0":17,"1":1,"2":0,"3":6,"4":2},"b":{"0":[2],"1":[14],"2":[2,15],"3":[1,1],"4":[4,11],"5":[3,1],"6":[1,10],"7":[0,1],"8":[4,6],"9":[0,4],"10":[0,4],"11":[0,6],"12":[0,0],"13":[0,0],"14":[6,0],"15":[6,0],"16":[0,6],"17":[0,6],"18":[0,6],"19":[0,6]},"_coverageSchema":"1a1c01bbd47fc00a2c39e90264f33305004495a9","hash":"b04e071345441e840d9b96e6c36cdbbd0f12162f"}
,"C:\\Users\\artme\\OneDrive\\Рабочий стол\\crud-system-tests\\client\\src\\components\\Controller\\Controller.js": {"path":"C:\\Users\\artme\\OneDrive\\Рабочий стол\\crud-system-tests\\client\\src\\components\\Controller\\Controller.js","statementMap":{"0":{"start":{"line":5,"column":4},"end":{"line":11,"column":5}},"1":{"start":{"line":6,"column":8},"end":{"line":10,"column":9}},"2":{"start":{"line":13,"column":4},"end":{"line":15,"column":5}}},"fnMap":{"0":{"name":"(anonymous_0)","decl":{"start":{"line":3,"column":15},"end":{"line":3,"column":16}},"loc":{"start":{"line":3,"column":101},"end":{"line":16,"column":1}},"line":3}},"branchMap":{"0":{"loc":{"start":{"line":3,"column":72},"end":{"line":3,"column":95}},"type":"default-arg","locations":[{"start":{"line":3,"column":88},"end":{"line":3,"column":95}}],"line":3},"1":{"loc":{"start":{"line":5,"column":4},"end":{"line":11,"column":5}},"type":"if","locations":[{"start":{"line":5,"column":4},"end":{"line":11,"column":5}},{"start":{"line":5,"column":4},"end":{"line":11,"column":5}}],"line":5}},"s":{"0":56,"1":6,"2":50},"f":{"0":56},"b":{"0":[50],"1":[6,50]},"_coverageSchema":"1a1c01bbd47fc00a2c39e90264f33305004495a9","hash":"3351bb80893cfc95b5d3dec1f1908f026afdd088"}
,"C:\\Users\\artme\\OneDrive\\Рабочий стол\\crud-system-tests\\client\\src\\components\\Loader\\Loader.js": {"path":"C:\\Users\\artme\\OneDrive\\Рабочий стол\\crud-system-tests\\client\\src\\components\\Loader\\Loader.js","statementMap":{"0":{"start":{"line":4,"column":4},"end":{"line":8,"column":5}}},"fnMap":{"0":{"name":"(anonymous_0)","decl":{"start":{"line":3,"column":15},"end":{"line":3,"column":16}},"loc":{"start":{"line":3,"column":21},"end":{"line":9,"column":1}},"line":3}},"branchMap":{},"s":{"0":1},"f":{"0":1},"b":{},"_coverageSchema":"1a1c01bbd47fc00a2c39e90264f33305004495a9","hash":"c1ba82dc1fff19a739c5e7db512852d706889fdf"}
,"C:\\Users\\artme\\OneDrive\\Рабочий стол\\crud-system-tests\\client\\src\\components\\Nav\\Nav.js": {"path":"C:\\Users\\artme\\OneDrive\\Рабочий стол\\crud-system-tests\\client\\src\\components\\Nav\\Nav.js","statementMap":{"0":{"start":{"line":7,"column":35},"end":{"line":7,"column":58}},"1":{"start":{"line":8,"column":34},"end":{"line":8,"column":49}},"2":{"start":{"line":10,"column":19},"end":{"line":13,"column":5}},"3":{"start":{"line":15,"column":23},"end":{"line":18,"column":5}},"4":{"start":{"line":20,"column":23},"end":{"line":22,"column":5}},"5":{"start":{"line":21,"column":8},"end":{"line":21,"column":40}},"6":{"start":{"line":21,"column":30},"end":{"line":21,"column":38}},"7":{"start":{"line":24,"column":24},"end":{"line":83,"column":5}},"8":{"start":{"line":25,"column":8},"end":{"line":82,"column":9}},"9":{"start":{"line":26,"column":12},"end":{"line":66,"column":13}},"10":{"start":{"line":68,"column":12},"end":{"line":81,"column":13}},"11":{"start":{"line":86,"column":4},"end":{"line":98,"column":5}}},"fnMap":{"0":{"name":"(anonymous_0)","decl":{"start":{"line":6,"column":15},"end":{"line":6,"column":16}},"loc":{"start":{"line":6,"column":21},"end":{"line":101,"column":1}},"line":6},"1":{"name":"(anonymous_1)","decl":{"start":{"line":20,"column":23},"end":{"line":20,"column":24}},"loc":{"start":{"line":20,"column":29},"end":{"line":22,"column":5}},"line":20},"2":{"name":"(anonymous_2)","decl":{"start":{"line":21,"column":19},"end":{"line":21,"column":20}},"loc":{"start":{"line":21,"column":30},"end":{"line":21,"column":38}},"line":21},"3":{"name":"(anonymous_3)","decl":{"start":{"line":24,"column":24},"end":{"line":24,"column":25}},"loc":{"start":{"line":24,"column":30},"end":{"line":83,"column":5}},"line":24}},"branchMap":{"0":{"loc":{"start":{"line":12,"column":8},"end":{"line":12,"column":63}},"type":"cond-expr","locations":[{"start":{"line":12,"column":18},"end":{"line":12,"column":40}},{"start":{"line":12,"column":43},"end":{"line":12,"column":63}}],"line":12},"1":{"loc":{"start":{"line":17,"column":8},"end":{"line":17,"column":50}},"type":"cond-expr","locations":[{"start":{"line":17,"column":18},"end":{"line":17,"column":45}},{"start":{"line":17,"column":48},"end":{"line":17,"column":50}}],"line":17},"2":{"loc":{"start":{"line":25,"column":8},"end":{"line":82,"column":9}},"type":"if","locations":[{"start":{"line":25,"column":8},"end":{"line":82,"column":9}},{"start":{"line":25,"column":8},"end":{"line":82,"column":9}}],"line":25},"3":{"loc":{"start":{"line":38,"column":21},"end":{"line":45,"column":28}},"type":"cond-expr","locations":[{"start":{"line":39,"column":24},"end":{"line":43,"column":29}},{"start":{"line":45,"column":24},"end":{"line":45,"column":28}}],"line":38},"4":{"loc":{"start":{"line":47,"column":21},"end":{"line":54,"column":28}},"type":"cond-expr","locations":[{"start":{"line":48,"column":24},"end":{"line":52,"column":29}},{"start":{"line":54,"column":24},"end":{"line":54,"column":28}}],"line":47}},"s":{"0":2,"1":2,"2":2,"3":2,"4":2,"5":1,"6":1,"7":2,"8":2,"9":0,"10":2,"11":2},"f":{"0":2,"1":1,"2":1,"3":2},"b":{"0":[1,1],"1":[1,1],"2":[0,2],"3":[0,0],"4":[0,0]},"_coverageSchema":"1a1c01bbd47fc00a2c39e90264f33305004495a9","hash":"6945431857863fb2fa5353985fee0a750233cfd4"}
,"C:\\Users\\artme\\OneDrive\\Рабочий стол\\crud-system-tests\\client\\src\\hooks\\authHook\\useAuthHook.js": {"path":"C:\\Users\\artme\\OneDrive\\Рабочий стол\\crud-system-tests\\client\\src\\hooks\\authHook\\useAuthHook.js","statementMap":{"0":{"start":{"line":6,"column":24},"end":{"line":6,"column":35}},"1":{"start":{"line":9,"column":14},"end":{"line":9,"column":53}},"2":{"start":{"line":12,"column":21},"end":{"line":12,"column":34}},"3":{"start":{"line":13,"column":22},"end":{"line":13,"column":45}},"4":{"start":{"line":15,"column":33},"end":{"line":26,"column":5}},"5":{"start":{"line":16,"column":8},"end":{"line":19,"column":11}},"6":{"start":{"line":21,"column":29},"end":{"line":23,"column":9}},"7":{"start":{"line":25,"column":8},"end":{"line":25,"column":78}},"8":{"start":{"line":28,"column":25},"end":{"line":37,"column":5}},"9":{"start":{"line":29,"column":28},"end":{"line":29,"column":45}},"10":{"start":{"line":30,"column":25},"end":{"line":32,"column":10}},"11":{"start":{"line":34,"column":8},"end":{"line":36,"column":9}},"12":{"start":{"line":35,"column":12},"end":{"line":35,"column":54}},"13":{"start":{"line":39,"column":34},"end":{"line":45,"column":5}},"14":{"start":{"line":40,"column":8},"end":{"line":40,"column":51}},"15":{"start":{"line":42,"column":8},"end":{"line":44,"column":11}},"16":{"start":{"line":47,"column":4},"end":{"line":51,"column":9}},"17":{"start":{"line":48,"column":8},"end":{"line":50,"column":9}},"18":{"start":{"line":49,"column":12},"end":{"line":49,"column":32}},"19":{"start":{"line":53,"column":4},"end":{"line":55,"column":5}}},"fnMap":{"0":{"name":"(anonymous_0)","decl":{"start":{"line":11,"column":15},"end":{"line":11,"column":16}},"loc":{"start":{"line":11,"column":21},"end":{"line":56,"column":1}},"line":11},"1":{"name":"(anonymous_1)","decl":{"start":{"line":15,"column":33},"end":{"line":15,"column":34}},"loc":{"start":{"line":15,"column":42},"end":{"line":26,"column":5}},"line":15},"2":{"name":"(anonymous_2)","decl":{"start":{"line":28,"column":25},"end":{"line":28,"column":26}},"loc":{"start":{"line":28,"column":42},"end":{"line":37,"column":5}},"line":28},"3":{"name":"(anonymous_3)","decl":{"start":{"line":39,"column":34},"end":{"line":39,"column":35}},"loc":{"start":{"line":39,"column":40},"end":{"line":45,"column":5}},"line":39},"4":{"name":"(anonymous_4)","decl":{"start":{"line":47,"column":14},"end":{"line":47,"column":15}},"loc":{"start":{"line":47,"column":20},"end":{"line":51,"column":5}},"line":47}},"branchMap":{"0":{"loc":{"start":{"line":34,"column":8},"end":{"line":36,"column":9}},"type":"if","locations":[{"start":{"line":34,"column":8},"end":{"line":36,"column":9}},{"start":{"line":34,"column":8},"end":{"line":36,"column":9}}],"line":34},"1":{"loc":{"start":{"line":48,"column":8},"end":{"line":50,"column":9}},"type":"if","locations":[{"start":{"line":48,"column":8},"end":{"line":50,"column":9}},{"start":{"line":48,"column":8},"end":{"line":50,"column":9}}],"line":48}},"s":{"0":7,"1":7,"2":19,"3":19,"4":19,"5":0,"6":0,"7":0,"8":19,"9":0,"10":0,"11":0,"12":0,"13":19,"14":0,"15":0,"16":19,"17":9,"18":0,"19":19},"f":{"0":19,"1":0,"2":0,"3":0,"4":9},"b":{"0":[0,0],"1":[0,9]},"_coverageSchema":"1a1c01bbd47fc00a2c39e90264f33305004495a9","hash":"060e425ba9d860e8eb6594d2685bacc10edd01e5"}
,"C:\\Users\\artme\\OneDrive\\Рабочий стол\\crud-system-tests\\client\\src\\hooks\\useHttp\\HttpContext.js": {"path":"C:\\Users\\artme\\OneDrive\\Рабочий стол\\crud-system-tests\\client\\src\\hooks\\useHttp\\HttpContext.js","statementMap":{"0":{"start":{"line":3,"column":27},"end":{"line":3,"column":42}}},"fnMap":{},"branchMap":{},"s":{"0":7},"f":{},"b":{},"_coverageSchema":"1a1c01bbd47fc00a2c39e90264f33305004495a9","hash":"506da293609375cbcddf52f59e32592344ec112e"}
,"C:\\Users\\artme\\OneDrive\\Рабочий стол\\crud-system-tests\\client\\src\\hooks\\useHttp\\useHttp.js": {"path":"C:\\Users\\artme\\OneDrive\\Рабочий стол\\crud-system-tests\\client\\src\\hooks\\useHttp\\useHttp.js","statementMap":{"0":{"start":{"line":7,"column":28},"end":{"line":7,"column":43}},"1":{"start":{"line":8,"column":37},"end":{"line":8,"column":51}},"2":{"start":{"line":9,"column":43},"end":{"line":9,"column":57}},"3":{"start":{"line":11,"column":26},"end":{"line":11,"column":50}},"4":{"start":{"line":13,"column":26},"end":{"line":16,"column":5}},"5":{"start":{"line":14,"column":8},"end":{"line":14,"column":41}},"6":{"start":{"line":15,"column":8},"end":{"line":15,"column":14}},"7":{"start":{"line":19,"column":4},"end":{"line":23,"column":27}},"8":{"start":{"line":20,"column":8},"end":{"line":22,"column":9}},"9":{"start":{"line":21,"column":12},"end":{"line":21,"column":70}},"10":{"start":{"line":25,"column":4},"end":{"line":29,"column":23}},"11":{"start":{"line":26,"column":8},"end":{"line":28,"column":9}},"12":{"start":{"line":27,"column":12},"end":{"line":27,"column":55}},"13":{"start":{"line":32,"column":20},"end":{"line":60,"column":5}},"14":{"start":{"line":33,"column":8},"end":{"line":59,"column":9}},"15":{"start":{"line":34,"column":12},"end":{"line":34,"column":26}},"16":{"start":{"line":36,"column":12},"end":{"line":39,"column":13}},"17":{"start":{"line":37,"column":16},"end":{"line":37,"column":61}},"18":{"start":{"line":38,"column":16},"end":{"line":38,"column":44}},"19":{"start":{"line":41,"column":24},"end":{"line":43,"column":14}},"20":{"start":{"line":44,"column":25},"end":{"line":44,"column":41}},"21":{"start":{"line":46,"column":12},"end":{"line":48,"column":13}},"22":{"start":{"line":47,"column":16},"end":{"line":47,"column":46}},"23":{"start":{"line":49,"column":12},"end":{"line":49,"column":27}},"24":{"start":{"line":50,"column":12},"end":{"line":50,"column":37}},"25":{"start":{"line":52,"column":12},"end":{"line":54,"column":13}},"26":{"start":{"line":57,"column":12},"end":{"line":57,"column":27}},"27":{"start":{"line":58,"column":12},"end":{"line":58,"column":32}},"28":{"start":{"line":62,"column":26},"end":{"line":65,"column":5}},"29":{"start":{"line":63,"column":8},"end":{"line":63,"column":21}},"30":{"start":{"line":64,"column":8},"end":{"line":64,"column":23}},"31":{"start":{"line":68,"column":4},"end":{"line":74,"column":5}}},"fnMap":{"0":{"name":"(anonymous_0)","decl":{"start":{"line":6,"column":15},"end":{"line":6,"column":16}},"loc":{"start":{"line":6,"column":31},"end":{"line":75,"column":1}},"line":6},"1":{"name":"(anonymous_1)","decl":{"start":{"line":13,"column":26},"end":{"line":13,"column":27}},"loc":{"start":{"line":13,"column":59},"end":{"line":16,"column":5}},"line":13},"2":{"name":"(anonymous_2)","decl":{"start":{"line":19,"column":14},"end":{"line":19,"column":15}},"loc":{"start":{"line":19,"column":20},"end":{"line":23,"column":5}},"line":19},"3":{"name":"(anonymous_3)","decl":{"start":{"line":25,"column":14},"end":{"line":25,"column":15}},"loc":{"start":{"line":25,"column":20},"end":{"line":29,"column":5}},"line":25},"4":{"name":"(anonymous_4)","decl":{"start":{"line":32,"column":20},"end":{"line":32,"column":21}},"loc":{"start":{"line":32,"column":77},"end":{"line":60,"column":5}},"line":32},"5":{"name":"(anonymous_5)","decl":{"start":{"line":62,"column":26},"end":{"line":62,"column":27}},"loc":{"start":{"line":62,"column":32},"end":{"line":65,"column":5}},"line":62}},"branchMap":{"0":{"loc":{"start":{"line":13,"column":40},"end":{"line":13,"column":54}},"type":"default-arg","locations":[{"start":{"line":13,"column":47},"end":{"line":13,"column":54}}],"line":13},"1":{"loc":{"start":{"line":20,"column":8},"end":{"line":22,"column":9}},"type":"if","locations":[{"start":{"line":20,"column":8},"end":{"line":22,"column":9}},{"start":{"line":20,"column":8},"end":{"line":22,"column":9}}],"line":20},"2":{"loc":{"start":{"line":26,"column":8},"end":{"line":28,"column":9}},"type":"if","locations":[{"start":{"line":26,"column":8},"end":{"line":28,"column":9}},{"start":{"line":26,"column":8},"end":{"line":28,"column":9}}],"line":26},"3":{"loc":{"start":{"line":32,"column":31},"end":{"line":32,"column":45}},"type":"default-arg","locations":[{"start":{"line":32,"column":40},"end":{"line":32,"column":45}}],"line":32},"4":{"loc":{"start":{"line":32,"column":47},"end":{"line":32,"column":58}},"type":"default-arg","locations":[{"start":{"line":32,"column":54},"end":{"line":32,"column":58}}],"line":32},"5":{"loc":{"start":{"line":32,"column":60},"end":{"line":32,"column":72}},"type":"default-arg","locations":[{"start":{"line":32,"column":70},"end":{"line":32,"column":72}}],"line":32},"6":{"loc":{"start":{"line":36,"column":12},"end":{"line":39,"column":13}},"type":"if","locations":[{"start":{"line":36,"column":12},"end":{"line":39,"column":13}},{"start":{"line":36,"column":12},"end":{"line":39,"column":13}}],"line":36},"7":{"loc":{"start":{"line":46,"column":12},"end":{"line":48,"column":13}},"type":"if","locations":[{"start":{"line":46,"column":12},"end":{"line":48,"column":13}},{"start":{"line":46,"column":12},"end":{"line":48,"column":13}}],"line":46}},"s":{"0":22,"1":22,"2":22,"3":22,"4":22,"5":6,"6":6,"7":22,"8":16,"9":0,"10":22,"11":22,"12":6,"13":22,"14":6,"15":6,"16":6,"17":3,"18":3,"19":6,"20":0,"21":0,"22":0,"23":0,"24":0,"25":0,"26":6,"27":6,"28":22,"29":6,"30":6,"31":22},"f":{"0":22,"1":6,"2":16,"3":22,"4":6,"5":6},"b":{"0":[6],"1":[0,16],"2":[6,16],"3":[0],"4":[1],"5":[4],"6":[3,3],"7":[0,0]},"_coverageSchema":"1a1c01bbd47fc00a2c39e90264f33305004495a9","hash":"ebe4e619d457e28d434af919bb0f3f27fa63a84e"}
,"C:\\Users\\artme\\OneDrive\\Рабочий стол\\crud-system-tests\\client\\src\\hooks\\validation\\useFormValidator.js": {"path":"C:\\Users\\artme\\OneDrive\\Рабочий стол\\crud-system-tests\\client\\src\\hooks\\validation\\useFormValidator.js","statementMap":{"0":{"start":{"line":2,"column":29},"end":{"line":2,"column":77}},"1":{"start":{"line":2,"column":60},"end":{"line":2,"column":76}},"2":{"start":{"line":4,"column":4},"end":{"line":8,"column":5}},"3":{"start":{"line":5,"column":8},"end":{"line":5,"column":20}},"4":{"start":{"line":7,"column":8},"end":{"line":7,"column":21}}},"fnMap":{"0":{"name":"(anonymous_0)","decl":{"start":{"line":1,"column":15},"end":{"line":1,"column":16}},"loc":{"start":{"line":1,"column":30},"end":{"line":9,"column":1}},"line":1},"1":{"name":"(anonymous_1)","decl":{"start":{"line":2,"column":41},"end":{"line":2,"column":42}},"loc":{"start":{"line":2,"column":60},"end":{"line":2,"column":76}},"line":2}},"branchMap":{"0":{"loc":{"start":{"line":4,"column":4},"end":{"line":8,"column":5}},"type":"if","locations":[{"start":{"line":4,"column":4},"end":{"line":8,"column":5}},{"start":{"line":4,"column":4},"end":{"line":8,"column":5}}],"line":4}},"s":{"0":13,"1":13,"2":13,"3":0,"4":13},"f":{"0":13,"1":13},"b":{"0":[0,13]},"_coverageSchema":"1a1c01bbd47fc00a2c39e90264f33305004495a9","hash":"bd2e99896ade00f8e5f9933779c2159e5c1652e0"}
,"C:\\Users\\artme\\OneDrive\\Рабочий стол\\crud-system-tests\\client\\src\\hooks\\validation\\useInputValidator.js": {"path":"C:\\Users\\artme\\OneDrive\\Рабочий стол\\crud-system-tests\\client\\src\\hooks\\validation\\useInputValidator.js","statementMap":{"0":{"start":{"line":4,"column":30},"end":{"line":4,"column":58}},"1":{"start":{"line":5,"column":35},"end":{"line":5,"column":50}},"2":{"start":{"line":7,"column":21},"end":{"line":9,"column":5}},"3":{"start":{"line":8,"column":8},"end":{"line":8,"column":33}},"4":{"start":{"line":11,"column":19},"end":{"line":13,"column":5}},"5":{"start":{"line":12,"column":8},"end":{"line":12,"column":28}},"6":{"start":{"line":15,"column":23},"end":{"line":18,"column":5}},"7":{"start":{"line":16,"column":8},"end":{"line":16,"column":29}},"8":{"start":{"line":17,"column":8},"end":{"line":17,"column":21}},"9":{"start":{"line":21,"column":4},"end":{"line":25,"column":5}}},"fnMap":{"0":{"name":"(anonymous_0)","decl":{"start":{"line":3,"column":15},"end":{"line":3,"column":16}},"loc":{"start":{"line":3,"column":33},"end":{"line":26,"column":1}},"line":3},"1":{"name":"(anonymous_1)","decl":{"start":{"line":7,"column":21},"end":{"line":7,"column":22}},"loc":{"start":{"line":7,"column":26},"end":{"line":9,"column":5}},"line":7},"2":{"name":"(anonymous_2)","decl":{"start":{"line":11,"column":19},"end":{"line":11,"column":20}},"loc":{"start":{"line":11,"column":25},"end":{"line":13,"column":5}},"line":11},"3":{"name":"(anonymous_3)","decl":{"start":{"line":15,"column":23},"end":{"line":15,"column":24}},"loc":{"start":{"line":15,"column":29},"end":{"line":18,"column":5}},"line":15}},"branchMap":{"0":{"loc":{"start":{"line":4,"column":39},"end":{"line":4,"column":57}},"type":"binary-expr","locations":[{"start":{"line":4,"column":39},"end":{"line":4,"column":51}},{"start":{"line":4,"column":55},"end":{"line":4,"column":57}}],"line":4}},"s":{"0":56,"1":56,"2":56,"3":0,"4":56,"5":0,"6":56,"7":0,"8":0,"9":56},"f":{"0":56,"1":0,"2":0,"3":0},"b":{"0":[56,36]},"_coverageSchema":"1a1c01bbd47fc00a2c39e90264f33305004495a9","hash":"97129c45c1ac2dede8e7817505b8f87584b1840d"}
,"C:\\Users\\artme\\OneDrive\\Рабочий стол\\crud-system-tests\\client\\src\\hooks\\validation\\useValidation.js": {"path":"C:\\Users\\artme\\OneDrive\\Рабочий стол\\crud-system-tests\\client\\src\\hooks\\validation\\useValidation.js","statementMap":{"0":{"start":{"line":7,"column":25},"end":{"line":7,"column":37}},"1":{"start":{"line":9,"column":32},"end":{"line":9,"column":47}},"2":{"start":{"line":10,"column":38},"end":{"line":10,"column":53}},"3":{"start":{"line":11,"column":36},"end":{"line":11,"column":51}},"4":{"start":{"line":14,"column":23},"end":{"line":14,"column":27}},"5":{"start":{"line":16,"column":4},"end":{"line":30,"column":23}},"6":{"start":{"line":17,"column":8},"end":{"line":29,"column":9}},"7":{"start":{"line":18,"column":12},"end":{"line":28,"column":13}},"8":{"start":{"line":20,"column":20},"end":{"line":21,"column":78}},"9":{"start":{"line":22,"column":20},"end":{"line":22,"column":26}},"10":{"start":{"line":24,"column":20},"end":{"line":24,"column":118}},"11":{"start":{"line":25,"column":20},"end":{"line":25,"column":26}},"12":{"start":{"line":27,"column":20},"end":{"line":27,"column":82}},"13":{"start":{"line":32,"column":32},"end":{"line":35,"column":5}},"14":{"start":{"line":37,"column":4},"end":{"line":39,"column":7}},"15":{"start":{"line":38,"column":8},"end":{"line":38,"column":70}},"16":{"start":{"line":41,"column":23},"end":{"line":49,"column":5}},"17":{"start":{"line":53,"column":4},"end":{"line":56,"column":5}}},"fnMap":{"0":{"name":"(anonymous_0)","decl":{"start":{"line":3,"column":15},"end":{"line":3,"column":16}},"loc":{"start":{"line":6,"column":6},"end":{"line":58,"column":1}},"line":6},"1":{"name":"(anonymous_1)","decl":{"start":{"line":16,"column":14},"end":{"line":16,"column":15}},"loc":{"start":{"line":16,"column":20},"end":{"line":30,"column":5}},"line":16},"2":{"name":"(anonymous_2)","decl":{"start":{"line":37,"column":42},"end":{"line":37,"column":43}},"loc":{"start":{"line":37,"column":54},"end":{"line":39,"column":5}},"line":37}},"branchMap":{"0":{"loc":{"start":{"line":3,"column":61},"end":{"line":6,"column":1}},"type":"default-arg","locations":[{"start":{"line":3,"column":80},"end":{"line":6,"column":1}}],"line":3},"1":{"loc":{"start":{"line":18,"column":12},"end":{"line":28,"column":13}},"type":"switch","locations":[{"start":{"line":19,"column":16},"end":{"line":22,"column":26}},{"start":{"line":23,"column":16},"end":{"line":25,"column":26}},{"start":{"line":26,"column":16},"end":{"line":27,"column":82}}],"line":18},"2":{"loc":{"start":{"line":20,"column":20},"end":{"line":21,"column":78}},"type":"cond-expr","locations":[{"start":{"line":21,"column":46},"end":{"line":21,"column":60}},{"start":{"line":21,"column":63},"end":{"line":21,"column":78}}],"line":20},"3":{"loc":{"start":{"line":24,"column":20},"end":{"line":24,"column":118}},"type":"cond-expr","locations":[{"start":{"line":24,"column":78},"end":{"line":24,"column":96}},{"start":{"line":24,"column":99},"end":{"line":24,"column":118}}],"line":24},"4":{"loc":{"start":{"line":27,"column":20},"end":{"line":27,"column":82}},"type":"cond-expr","locations":[{"start":{"line":27,"column":44},"end":{"line":27,"column":61}},{"start":{"line":27,"column":64},"end":{"line":27,"column":82}}],"line":27},"5":{"loc":{"start":{"line":38,"column":24},"end":{"line":38,"column":69}},"type":"binary-expr","locations":[{"start":{"line":38,"column":24},"end":{"line":38,"column":36}},{"start":{"line":38,"column":40},"end":{"line":38,"column":69}}],"line":38},"6":{"loc":{"start":{"line":43,"column":8},"end":{"line":48,"column":12}},"type":"cond-expr","locations":[{"start":{"line":44,"column":12},"end":{"line":47,"column":42}},{"start":{"line":48,"column":10},"end":{"line":48,"column":12}}],"line":43},"7":{"loc":{"start":{"line":44,"column":12},"end":{"line":47,"column":42}},"type":"cond-expr","locations":[{"start":{"line":45,"column":16},"end":{"line":45,"column":38}},{"start":{"line":47,"column":16},"end":{"line":47,"column":42}}],"line":44}},"s":{"0":56,"1":56,"2":56,"3":56,"4":56,"5":56,"6":20,"7":22,"8":2,"9":2,"10":18,"11":18,"12":2,"13":56,"14":56,"15":62,"16":56,"17":56},"f":{"0":56,"1":20,"2":62},"b":{"0":[50],"1":[2,18,2],"2":[0,2],"3":[2,16],"4":[2,0],"5":[62,59],"6":[0,56],"7":[0,0]},"_coverageSchema":"1a1c01bbd47fc00a2c39e90264f33305004495a9","hash":"b04dca9598ae95f3f2e06022097ffc9ad18c513f"}
,"C:\\Users\\artme\\OneDrive\\Рабочий стол\\crud-system-tests\\client\\src\\pages\\AllProfilesPage.js": {"path":"C:\\Users\\artme\\OneDrive\\Рабочий стол\\crud-system-tests\\client\\src\\pages\\AllProfilesPage.js","statementMap":{"0":{"start":{"line":9,"column":51},"end":{"line":9,"column":74}},"1":{"start":{"line":10,"column":54},"end":{"line":10,"column":69}},"2":{"start":{"line":11,"column":34},"end":{"line":11,"column":48}},"3":{"start":{"line":13,"column":19},"end":{"line":13,"column":42}},"4":{"start":{"line":15,"column":4},"end":{"line":17,"column":11}},"5":{"start":{"line":16,"column":8},"end":{"line":16,"column":22}},"6":{"start":{"line":20,"column":4},"end":{"line":22,"column":5}},"7":{"start":{"line":21,"column":8},"end":{"line":21,"column":24}},"8":{"start":{"line":24,"column":34},"end":{"line":27,"column":5}},"9":{"start":{"line":25,"column":8},"end":{"line":25,"column":25}},"10":{"start":{"line":26,"column":8},"end":{"line":26,"column":35}},"11":{"start":{"line":29,"column":28},"end":{"line":31,"column":5}},"12":{"start":{"line":30,"column":8},"end":{"line":30,"column":36}},"13":{"start":{"line":33,"column":27},"end":{"line":56,"column":5}},"14":{"start":{"line":34,"column":8},"end":{"line":54,"column":13}},"15":{"start":{"line":35,"column":16},"end":{"line":53,"column":17}},"16":{"start":{"line":36,"column":20},"end":{"line":36,"column":47}},"17":{"start":{"line":38,"column":20},"end":{"line":52,"column":23}},"18":{"start":{"line":39,"column":24},"end":{"line":51,"column":25}},"19":{"start":{"line":59,"column":4},"end":{"line":75,"column":5}}},"fnMap":{"0":{"name":"(anonymous_0)","decl":{"start":{"line":8,"column":15},"end":{"line":8,"column":16}},"loc":{"start":{"line":8,"column":21},"end":{"line":76,"column":1}},"line":8},"1":{"name":"(anonymous_1)","decl":{"start":{"line":15,"column":14},"end":{"line":15,"column":15}},"loc":{"start":{"line":15,"column":20},"end":{"line":17,"column":5}},"line":15},"2":{"name":"(anonymous_2)","decl":{"start":{"line":24,"column":34},"end":{"line":24,"column":35}},"loc":{"start":{"line":24,"column":42},"end":{"line":27,"column":5}},"line":24},"3":{"name":"(anonymous_3)","decl":{"start":{"line":29,"column":28},"end":{"line":29,"column":29}},"loc":{"start":{"line":29,"column":34},"end":{"line":31,"column":5}},"line":29},"4":{"name":"(anonymous_4)","decl":{"start":{"line":33,"column":27},"end":{"line":33,"column":28}},"loc":{"start":{"line":33,"column":33},"end":{"line":56,"column":5}},"line":33},"5":{"name":"(anonymous_5)","decl":{"start":{"line":38,"column":40},"end":{"line":38,"column":41}},"loc":{"start":{"line":38,"column":48},"end":{"line":52,"column":21}},"line":38}},"branchMap":{"0":{"loc":{"start":{"line":20,"column":4},"end":{"line":22,"column":5}},"type":"if","locations":[{"start":{"line":20,"column":4},"end":{"line":22,"column":5}},{"start":{"line":20,"column":4},"end":{"line":22,"column":5}}],"line":20},"1":{"loc":{"start":{"line":34,"column":8},"end":{"line":54,"column":13}},"type":"if","locations":[{"start":{"line":34,"column":8},"end":{"line":54,"column":13}},{"start":{"line":34,"column":8},"end":{"line":54,"column":13}}],"line":34},"2":{"loc":{"start":{"line":35,"column":16},"end":{"line":53,"column":17}},"type":"if","locations":[{"start":{"line":35,"column":16},"end":{"line":53,"column":17}},{"start":{"line":35,"column":16},"end":{"line":53,"column":17}}],"line":35},"3":{"loc":{"start":{"line":69,"column":15},"end":{"line":72,"column":24}},"type":"cond-expr","locations":[{"start":{"line":70,"column":20},"end":{"line":70,"column":138}},{"start":{"line":72,"column":20},"end":{"line":72,"column":24}}],"line":69}},"s":{"0":3,"1":3,"2":3,"3":3,"4":3,"5":1,"6":3,"7":0,"8":3,"9":0,"10":0,"11":3,"12":0,"13":3,"14":3,"15":0,"16":0,"17":0,"18":0,"19":3},"f":{"0":3,"1":1,"2":0,"3":0,"4":3,"5":0},"b":{"0":[0,3],"1":[0,3],"2":[0,0],"3":[0,3]},"_coverageSchema":"1a1c01bbd47fc00a2c39e90264f33305004495a9","hash":"2647e7a5281ac366786dd2ebfeb0f8aa2be6db0d"}
,"C:\\Users\\artme\\OneDrive\\Рабочий стол\\crud-system-tests\\client\\src\\pages\\CreateProfilePage.js": {"path":"C:\\Users\\artme\\OneDrive\\Рабочий стол\\crud-system-tests\\client\\src\\pages\\CreateProfilePage.js","statementMap":{"0":{"start":{"line":12,"column":28},"end":{"line":12,"column":51}},"1":{"start":{"line":14,"column":24},"end":{"line":17,"column":5}},"2":{"start":{"line":19,"column":26},"end":{"line":19,"column":82}},"3":{"start":{"line":21,"column":119},"end":{"line":21,"column":138}},"4":{"start":{"line":22,"column":115},"end":{"line":22,"column":134}},"5":{"start":{"line":24,"column":95},"end":{"line":24,"column":114}},"6":{"start":{"line":25,"column":111},"end":{"line":25,"column":130}},"7":{"start":{"line":27,"column":87},"end":{"line":27,"column":106}},"8":{"start":{"line":30,"column":74},"end":{"line":30,"column":151}},"9":{"start":{"line":31,"column":73},"end":{"line":31,"column":149}},"10":{"start":{"line":33,"column":63},"end":{"line":33,"column":128}},"11":{"start":{"line":34,"column":71},"end":{"line":37,"column":6}},"12":{"start":{"line":39,"column":59},"end":{"line":39,"column":137}},"13":{"start":{"line":41,"column":24},"end":{"line":41,"column":123}},"14":{"start":{"line":43,"column":23},"end":{"line":49,"column":5}},"15":{"start":{"line":51,"column":4},"end":{"line":69,"column":5}}},"fnMap":{"0":{"name":"(anonymous_0)","decl":{"start":{"line":11,"column":15},"end":{"line":11,"column":16}},"loc":{"start":{"line":11,"column":21},"end":{"line":70,"column":1}},"line":11}},"branchMap":{},"s":{"0":2,"1":2,"2":2,"3":2,"4":2,"5":2,"6":2,"7":2,"8":2,"9":2,"10":2,"11":2,"12":2,"13":2,"14":2,"15":2},"f":{"0":2},"b":{},"_coverageSchema":"1a1c01bbd47fc00a2c39e90264f33305004495a9","hash":"8767b711e3b46dca14d8c42aa181f072c7e06975"}
,"C:\\Users\\artme\\OneDrive\\Рабочий стол\\crud-system-tests\\client\\src\\pages\\Dashboard.js": {"path":"C:\\Users\\artme\\OneDrive\\Рабочий стол\\crud-system-tests\\client\\src\\pages\\Dashboard.js","statementMap":{"0":{"start":{"line":7,"column":82},"end":{"line":7,"column":109}},"1":{"start":{"line":8,"column":19},"end":{"line":8,"column":42}},"2":{"start":{"line":10,"column":4},"end":{"line":12,"column":10}},"3":{"start":{"line":11,"column":8},"end":{"line":11,"column":27}},"4":{"start":{"line":14,"column":4},"end":{"line":16,"column":5}},"5":{"start":{"line":15,"column":8},"end":{"line":15,"column":24}},"6":{"start":{"line":18,"column":4},"end":{"line":50,"column":5}}},"fnMap":{"0":{"name":"(anonymous_0)","decl":{"start":{"line":6,"column":15},"end":{"line":6,"column":16}},"loc":{"start":{"line":6,"column":21},"end":{"line":51,"column":1}},"line":6},"1":{"name":"(anonymous_1)","decl":{"start":{"line":10,"column":14},"end":{"line":10,"column":15}},"loc":{"start":{"line":10,"column":20},"end":{"line":12,"column":5}},"line":10}},"branchMap":{"0":{"loc":{"start":{"line":14,"column":4},"end":{"line":16,"column":5}},"type":"if","locations":[{"start":{"line":14,"column":4},"end":{"line":16,"column":5}},{"start":{"line":14,"column":4},"end":{"line":16,"column":5}}],"line":14}},"s":{"0":3,"1":3,"2":3,"3":1,"4":3,"5":0,"6":3},"f":{"0":3,"1":1},"b":{"0":[0,3]},"_coverageSchema":"1a1c01bbd47fc00a2c39e90264f33305004495a9","hash":"6f4a80dc7ec2d4e6cce149768e14987245efe195"}
,"C:\\Users\\artme\\OneDrive\\Рабочий стол\\crud-system-tests\\client\\src\\pages\\Login.js": {"path":"C:\\Users\\artme\\OneDrive\\Рабочий стол\\crud-system-tests\\client\\src\\pages\\Login.js","statementMap":{"0":{"start":{"line":12,"column":20},"end":{"line":12,"column":43}},"1":{"start":{"line":13,"column":20},"end":{"line":13,"column":43}},"2":{"start":{"line":15,"column":24},"end":{"line":18,"column":5}},"3":{"start":{"line":22,"column":134},"end":{"line":22,"column":153}},"4":{"start":{"line":23,"column":131},"end":{"line":23,"column":150}},"5":{"start":{"line":26,"column":69},"end":{"line":26,"column":140}},"6":{"start":{"line":27,"column":69},"end":{"line":27,"column":140}},"7":{"start":{"line":29,"column":24},"end":{"line":29,"column":74}},"8":{"start":{"line":31,"column":25},"end":{"line":34,"column":5}},"9":{"start":{"line":36,"column":25},"end":{"line":40,"column":5}},"10":{"start":{"line":37,"column":8},"end":{"line":37,"column":20}},"11":{"start":{"line":38,"column":8},"end":{"line":38,"column":24}},"12":{"start":{"line":39,"column":8},"end":{"line":39,"column":21}},"13":{"start":{"line":44,"column":4},"end":{"line":61,"column":5}}},"fnMap":{"0":{"name":"(anonymous_0)","decl":{"start":{"line":11,"column":15},"end":{"line":11,"column":16}},"loc":{"start":{"line":11,"column":21},"end":{"line":62,"column":1}},"line":11},"1":{"name":"(anonymous_1)","decl":{"start":{"line":36,"column":25},"end":{"line":36,"column":26}},"loc":{"start":{"line":36,"column":33},"end":{"line":40,"column":5}},"line":36}},"branchMap":{"0":{"loc":{"start":{"line":55,"column":35},"end":{"line":55,"column":55}},"type":"binary-expr","locations":[{"start":{"line":55,"column":35},"end":{"line":55,"column":47}},{"start":{"line":55,"column":51},"end":{"line":55,"column":55}}],"line":55}},"s":{"0":1,"1":1,"2":1,"3":1,"4":1,"5":1,"6":1,"7":1,"8":1,"9":1,"10":0,"11":0,"12":0,"13":1},"f":{"0":1,"1":0},"b":{"0":[1,0]},"_coverageSchema":"1a1c01bbd47fc00a2c39e90264f33305004495a9","hash":"ba4e661a5da40c67ef0464fd3c2f9b437592afd4"}
,"C:\\Users\\artme\\OneDrive\\Рабочий стол\\crud-system-tests\\client\\src\\pages\\UserInfo.js": {"path":"C:\\Users\\artme\\OneDrive\\Рабочий стол\\crud-system-tests\\client\\src\\pages\\UserInfo.js","statementMap":{"0":{"start":{"line":9,"column":36},"end":{"line":9,"column":59}},"1":{"start":{"line":10,"column":19},"end":{"line":10,"column":42}},"2":{"start":{"line":12,"column":52},"end":{"line":12,"column":67}},"3":{"start":{"line":14,"column":4},"end":{"line":16,"column":11}},"4":{"start":{"line":15,"column":8},"end":{"line":15,"column":22}},"5":{"start":{"line":18,"column":4},"end":{"line":20,"column":5}},"6":{"start":{"line":19,"column":8},"end":{"line":19,"column":24}},"7":{"start":{"line":22,"column":4},"end":{"line":42,"column":5}}},"fnMap":{"0":{"name":"(anonymous_0)","decl":{"start":{"line":8,"column":15},"end":{"line":8,"column":16}},"loc":{"start":{"line":8,"column":21},"end":{"line":43,"column":1}},"line":8},"1":{"name":"(anonymous_1)","decl":{"start":{"line":14,"column":14},"end":{"line":14,"column":15}},"loc":{"start":{"line":14,"column":20},"end":{"line":16,"column":5}},"line":14}},"branchMap":{"0":{"loc":{"start":{"line":18,"column":4},"end":{"line":20,"column":5}},"type":"if","locations":[{"start":{"line":18,"column":4},"end":{"line":20,"column":5}},{"start":{"line":18,"column":4},"end":{"line":20,"column":5}}],"line":18},"1":{"loc":{"start":{"line":28,"column":50},"end":{"line":28,"column":100}},"type":"cond-expr","locations":[{"start":{"line":28,"column":61},"end":{"line":28,"column":69}},{"start":{"line":28,"column":72},"end":{"line":28,"column":100}}],"line":28},"2":{"loc":{"start":{"line":35,"column":19},"end":{"line":38,"column":28}},"type":"cond-expr","locations":[{"start":{"line":36,"column":24},"end":{"line":36,"column":141}},{"start":{"line":38,"column":24},"end":{"line":38,"column":28}}],"line":35}},"s":{"0":3,"1":3,"2":3,"3":3,"4":1,"5":3,"6":0,"7":3},"f":{"0":3,"1":1},"b":{"0":[0,3],"1":[0,3],"2":[0,3]},"_coverageSchema":"1a1c01bbd47fc00a2c39e90264f33305004495a9","hash":"e8b6bb647570b62e0278c837b8190ced1f88def8"}
,"C:\\Users\\artme\\OneDrive\\Рабочий стол\\crud-system-tests\\client\\src\\redux\\actions\\actionTypes.js": {"path":"C:\\Users\\artme\\OneDrive\\Рабочий стол\\crud-system-tests\\client\\src\\redux\\actions\\actionTypes.js","statementMap":{"0":{"start":{"line":1,"column":37},"end":{"line":1,"column":44}},"1":{"start":{"line":2,"column":37},"end":{"line":2,"column":47}},"2":{"start":{"line":3,"column":37},"end":{"line":3,"column":46}},"3":{"start":{"line":4,"column":37},"end":{"line":4,"column":60}},"4":{"start":{"line":5,"column":37},"end":{"line":5,"column":53}},"5":{"start":{"line":6,"column":37},"end":{"line":6,"column":53}},"6":{"start":{"line":7,"column":37},"end":{"line":7,"column":57}},"7":{"start":{"line":10,"column":37},"end":{"line":10,"column":58}}},"fnMap":{},"branchMap":{},"s":{"0":8,"1":8,"2":8,"3":8,"4":8,"5":8,"6":8,"7":8},"f":{},"b":{},"_coverageSchema":"1a1c01bbd47fc00a2c39e90264f33305004495a9","hash":"b0f5b6a62f40af1b6d60fffd50ac895304d1c592"}
,"C:\\Users\\artme\\OneDrive\\Рабочий стол\\crud-system-tests\\client\\src\\redux\\reducers\\Dashboard.js": {"path":"C:\\Users\\artme\\OneDrive\\Рабочий стол\\crud-system-tests\\client\\src\\redux\\reducers\\Dashboard.js","statementMap":{"0":{"start":{"line":3,"column":21},"end":{"line":7,"column":1}},"1":{"start":{"line":10,"column":4},"end":{"line":20,"column":5}},"2":{"start":{"line":12,"column":12},"end":{"line":17,"column":13}},"3":{"start":{"line":19,"column":12},"end":{"line":19,"column":25}}},"fnMap":{"0":{"name":"(anonymous_0)","decl":{"start":{"line":9,"column":15},"end":{"line":9,"column":16}},"loc":{"start":{"line":9,"column":58},"end":{"line":21,"column":1}},"line":9}},"branchMap":{"0":{"loc":{"start":{"line":9,"column":16},"end":{"line":9,"column":36}},"type":"default-arg","locations":[{"start":{"line":9,"column":24},"end":{"line":9,"column":36}}],"line":9},"1":{"loc":{"start":{"line":10,"column":4},"end":{"line":20,"column":5}},"type":"switch","locations":[{"start":{"line":11,"column":8},"end":{"line":17,"column":13}},{"start":{"line":18,"column":8},"end":{"line":19,"column":25}}],"line":10}},"s":{"0":7,"1":21,"2":0,"3":21},"f":{"0":21},"b":{"0":[21],"1":[0,21]},"_coverageSchema":"1a1c01bbd47fc00a2c39e90264f33305004495a9","hash":"2d5533122d4412a1b0f8353f3cd17b099fef360b"}
,"C:\\Users\\artme\\OneDrive\\Рабочий стол\\crud-system-tests\\client\\src\\redux\\reducers\\User.js": {"path":"C:\\Users\\artme\\OneDrive\\Рабочий стол\\crud-system-tests\\client\\src\\redux\\reducers\\User.js","statementMap":{"0":{"start":{"line":3,"column":21},"end":{"line":10,"column":1}},"1":{"start":{"line":13,"column":4},"end":{"line":52,"column":5}},"2":{"start":{"line":15,"column":12},"end":{"line":15,"column":25}},"3":{"start":{"line":17,"column":12},"end":{"line":21,"column":13}},"4":{"start":{"line":23,"column":12},"end":{"line":28,"column":13}},"5":{"start":{"line":30,"column":12},"end":{"line":33,"column":13}},"6":{"start":{"line":35,"column":12},"end":{"line":38,"column":13}},"7":{"start":{"line":41,"column":12},"end":{"line":44,"column":13}},"8":{"start":{"line":46,"column":12},"end":{"line":49,"column":13}},"9":{"start":{"line":51,"column":12},"end":{"line":51,"column":25}}},"fnMap":{"0":{"name":"(anonymous_0)","decl":{"start":{"line":12,"column":15},"end":{"line":12,"column":16}},"loc":{"start":{"line":12,"column":58},"end":{"line":53,"column":1}},"line":12}},"branchMap":{"0":{"loc":{"start":{"line":12,"column":16},"end":{"line":12,"column":36}},"type":"default-arg","locations":[{"start":{"line":12,"column":24},"end":{"line":12,"column":36}}],"line":12},"1":{"loc":{"start":{"line":13,"column":4},"end":{"line":52,"column":5}},"type":"switch","locations":[{"start":{"line":14,"column":8},"end":{"line":15,"column":25}},{"start":{"line":16,"column":8},"end":{"line":21,"column":13}},{"start":{"line":22,"column":8},"end":{"line":28,"column":13}},{"start":{"line":29,"column":8},"end":{"line":33,"column":13}},{"start":{"line":34,"column":8},"end":{"line":39,"column":9}},{"start":{"line":40,"column":8},"end":{"line":44,"column":13}},{"start":{"line":45,"column":8},"end":{"line":49,"column":13}},{"start":{"line":50,"column":8},"end":{"line":51,"column":25}}],"line":13}},"s":{"0":8,"1":28,"2":1,"3":1,"4":1,"5":1,"6":1,"7":1,"8":1,"9":21},"f":{"0":28},"b":{"0":[21],"1":[1,1,1,1,1,1,1,21]},"_coverageSchema":"1a1c01bbd47fc00a2c39e90264f33305004495a9","hash":"fa20b5079b011b73d478bc71c48ea80a4613bd4e"}
,"C:\\Users\\artme\\OneDrive\\Рабочий стол\\crud-system-tests\\client\\src\\redux\\reducers\\rootReducer.js": {"path":"C:\\Users\\artme\\OneDrive\\Рабочий стол\\crud-system-tests\\client\\src\\redux\\reducers\\rootReducer.js","statementMap":{},"fnMap":{},"branchMap":{},"s":{},"f":{},"b":{},"_coverageSchema":"1a1c01bbd47fc00a2c39e90264f33305004495a9","hash":"fb8572ce83ea14d1307ddd89b4096f8bbaf40f0d"}
,"C:\\Users\\artme\\OneDrive\\Рабочий стол\\crud-system-tests\\client\\src\\redux\\store\\store.js": {"path":"C:\\Users\\artme\\OneDrive\\Рабочий стол\\crud-system-tests\\client\\src\\redux\\store\\store.js","statementMap":{"0":{"start":{"line":6,"column":2},"end":{"line":10,"column":16}},"1":{"start":{"line":12,"column":19},"end":{"line":12,"column":84}}},"fnMap":{},"branchMap":{"0":{"loc":{"start":{"line":6,"column":2},"end":{"line":10,"column":16}},"type":"cond-expr","locations":[{"start":{"line":8,"column":4},"end":{"line":10,"column":6}},{"start":{"line":10,"column":9},"end":{"line":10,"column":16}}],"line":6},"1":{"loc":{"start":{"line":6,"column":2},"end":{"line":7,"column":45}},"type":"binary-expr","locations":[{"start":{"line":6,"column":2},"end":{"line":6,"column":28}},{"start":{"line":7,"column":2},"end":{"line":7,"column":45}}],"line":6}},"s":{"0":7,"1":7},"f":{},"b":{"0":[0,7],"1":[7,7]},"_coverageSchema":"1a1c01bbd47fc00a2c39e90264f33305004495a9","hash":"6f7ff85cd5eff0ca65ef5fbab1fdf208f89d81a9"}
,"C:\\Users\\artme\\OneDrive\\Рабочий стол\\crud-system-tests\\client\\src\\states\\Alert\\AlertState.js": {"path":"C:\\Users\\artme\\OneDrive\\Рабочий стол\\crud-system-tests\\client\\src\\states\\Alert\\AlertState.js","statementMap":{"0":{"start":{"line":4,"column":34},"end":{"line":4,"column":49}},"1":{"start":{"line":5,"column":28},"end":{"line":5,"column":45}},"2":{"start":{"line":6,"column":33},"end":{"line":6,"column":60}},"3":{"start":{"line":8,"column":22},"end":{"line":10,"column":5}},"4":{"start":{"line":9,"column":8},"end":{"line":9,"column":26}},"5":{"start":{"line":12,"column":22},"end":{"line":16,"column":5}},"6":{"start":{"line":13,"column":8},"end":{"line":13,"column":25}},"7":{"start":{"line":14,"column":8},"end":{"line":14,"column":28}},"8":{"start":{"line":15,"column":8},"end":{"line":15,"column":22}},"9":{"start":{"line":18,"column":24},"end":{"line":21,"column":5}},"10":{"start":{"line":19,"column":8},"end":{"line":19,"column":33}},"11":{"start":{"line":20,"column":8},"end":{"line":20,"column":33}},"12":{"start":{"line":23,"column":4},"end":{"line":30,"column":5}}},"fnMap":{"0":{"name":"(anonymous_0)","decl":{"start":{"line":3,"column":15},"end":{"line":3,"column":16}},"loc":{"start":{"line":3,"column":31},"end":{"line":31,"column":1}},"line":3},"1":{"name":"(anonymous_1)","decl":{"start":{"line":8,"column":22},"end":{"line":8,"column":23}},"loc":{"start":{"line":8,"column":28},"end":{"line":10,"column":5}},"line":8},"2":{"name":"(anonymous_2)","decl":{"start":{"line":12,"column":22},"end":{"line":12,"column":23}},"loc":{"start":{"line":12,"column":51},"end":{"line":16,"column":5}},"line":12},"3":{"name":"(anonymous_3)","decl":{"start":{"line":18,"column":24},"end":{"line":18,"column":25}},"loc":{"start":{"line":18,"column":57},"end":{"line":21,"column":5}},"line":18}},"branchMap":{"0":{"loc":{"start":{"line":12,"column":32},"end":{"line":12,"column":46}},"type":"default-arg","locations":[{"start":{"line":12,"column":39},"end":{"line":12,"column":46}}],"line":12},"1":{"loc":{"start":{"line":18,"column":38},"end":{"line":18,"column":52}},"type":"default-arg","locations":[{"start":{"line":18,"column":45},"end":{"line":18,"column":52}}],"line":18}},"s":{"0":17,"1":17,"2":17,"3":17,"4":0,"5":17,"6":6,"7":6,"8":6,"9":17,"10":6,"11":6,"12":17},"f":{"0":17,"1":0,"2":6,"3":6},"b":{"0":[0],"1":[0]},"_coverageSchema":"1a1c01bbd47fc00a2c39e90264f33305004495a9","hash":"35cb22e210249ce2e42ba3ddf8c1d2405e78aac3"}
,"C:\\Users\\artme\\OneDrive\\Рабочий стол\\crud-system-tests\\client\\src\\states\\Context\\AlertContext.js": {"path":"C:\\Users\\artme\\OneDrive\\Рабочий стол\\crud-system-tests\\client\\src\\states\\Context\\AlertContext.js","statementMap":{"0":{"start":{"line":3,"column":28},"end":{"line":3,"column":43}}},"fnMap":{},"branchMap":{},"s":{"0":8},"f":{},"b":{},"_coverageSchema":"1a1c01bbd47fc00a2c39e90264f33305004495a9","hash":"34a8d70ea08e94ec4a130a3353825b5bd84b7eac"}
,"C:\\Users\\artme\\OneDrive\\Рабочий стол\\crud-system-tests\\client\\src\\states\\Context\\DashboardContext.js": {"path":"C:\\Users\\artme\\OneDrive\\Рабочий стол\\crud-system-tests\\client\\src\\states\\Context\\DashboardContext.js","statementMap":{"0":{"start":{"line":3,"column":31},"end":{"line":3,"column":46}}},"fnMap":{},"branchMap":{},"s":{"0":6},"f":{},"b":{},"_coverageSchema":"1a1c01bbd47fc00a2c39e90264f33305004495a9","hash":"cf91775bf96bdc843a08af4e123486d50860419e"}
,"C:\\Users\\artme\\OneDrive\\Рабочий стол\\crud-system-tests\\client\\src\\states\\Context\\userContext.js": {"path":"C:\\Users\\artme\\OneDrive\\Рабочий стол\\crud-system-tests\\client\\src\\states\\Context\\userContext.js","statementMap":{"0":{"start":{"line":3,"column":27},"end":{"line":3,"column":42}}},"fnMap":{},"branchMap":{},"s":{"0":7},"f":{},"b":{},"_coverageSchema":"1a1c01bbd47fc00a2c39e90264f33305004495a9","hash":"80c498e0a7605664b62a512e2a4f51a8eb65eef6"}
,"C:\\Users\\artme\\OneDrive\\Рабочий стол\\crud-system-tests\\client\\src\\states\\Dashboard\\DashboardState.js": {"path":"C:\\Users\\artme\\OneDrive\\Рабочий стол\\crud-system-tests\\client\\src\\states\\Dashboard\\DashboardState.js","statementMap":{"0":{"start":{"line":8,"column":21},"end":{"line":8,"column":34}},"1":{"start":{"line":9,"column":61},"end":{"line":9,"column":98}},"2":{"start":{"line":9,"column":82},"end":{"line":9,"column":97}},"3":{"start":{"line":11,"column":22},"end":{"line":11,"column":45}},"4":{"start":{"line":13,"column":30},"end":{"line":22,"column":5}},"5":{"start":{"line":14,"column":25},"end":{"line":14,"column":85}},"6":{"start":{"line":16,"column":8},"end":{"line":21,"column":9}},"7":{"start":{"line":17,"column":12},"end":{"line":20,"column":14}},"8":{"start":{"line":24,"column":4},"end":{"line":31,"column":5}}},"fnMap":{"0":{"name":"(anonymous_0)","decl":{"start":{"line":7,"column":15},"end":{"line":7,"column":16}},"loc":{"start":{"line":7,"column":31},"end":{"line":32,"column":1}},"line":7},"1":{"name":"(anonymous_1)","decl":{"start":{"line":9,"column":73},"end":{"line":9,"column":74}},"loc":{"start":{"line":9,"column":82},"end":{"line":9,"column":97}},"line":9},"2":{"name":"(anonymous_2)","decl":{"start":{"line":13,"column":30},"end":{"line":13,"column":31}},"loc":{"start":{"line":13,"column":42},"end":{"line":22,"column":5}},"line":13}},"branchMap":{"0":{"loc":{"start":{"line":16,"column":8},"end":{"line":21,"column":9}},"type":"if","locations":[{"start":{"line":16,"column":8},"end":{"line":21,"column":9}},{"start":{"line":16,"column":8},"end":{"line":21,"column":9}}],"line":16}},"s":{"0":3,"1":3,"2":4,"3":3,"4":3,"5":1,"6":1,"7":0,"8":3},"f":{"0":3,"1":4,"2":1},"b":{"0":[0,0]},"_coverageSchema":"1a1c01bbd47fc00a2c39e90264f33305004495a9","hash":"7b61931d559dadb1e07c2ffdcf81659c845c51bc"}
,"C:\\Users\\artme\\OneDrive\\Рабочий стол\\crud-system-tests\\client\\src\\states\\Logic\\useAdmin.js": {"path":"C:\\Users\\artme\\OneDrive\\Рабочий стол\\crud-system-tests\\client\\src\\states\\Logic\\useAdmin.js","statementMap":{"0":{"start":{"line":7,"column":22},"end":{"line":7,"column":45}},"1":{"start":{"line":8,"column":22},"end":{"line":8,"column":35}},"2":{"start":{"line":10,"column":24},"end":{"line":19,"column":5}},"3":{"start":{"line":11,"column":25},"end":{"line":11,"column":93}},"4":{"start":{"line":13,"column":8},"end":{"line":18,"column":9}},"5":{"start":{"line":14,"column":12},"end":{"line":17,"column":15}},"6":{"start":{"line":21,"column":23},"end":{"line":35,"column":5}},"7":{"start":{"line":22,"column":25},"end":{"line":24,"column":10}},"8":{"start":{"line":26,"column":52},"end":{"line":26,"column":65}},"9":{"start":{"line":28,"column":8},"end":{"line":34,"column":9}},"10":{"start":{"line":29,"column":12},"end":{"line":33,"column":13}},"11":{"start":{"line":30,"column":16},"end":{"line":30,"column":30}},"12":{"start":{"line":32,"column":16},"end":{"line":32,"column":32}},"13":{"start":{"line":37,"column":32},"end":{"line":43,"column":5}},"14":{"start":{"line":38,"column":25},"end":{"line":38,"column":99}},"15":{"start":{"line":40,"column":8},"end":{"line":42,"column":9}},"16":{"start":{"line":41,"column":12},"end":{"line":41,"column":26}},"17":{"start":{"line":45,"column":4},"end":{"line":47,"column":5}}},"fnMap":{"0":{"name":"(anonymous_0)","decl":{"start":{"line":6,"column":15},"end":{"line":6,"column":16}},"loc":{"start":{"line":6,"column":42},"end":{"line":49,"column":1}},"line":6},"1":{"name":"(anonymous_1)","decl":{"start":{"line":10,"column":24},"end":{"line":10,"column":25}},"loc":{"start":{"line":10,"column":36},"end":{"line":19,"column":5}},"line":10},"2":{"name":"(anonymous_2)","decl":{"start":{"line":21,"column":23},"end":{"line":21,"column":24}},"loc":{"start":{"line":21,"column":35},"end":{"line":35,"column":5}},"line":21},"3":{"name":"(anonymous_3)","decl":{"start":{"line":37,"column":32},"end":{"line":37,"column":33}},"loc":{"start":{"line":37,"column":52},"end":{"line":43,"column":5}},"line":37}},"branchMap":{"0":{"loc":{"start":{"line":13,"column":8},"end":{"line":18,"column":9}},"type":"if","locations":[{"start":{"line":13,"column":8},"end":{"line":18,"column":9}},{"start":{"line":13,"column":8},"end":{"line":18,"column":9}}],"line":13},"1":{"loc":{"start":{"line":28,"column":8},"end":{"line":34,"column":9}},"type":"if","locations":[{"start":{"line":28,"column":8},"end":{"line":34,"column":9}},{"start":{"line":28,"column":8},"end":{"line":34,"column":9}}],"line":28},"2":{"loc":{"start":{"line":29,"column":12},"end":{"line":33,"column":13}},"type":"if","locations":[{"start":{"line":29,"column":12},"end":{"line":33,"column":13}},{"start":{"line":29,"column":12},"end":{"line":33,"column":13}}],"line":29},"3":{"loc":{"start":{"line":40,"column":8},"end":{"line":42,"column":9}},"type":"if","locations":[{"start":{"line":40,"column":8},"end":{"line":42,"column":9}},{"start":{"line":40,"column":8},"end":{"line":42,"column":9}}],"line":40}},"s":{"0":19,"1":19,"2":19,"3":0,"4":0,"5":0,"6":19,"7":0,"8":0,"9":0,"10":0,"11":0,"12":0,"13":19,"14":2,"15":2,"16":0,"17":19},"f":{"0":19,"1":0,"2":0,"3":2},"b":{"0":[0,0],"1":[0,0],"2":[0,0],"3":[0,0]},"_coverageSchema":"1a1c01bbd47fc00a2c39e90264f33305004495a9","hash":"a118cbd9fd4979a6dd6f0eeddeb34afc050c9138"}
,"C:\\Users\\artme\\OneDrive\\Рабочий стол\\crud-system-tests\\client\\src\\states\\Logic\\useProfile.js": {"path":"C:\\Users\\artme\\OneDrive\\Рабочий стол\\crud-system-tests\\client\\src\\states\\Logic\\useProfile.js","statementMap":{"0":{"start":{"line":8,"column":22},"end":{"line":8,"column":45}},"1":{"start":{"line":9,"column":22},"end":{"line":9,"column":35}},"2":{"start":{"line":11,"column":20},"end":{"line":11,"column":32}},"3":{"start":{"line":13,"column":26},"end":{"line":21,"column":5}},"4":{"start":{"line":14,"column":25},"end":{"line":16,"column":10}},"5":{"start":{"line":18,"column":8},"end":{"line":20,"column":9}},"6":{"start":{"line":19,"column":12},"end":{"line":19,"column":43}},"7":{"start":{"line":23,"column":24},"end":{"line":34,"column":5}},"8":{"start":{"line":24,"column":25},"end":{"line":26,"column":10}},"9":{"start":{"line":28,"column":8},"end":{"line":33,"column":9}},"10":{"start":{"line":29,"column":12},"end":{"line":32,"column":14}},"11":{"start":{"line":36,"column":26},"end":{"line":42,"column":5}},"12":{"start":{"line":37,"column":25},"end":{"line":37,"column":96}},"13":{"start":{"line":39,"column":8},"end":{"line":41,"column":9}},"14":{"start":{"line":40,"column":12},"end":{"line":40,"column":25}},"15":{"start":{"line":44,"column":26},"end":{"line":50,"column":5}},"16":{"start":{"line":45,"column":25},"end":{"line":45,"column":96}},"17":{"start":{"line":47,"column":8},"end":{"line":49,"column":9}},"18":{"start":{"line":48,"column":12},"end":{"line":48,"column":25}},"19":{"start":{"line":52,"column":4},"end":{"line":54,"column":5}}},"fnMap":{"0":{"name":"(anonymous_0)","decl":{"start":{"line":7,"column":15},"end":{"line":7,"column":16}},"loc":{"start":{"line":7,"column":26},"end":{"line":55,"column":1}},"line":7},"1":{"name":"(anonymous_1)","decl":{"start":{"line":13,"column":26},"end":{"line":13,"column":27}},"loc":{"start":{"line":13,"column":40},"end":{"line":21,"column":5}},"line":13},"2":{"name":"(anonymous_2)","decl":{"start":{"line":23,"column":24},"end":{"line":23,"column":25}},"loc":{"start":{"line":23,"column":36},"end":{"line":34,"column":5}},"line":23},"3":{"name":"(anonymous_3)","decl":{"start":{"line":36,"column":26},"end":{"line":36,"column":27}},"loc":{"start":{"line":36,"column":38},"end":{"line":42,"column":5}},"line":36},"4":{"name":"(anonymous_4)","decl":{"start":{"line":44,"column":26},"end":{"line":44,"column":27}},"loc":{"start":{"line":44,"column":40},"end":{"line":50,"column":5}},"line":44}},"branchMap":{"0":{"loc":{"start":{"line":18,"column":8},"end":{"line":20,"column":9}},"type":"if","locations":[{"start":{"line":18,"column":8},"end":{"line":20,"column":9}},{"start":{"line":18,"column":8},"end":{"line":20,"column":9}}],"line":18},"1":{"loc":{"start":{"line":28,"column":8},"end":{"line":33,"column":9}},"type":"if","locations":[{"start":{"line":28,"column":8},"end":{"line":33,"column":9}},{"start":{"line":28,"column":8},"end":{"line":33,"column":9}}],"line":28},"2":{"loc":{"start":{"line":39,"column":8},"end":{"line":41,"column":9}},"type":"if","locations":[{"start":{"line":39,"column":8},"end":{"line":41,"column":9}},{"start":{"line":39,"column":8},"end":{"line":41,"column":9}}],"line":39},"3":{"loc":{"start":{"line":47,"column":8},"end":{"line":49,"column":9}},"type":"if","locations":[{"start":{"line":47,"column":8},"end":{"line":49,"column":9}},{"start":{"line":47,"column":8},"end":{"line":49,"column":9}}],"line":47}},"s":{"0":19,"1":19,"2":19,"3":19,"4":0,"5":0,"6":0,"7":19,"8":1,"9":1,"10":0,"11":19,"12":0,"13":0,"14":0,"15":19,"16":1,"17":1,"18":0,"19":19},"f":{"0":19,"1":0,"2":1,"3":0,"4":1},"b":{"0":[0,0],"1":[0,0],"2":[0,0],"3":[0,0]},"_coverageSchema":"1a1c01bbd47fc00a2c39e90264f33305004495a9","hash":"56c6cdca4c64ee6650b8f0210b367f7ea828669a"}
,"C:\\Users\\artme\\OneDrive\\Рабочий стол\\crud-system-tests\\client\\src\\states\\Logic\\useUser.js": {"path":"C:\\Users\\artme\\OneDrive\\Рабочий стол\\crud-system-tests\\client\\src\\states\\Logic\\useUser.js","statementMap":{"0":{"start":{"line":8,"column":20},"end":{"line":8,"column":32}},"1":{"start":{"line":10,"column":21},"end":{"line":10,"column":34}},"2":{"start":{"line":11,"column":22},"end":{"line":11,"column":45}},"3":{"start":{"line":13,"column":21},"end":{"line":19,"column":5}},"4":{"start":{"line":14,"column":20},"end":{"line":14,"column":81}},"5":{"start":{"line":16,"column":8},"end":{"line":18,"column":9}},"6":{"start":{"line":17,"column":12},"end":{"line":17,"column":38}},"7":{"start":{"line":21,"column":18},"end":{"line":27,"column":5}},"8":{"start":{"line":22,"column":31},"end":{"line":22,"column":92}},"9":{"start":{"line":24,"column":8},"end":{"line":26,"column":9}},"10":{"start":{"line":25,"column":12},"end":{"line":25,"column":52}},"11":{"start":{"line":29,"column":19},"end":{"line":31,"column":5}},"12":{"start":{"line":30,"column":8},"end":{"line":30,"column":24}},"13":{"start":{"line":33,"column":24},"end":{"line":44,"column":5}},"14":{"start":{"line":34,"column":25},"end":{"line":36,"column":10}},"15":{"start":{"line":38,"column":8},"end":{"line":43,"column":9}},"16":{"start":{"line":39,"column":12},"end":{"line":42,"column":15}},"17":{"start":{"line":46,"column":25},"end":{"line":57,"column":5}},"18":{"start":{"line":47,"column":25},"end":{"line":49,"column":10}},"19":{"start":{"line":51,"column":8},"end":{"line":56,"column":9}},"20":{"start":{"line":52,"column":12},"end":{"line":55,"column":14}},"21":{"start":{"line":59,"column":27},"end":{"line":67,"column":5}},"22":{"start":{"line":60,"column":25},"end":{"line":62,"column":10}},"23":{"start":{"line":64,"column":8},"end":{"line":66,"column":9}},"24":{"start":{"line":65,"column":12},"end":{"line":65,"column":25}},"25":{"start":{"line":69,"column":4},"end":{"line":72,"column":5}}},"fnMap":{"0":{"name":"(anonymous_0)","decl":{"start":{"line":7,"column":15},"end":{"line":7,"column":16}},"loc":{"start":{"line":7,"column":57},"end":{"line":73,"column":1}},"line":7},"1":{"name":"(anonymous_1)","decl":{"start":{"line":13,"column":21},"end":{"line":13,"column":22}},"loc":{"start":{"line":13,"column":35},"end":{"line":19,"column":5}},"line":13},"2":{"name":"(anonymous_2)","decl":{"start":{"line":21,"column":18},"end":{"line":21,"column":19}},"loc":{"start":{"line":21,"column":32},"end":{"line":27,"column":5}},"line":21},"3":{"name":"(anonymous_3)","decl":{"start":{"line":29,"column":19},"end":{"line":29,"column":20}},"loc":{"start":{"line":29,"column":25},"end":{"line":31,"column":5}},"line":29},"4":{"name":"(anonymous_4)","decl":{"start":{"line":33,"column":24},"end":{"line":33,"column":25}},"loc":{"start":{"line":33,"column":36},"end":{"line":44,"column":5}},"line":33},"5":{"name":"(anonymous_5)","decl":{"start":{"line":46,"column":25},"end":{"line":46,"column":26}},"loc":{"start":{"line":46,"column":37},"end":{"line":57,"column":5}},"line":46},"6":{"name":"(anonymous_6)","decl":{"start":{"line":59,"column":27},"end":{"line":59,"column":28}},"loc":{"start":{"line":59,"column":41},"end":{"line":67,"column":5}},"line":59}},"branchMap":{"0":{"loc":{"start":{"line":16,"column":8},"end":{"line":18,"column":9}},"type":"if","locations":[{"start":{"line":16,"column":8},"end":{"line":18,"column":9}},{"start":{"line":16,"column":8},"end":{"line":18,"column":9}}],"line":16},"1":{"loc":{"start":{"line":24,"column":8},"end":{"line":26,"column":9}},"type":"if","locations":[{"start":{"line":24,"column":8},"end":{"line":26,"column":9}},{"start":{"line":24,"column":8},"end":{"line":26,"column":9}}],"line":24},"2":{"loc":{"start":{"line":38,"column":8},"end":{"line":43,"column":9}},"type":"if","locations":[{"start":{"line":38,"column":8},"end":{"line":43,"column":9}},{"start":{"line":38,"column":8},"end":{"line":43,"column":9}}],"line":38},"3":{"loc":{"start":{"line":51,"column":8},"end":{"line":56,"column":9}},"type":"if","locations":[{"start":{"line":51,"column":8},"end":{"line":56,"column":9}},{"start":{"line":51,"column":8},"end":{"line":56,"column":9}}],"line":51},"4":{"loc":{"start":{"line":64,"column":8},"end":{"line":66,"column":9}},"type":"if","locations":[{"start":{"line":64,"column":8},"end":{"line":66,"column":9}},{"start":{"line":64,"column":8},"end":{"line":66,"column":9}}],"line":64}},"s":{"0":19,"1":19,"2":19,"3":19,"4":0,"5":0,"6":0,"7":19,"8":0,"9":0,"10":0,"11":19,"12":0,"13":19,"14":1,"15":1,"16":0,"17":19,"18":0,"19":0,"20":0,"21":19,"22":0,"23":0,"24":0,"25":19},"f":{"0":19,"1":0,"2":0,"3":0,"4":1,"5":0,"6":0},"b":{"0":[0,0],"1":[0,0],"2":[0,0],"3":[0,0],"4":[0,0]},"_coverageSchema":"1a1c01bbd47fc00a2c39e90264f33305004495a9","hash":"a1e04679e2e1f10fa81c9d27ebc402f7c1bce817"}
,"C:\\Users\\artme\\OneDrive\\Рабочий стол\\crud-system-tests\\client\\src\\states\\user\\UserState.js": {"path":"C:\\Users\\artme\\OneDrive\\Рабочий стол\\crud-system-tests\\client\\src\\states\\user\\UserState.js","statementMap":{"0":{"start":{"line":11,"column":68},"end":{"line":11,"column":100}},"1":{"start":{"line":11,"column":89},"end":{"line":11,"column":99}},"2":{"start":{"line":13,"column":27},"end":{"line":13,"column":50}},"3":{"start":{"line":16,"column":58},"end":{"line":16,"column":71}},"4":{"start":{"line":18,"column":82},"end":{"line":18,"column":140}},"5":{"start":{"line":20,"column":21},"end":{"line":20,"column":28}},"6":{"start":{"line":24,"column":68},"end":{"line":24,"column":85}},"7":{"start":{"line":27,"column":57},"end":{"line":27,"column":95}},"8":{"start":{"line":32,"column":4},"end":{"line":36,"column":16}},"9":{"start":{"line":33,"column":8},"end":{"line":35,"column":9}},"10":{"start":{"line":34,"column":12},"end":{"line":34,"column":27}},"11":{"start":{"line":40,"column":4},"end":{"line":46,"column":23}},"12":{"start":{"line":41,"column":8},"end":{"line":45,"column":9}},"13":{"start":{"line":42,"column":12},"end":{"line":44,"column":13}},"14":{"start":{"line":43,"column":16},"end":{"line":43,"column":40}},"15":{"start":{"line":51,"column":4},"end":{"line":62,"column":5}}},"fnMap":{"0":{"name":"(anonymous_0)","decl":{"start":{"line":10,"column":15},"end":{"line":10,"column":16}},"loc":{"start":{"line":10,"column":31},"end":{"line":65,"column":1}},"line":10},"1":{"name":"(anonymous_1)","decl":{"start":{"line":11,"column":80},"end":{"line":11,"column":81}},"loc":{"start":{"line":11,"column":89},"end":{"line":11,"column":99}},"line":11},"2":{"name":"(anonymous_2)","decl":{"start":{"line":32,"column":14},"end":{"line":32,"column":15}},"loc":{"start":{"line":32,"column":20},"end":{"line":36,"column":5}},"line":32},"3":{"name":"(anonymous_3)","decl":{"start":{"line":40,"column":14},"end":{"line":40,"column":15}},"loc":{"start":{"line":40,"column":20},"end":{"line":46,"column":5}},"line":40}},"branchMap":{"0":{"loc":{"start":{"line":33,"column":8},"end":{"line":35,"column":9}},"type":"if","locations":[{"start":{"line":33,"column":8},"end":{"line":35,"column":9}},{"start":{"line":33,"column":8},"end":{"line":35,"column":9}}],"line":33},"1":{"loc":{"start":{"line":41,"column":8},"end":{"line":45,"column":9}},"type":"if","locations":[{"start":{"line":41,"column":8},"end":{"line":45,"column":9}},{"start":{"line":41,"column":8},"end":{"line":45,"column":9}}],"line":41},"2":{"loc":{"start":{"line":42,"column":12},"end":{"line":44,"column":13}},"type":"if","locations":[{"start":{"line":42,"column":12},"end":{"line":44,"column":13}},{"start":{"line":42,"column":12},"end":{"line":44,"column":13}}],"line":42}},"s":{"0":19,"1":28,"2":19,"3":19,"4":19,"5":19,"6":19,"7":19,"8":19,"9":9,"10":0,"11":19,"12":19,"13":5,"14":0,"15":19},"f":{"0":19,"1":28,"2":9,"3":19},"b":{"0":[0,9],"1":[5,14],"2":[0,5]},"_coverageSchema":"1a1c01bbd47fc00a2c39e90264f33305004495a9","hash":"c2c99778fa34690473a0916c1937e7dafac20665"}
,"C:\\Users\\artme\\OneDrive\\Рабочий стол\\crud-system-tests\\client\\tests\\helpers\\componentsWithContext.js": {"path":"C:\\Users\\artme\\OneDrive\\Рабочий стол\\crud-system-tests\\client\\tests\\helpers\\componentsWithContext.js","statementMap":{"0":{"start":{"line":11,"column":4},"end":{"line":33,"column":5}},"1":{"start":{"line":12,"column":8},"end":{"line":21,"column":17}},"2":{"start":{"line":23,"column":8},"end":{"line":32,"column":17}}},"fnMap":{"0":{"name":"(anonymous_0)","decl":{"start":{"line":10,"column":15},"end":{"line":10,"column":16}},"loc":{"start":{"line":10,"column":51},"end":{"line":34,"column":1}},"line":10}},"branchMap":{"0":{"loc":{"start":{"line":10,"column":27},"end":{"line":10,"column":46}},"type":"default-arg","locations":[{"start":{"line":10,"column":41},"end":{"line":10,"column":46}}],"line":10},"1":{"loc":{"start":{"line":11,"column":4},"end":{"line":33,"column":5}},"type":"if","locations":[{"start":{"line":11,"column":4},"end":{"line":33,"column":5}},{"start":{"line":11,"column":4},"end":{"line":33,"column":5}}],"line":11}},"s":{"0":6,"1":5,"2":1},"f":{"0":6},"b":{"0":[5],"1":[5,1]},"_coverageSchema":"1a1c01bbd47fc00a2c39e90264f33305004495a9","hash":"45ad39772b706f0b8ceff50385cdc51c97640fa4"}
}
