TN:
SF:src\App.js
FN:11,(anonymous_0)
FNF:1
FNH:1
FNDA:1,(anonymous_0)
DA:12,1
LF:1
LH:1
BRF:0
BRH:0
end_of_record
TN:
SF:src\components\Alert\Alert.js
FN:5,(anonymous_0)
FNF:1
FNH:1
FNDA:2,(anonymous_0)
DA:6,2
DA:7,2
DA:12,2
LF:3
LH:3
BRDA:9,0,0,0
BRDA:9,0,1,2
BRF:2
BRH:1
end_of_record
TN:
SF:src\components\Btn\Btn.js
FN:3,(anonymous_0)
FNF:1
FNH:1
FNDA:19,(anonymous_0)
DA:4,19
DA:9,19
LF:2
LH:2
BRDA:6,0,0,5
BRDA:6,0,1,14
BRF:2
BRH:2
end_of_record
TN:
SF:src\components\Card\Card.js
FN:9,(anonymous_0)
FN:164,(anonymous_1)
FN:230,(anonymous_2)
FN:288,(anonymous_3)
FN:304,(anonymous_4)
FNF:5
FNH:4
FNDA:17,(anonymous_0)
FNDA:1,(anonymous_1)
FNDA:0,(anonymous_2)
FNDA:6,(anonymous_3)
FNDA:2,(anonymous_4)
DA:17,17
DA:18,2
DA:19,2
DA:60,15
DA:61,4
DA:62,4
DA:83,11
DA:84,1
DA:86,1
DA:115,10
DA:117,4
DA:119,4
DA:121,4
DA:126,4
DA:131,4
DA:133,4
DA:134,4
DA:136,4
DA:137,4
DA:139,4
DA:142,4
DA:143,4
DA:144,4
DA:147,4
DA:148,4
DA:153,4
DA:162,4
DA:164,4
DA:165,1
DA:166,1
DA:170,4
DA:195,6
DA:196,0
DA:198,0
DA:200,0
DA:206,0
DA:211,0
DA:212,0
DA:213,0
DA:216,0
DA:217,0
DA:218,0
DA:220,0
DA:223,0
DA:230,0
DA:231,0
DA:232,0
DA:235,0
DA:258,6
DA:259,6
DA:261,6
DA:263,6
DA:269,6
DA:274,6
DA:275,6
DA:276,6
DA:277,6
DA:280,6
DA:281,6
DA:282,6
DA:283,6
DA:286,6
DA:288,6
DA:289,6
DA:291,6
DA:292,0
DA:297,6
DA:304,6
DA:305,2
DA:306,2
DA:309,6
LF:71
LH:54
BRDA:9,0,0,2
BRDA:9,1,0,14
BRDA:17,2,0,2
BRDA:17,2,1,15
BRDA:20,3,0,1
BRDA:20,3,1,1
BRDA:60,4,0,4
BRDA:60,4,1,11
BRDA:63,5,0,3
BRDA:63,5,1,1
BRDA:83,6,0,1
BRDA:83,6,1,10
BRDA:87,7,0,0
BRDA:87,7,1,1
BRDA:115,8,0,4
BRDA:115,8,1,6
BRDA:172,9,0,0
BRDA:172,9,1,4
BRDA:183,10,0,0
BRDA:183,10,1,4
BRDA:195,11,0,0
BRDA:195,11,1,6
BRDA:237,12,0,0
BRDA:237,12,1,0
BRDA:246,13,0,0
BRDA:246,13,1,0
BRDA:258,14,0,6
BRDA:258,14,1,0
BRDA:261,15,0,6
BRDA:261,15,1,0
BRDA:291,16,0,0
BRDA:291,16,1,6
BRDA:311,17,0,0
BRDA:311,17,1,6
BRDA:321,18,0,0
BRDA:321,18,1,6
BRDA:328,19,0,0
BRDA:328,19,1,6
BRF:38
BRH:24
end_of_record
TN:
SF:src\components\Controller\Controller.js
FN:3,(anonymous_0)
FNF:1
FNH:1
FNDA:62,(anonymous_0)
DA:5,62
DA:6,6
DA:13,56
LF:3
LH:3
BRDA:3,0,0,56
BRDA:5,1,0,6
BRDA:5,1,1,56
BRF:3
BRH:3
end_of_record
TN:
SF:src\components\Loader\Loader.js
FN:3,(anonymous_0)
FNF:1
FNH:1
FNDA:1,(anonymous_0)
DA:4,1
LF:1
LH:1
BRF:0
BRH:0
end_of_record
TN:
SF:src\components\Nav\Nav.js
FN:6,(anonymous_0)
FN:20,(anonymous_1)
FN:21,(anonymous_2)
FN:24,(anonymous_3)
FNF:4
FNH:4
FNDA:3,(anonymous_0)
FNDA:1,(anonymous_1)
FNDA:1,(anonymous_2)
FNDA:3,(anonymous_3)
DA:7,3
DA:8,3
DA:10,3
DA:15,3
DA:20,3
DA:21,1
DA:24,3
DA:25,3
DA:26,0
DA:68,3
DA:86,3
LF:11
LH:10
BRDA:12,0,0,1
BRDA:12,0,1,2
BRDA:17,1,0,1
BRDA:17,1,1,2
BRDA:25,2,0,0
BRDA:25,2,1,3
BRDA:38,3,0,0
BRDA:38,3,1,0
BRDA:47,4,0,0
BRDA:47,4,1,0
BRF:10
BRH:5
end_of_record
TN:
SF:src\components\PageContainer\PageConatiner.js
FN:14,(anonymous_0)
FNF:1
FNH:1
FNDA:2,(anonymous_0)
DA:15,2
DA:17,2
DA:18,0
DA:48,2
LF:4
LH:3
BRDA:17,0,0,0
BRDA:17,0,1,2
BRDA:26,1,0,0
BRDA:26,1,1,0
BRDA:34,2,0,0
BRDA:34,2,1,0
BRF:6
BRH:1
end_of_record
TN:
SF:src\components\checkBox\Checkbox.js
FN:3,(anonymous_0)
FNF:1
FNH:1
FNDA:2,(anonymous_0)
DA:4,2
DA:10,2
LF:2
LH:2
BRDA:6,0,0,0
BRDA:6,0,1,2
BRF:2
BRH:1
end_of_record
TN:
SF:src\hooks\authHook\useAuthHook.js
FN:11,(anonymous_0)
FN:15,(anonymous_1)
FN:28,(anonymous_2)
FN:39,(anonymous_3)
FN:47,(anonymous_4)
FNF:5
FNH:2
FNDA:24,(anonymous_0)
FNDA:0,(anonymous_1)
FNDA:0,(anonymous_2)
FNDA:0,(anonymous_3)
FNDA:12,(anonymous_4)
DA:6,10
DA:9,10
DA:12,24
DA:13,24
DA:15,24
DA:16,0
DA:21,0
DA:25,0
DA:28,24
DA:29,0
DA:30,0
DA:34,0
DA:35,0
DA:39,24
DA:40,0
DA:42,0
DA:47,24
DA:48,12
DA:49,0
DA:53,24
LF:20
LH:10
BRDA:34,0,0,0
BRDA:34,0,1,0
BRDA:48,1,0,0
BRDA:48,1,1,12
BRF:4
BRH:1
end_of_record
TN:
SF:src\hooks\useCheckbox\useCheckBox.js
FN:3,(anonymous_0)
FNF:1
FNH:1
FNDA:2,(anonymous_0)
DA:4,2
DA:6,2
LF:2
LH:2
BRF:0
BRH:0
end_of_record
TN:
SF:src\hooks\useHttp\HttpContext.js
FNF:0
FNH:0
DA:3,10
LF:1
LH:1
BRF:0
BRH:0
end_of_record
TN:
SF:src\hooks\useHttp\useHttp.js
FN:6,(anonymous_0)
FN:13,(anonymous_1)
FN:19,(anonymous_2)
FN:25,(anonymous_3)
FN:32,(anonymous_4)
FN:62,(anonymous_5)
FNF:6
FNH:6
FNDA:27,(anonymous_0)
FNDA:7,(anonymous_1)
FNDA:20,(anonymous_2)
FNDA:27,(anonymous_3)
FNDA:8,(anonymous_4)
FNDA:7,(anonymous_5)
DA:7,27
DA:8,27
DA:9,27
DA:11,27
DA:13,27
DA:14,7
DA:15,7
DA:19,27
DA:20,20
DA:21,0
DA:25,27
DA:26,27
DA:27,7
DA:32,27
DA:33,8
DA:34,8
DA:36,8
DA:37,3
DA:38,3
DA:41,8
DA:44,0
DA:46,0
DA:47,0
DA:49,0
DA:50,0
DA:52,0
DA:57,8
DA:58,8
DA:62,27
DA:63,7
DA:64,7
DA:68,27
LF:32
LH:25
BRDA:13,0,0,7
BRDA:20,1,0,0
BRDA:20,1,1,20
BRDA:26,2,0,7
BRDA:26,2,1,20
BRDA:32,3,0,0
BRDA:32,4,0,1
BRDA:32,5,0,5
BRDA:36,6,0,3
BRDA:36,6,1,5
BRDA:46,7,0,0
BRDA:46,7,1,0
BRF:12
BRH:8
end_of_record
TN:
SF:src\hooks\validation\useFormValidator.js
FN:1,(anonymous_0)
FN:2,(anonymous_1)
FNF:2
FNH:2
FNDA:15,(anonymous_0)
FNDA:15,(anonymous_1)
DA:2,15
DA:4,15
DA:5,0
DA:7,15
LF:4
LH:3
BRDA:4,0,0,0
BRDA:4,0,1,15
BRF:2
BRH:1
end_of_record
TN:
SF:src\hooks\validation\useInputValidator.js
FN:3,(anonymous_0)
FN:7,(anonymous_1)
FN:11,(anonymous_2)
FN:15,(anonymous_3)
FNF:4
FNH:1
FNDA:62,(anonymous_0)
FNDA:0,(anonymous_1)
FNDA:0,(anonymous_2)
FNDA:0,(anonymous_3)
DA:4,62
DA:5,62
DA:7,62
DA:8,0
DA:11,62
DA:12,0
DA:15,62
DA:16,0
DA:17,0
DA:21,62
LF:10
LH:6
BRDA:4,0,0,62
BRDA:4,0,1,42
BRF:2
BRH:2
end_of_record
TN:
SF:src\hooks\validation\useValidation.js
FN:3,(anonymous_0)
FN:16,(anonymous_1)
FN:37,(anonymous_2)
FNF:3
FNH:3
FNDA:62,(anonymous_0)
FNDA:26,(anonymous_1)
FNDA:68,(anonymous_2)
DA:7,62
DA:9,62
DA:10,62
DA:11,62
DA:14,62
DA:16,62
DA:17,26
DA:18,28
DA:20,4
DA:22,4
DA:24,22
DA:25,22
DA:27,2
DA:32,62
DA:37,62
DA:38,68
DA:41,62
DA:53,62
LF:18
LH:18
BRDA:3,0,0,56
BRDA:18,1,0,4
BRDA:18,1,1,22
BRDA:18,1,2,2
BRDA:20,2,0,0
BRDA:20,2,1,4
BRDA:24,3,0,2
BRDA:24,3,1,20
BRDA:27,4,0,2
BRDA:27,4,1,0
BRDA:38,5,0,68
BRDA:38,5,1,65
BRDA:43,6,0,0
BRDA:43,6,1,62
BRDA:44,7,0,0
BRDA:44,7,1,0
BRF:16
BRH:11
end_of_record
TN:
SF:src\pages\AllProfilesPage.js
FN:8,(anonymous_0)
FN:15,(anonymous_1)
FN:24,(anonymous_2)
FN:29,(anonymous_3)
FN:33,(anonymous_4)
FN:38,(anonymous_5)
FNF:6
FNH:3
FNDA:3,(anonymous_0)
FNDA:1,(anonymous_1)
FNDA:0,(anonymous_2)
FNDA:0,(anonymous_3)
FNDA:3,(anonymous_4)
FNDA:0,(anonymous_5)
DA:9,3
DA:10,3
DA:11,3
DA:13,3
DA:15,3
DA:16,1
DA:20,3
DA:21,0
DA:24,3
DA:25,0
DA:26,0
DA:29,3
DA:30,0
DA:33,3
DA:34,3
DA:35,0
DA:36,0
DA:38,0
DA:39,0
DA:59,3
LF:20
LH:12
BRDA:20,0,0,0
BRDA:20,0,1,3
BRDA:34,1,0,0
BRDA:34,1,1,3
BRDA:35,2,0,0
BRDA:35,2,1,0
BRDA:69,3,0,0
BRDA:69,3,1,3
BRF:8
BRH:3
end_of_record
TN:
SF:src\pages\AllUsers.js
FN:10,(anonymous_0)
FN:16,(anonymous_1)
FN:21,(anonymous_2)
FN:25,(anonymous_3)
FN:36,(anonymous_4)
FN:41,(anonymous_5)
FN:58,(anonymous_6)
FNF:7
FNH:3
FNDA:3,(anonymous_0)
FNDA:0,(anonymous_1)
FNDA:0,(anonymous_2)
FNDA:0,(anonymous_3)
FNDA:3,(anonymous_4)
FNDA:0,(anonymous_5)
FNDA:1,(anonymous_6)
DA:10,3
DA:11,3
DA:13,3
DA:14,3
DA:16,3
DA:17,0
DA:18,0
DA:21,3
DA:22,0
DA:25,3
DA:26,0
DA:27,0
DA:28,0
DA:30,0
DA:36,3
DA:37,3
DA:38,0
DA:39,0
DA:41,0
DA:42,0
DA:56,3
DA:58,3
DA:59,1
DA:60,1
DA:63,3
DA:64,0
DA:67,3
LF:27
LH:15
BRDA:26,0,0,0
BRDA:26,0,1,0
BRDA:27,1,0,0
BRDA:27,1,1,0
BRDA:37,2,0,0
BRDA:37,2,1,3
BRDA:38,3,0,0
BRDA:38,3,1,0
BRDA:63,4,0,0
BRDA:63,4,1,3
BRDA:77,5,0,0
BRDA:77,5,1,3
BRF:12
BRH:3
end_of_record
TN:
SF:src\pages\CreateProfilePage.js
FN:11,(anonymous_0)
FNF:1
FNH:1
FNDA:2,(anonymous_0)
DA:12,2
DA:14,2
DA:19,2
DA:21,2
DA:22,2
DA:24,2
DA:25,2
DA:27,2
DA:30,2
DA:31,2
DA:33,2
DA:34,2
DA:39,2
DA:41,2
DA:43,2
DA:51,2
LF:16
LH:16
BRF:0
BRH:0
end_of_record
TN:
SF:src\pages\Dashboard.js
FN:6,(anonymous_0)
FN:10,(anonymous_1)
FNF:2
FNH:2
FNDA:3,(anonymous_0)
FNDA:1,(anonymous_1)
DA:7,3
DA:8,3
DA:10,3
DA:11,1
DA:14,3
DA:15,0
DA:18,3
LF:7
LH:6
BRDA:14,0,0,0
BRDA:14,0,1,3
BRF:2
BRH:1
end_of_record
TN:
SF:src\pages\Login.js
FN:11,(anonymous_0)
FN:36,(anonymous_1)
FNF:2
FNH:1
FNDA:1,(anonymous_0)
FNDA:0,(anonymous_1)
DA:12,1
DA:13,1
DA:15,1
DA:22,1
DA:23,1
DA:26,1
DA:27,1
DA:29,1
DA:31,1
DA:36,1
DA:37,0
DA:38,0
DA:39,0
DA:44,1
LF:14
LH:11
BRDA:55,0,0,1
BRDA:55,0,1,0
BRF:2
BRH:1
end_of_record
TN:
SF:src\pages\Register.js
FN:13,(anonymous_0)
FN:42,(anonymous_1)
FN:45,(anonymous_2)
FN:49,(anonymous_3)
FN:66,(anonymous_4)
FNF:5
FNH:1
FNDA:2,(anonymous_0)
FNDA:0,(anonymous_1)
FNDA:0,(anonymous_2)
FNDA:0,(anonymous_3)
FNDA:0,(anonymous_4)
DA:14,2
DA:15,2
DA:17,2
DA:19,2
DA:24,2
DA:25,2
DA:26,2
DA:29,2
DA:30,2
DA:31,2
DA:33,2
DA:35,2
DA:42,2
DA:43,0
DA:45,0
DA:46,0
DA:48,0
DA:50,0
DA:51,0
DA:52,0
DA:57,2
DA:66,0
LF:22
LH:14
BRDA:72,0,0,2
BRDA:72,0,1,0
BRF:2
BRH:1
end_of_record
TN:
SF:src\pages\UserInfo.js
FN:8,(anonymous_0)
FN:14,(anonymous_1)
FNF:2
FNH:2
FNDA:3,(anonymous_0)
FNDA:1,(anonymous_1)
DA:9,3
DA:10,3
DA:12,3
DA:14,3
DA:15,1
DA:18,3
DA:19,0
DA:22,3
LF:8
LH:7
BRDA:18,0,0,0
BRDA:18,0,1,3
BRDA:28,1,0,0
BRDA:28,1,1,3
BRDA:35,2,0,0
BRDA:35,2,1,3
BRF:6
BRH:3
end_of_record
TN:
SF:src\redux\actions\actionTypes.js
FNF:0
FNH:0
DA:1,11
DA:2,11
DA:3,11
DA:4,11
DA:5,11
DA:6,11
DA:7,11
DA:10,11
LF:8
LH:8
BRF:0
BRH:0
end_of_record
TN:
SF:src\redux\reducers\Dashboard.js
FN:9,(anonymous_0)
FNF:1
FNH:1
FNDA:30,(anonymous_0)
DA:3,10
DA:10,30
DA:12,0
DA:19,30
LF:4
LH:3
BRDA:9,0,0,30
BRDA:10,1,0,0
BRDA:10,1,1,30
BRF:3
BRH:2
end_of_record
TN:
SF:src\redux\reducers\User.js
FN:12,(anonymous_0)
FNF:1
FNH:1
FNDA:37,(anonymous_0)
DA:3,11
DA:13,37
DA:15,1
DA:17,1
DA:23,1
DA:30,1
DA:35,1
DA:41,1
DA:46,1
DA:51,30
LF:10
LH:10
BRDA:12,0,0,30
BRDA:13,1,0,1
BRDA:13,1,1,1
BRDA:13,1,2,1
BRDA:13,1,3,1
BRDA:13,1,4,1
BRDA:13,1,5,1
BRDA:13,1,6,1
BRDA:13,1,7,30
BRF:9
BRH:9
end_of_record
TN:
SF:src\redux\reducers\rootReducer.js
FNF:0
FNH:0
LF:0
LH:0
BRF:0
BRH:0
end_of_record
TN:
SF:src\redux\store\store.js
FNF:0
FNH:0
DA:6,10
DA:12,10
LF:2
LH:2
BRDA:6,0,0,0
BRDA:6,0,1,10
BRDA:6,1,0,10
BRDA:6,1,1,10
BRF:4
BRH:3
end_of_record
TN:
SF:src\states\Alert\AlertState.js
FN:3,(anonymous_0)
FN:8,(anonymous_1)
FN:12,(anonymous_2)
FN:18,(anonymous_3)
FNF:4
FNH:3
FNDA:21,(anonymous_0)
FNDA:0,(anonymous_1)
FNDA:7,(anonymous_2)
FNDA:7,(anonymous_3)
DA:4,21
DA:5,21
DA:6,21
DA:8,21
DA:9,0
DA:12,21
DA:13,7
DA:14,7
DA:15,7
DA:18,21
DA:19,7
DA:20,7
DA:23,21
LF:13
LH:12
BRDA:12,0,0,0
BRDA:18,1,0,0
BRF:2
BRH:0
end_of_record
TN:
SF:src\states\Context\AlertContext.js
FNF:0
FNH:0
DA:3,11
LF:1
LH:1
BRF:0
BRH:0
end_of_record
TN:
SF:src\states\Context\DashboardContext.js
FNF:0
FNH:0
DA:3,9
LF:1
LH:1
BRF:0
BRH:0
end_of_record
TN:
SF:src\states\Context\userContext.js
FNF:0
FNH:0
DA:3,10
LF:1
LH:1
BRF:0
BRH:0
end_of_record
TN:
SF:src\states\Dashboard\DashboardState.js
FN:7,(anonymous_0)
FN:9,(anonymous_1)
FN:13,(anonymous_2)
FNF:3
FNH:3
FNDA:4,(anonymous_0)
FNDA:6,(anonymous_1)
FNDA:1,(anonymous_2)
DA:8,4
DA:9,6
DA:11,4
DA:13,4
DA:14,1
DA:16,1
DA:17,0
DA:24,4
LF:8
LH:7
BRDA:16,0,0,0
BRDA:16,0,1,0
BRF:2
BRH:0
end_of_record
TN:
SF:src\states\Logic\useAdmin.js
FN:6,(anonymous_0)
FN:10,(anonymous_1)
FN:21,(anonymous_2)
FN:37,(anonymous_3)
FNF:4
FNH:3
FNDA:24,(anonymous_0)
FNDA:1,(anonymous_1)
FNDA:0,(anonymous_2)
FNDA:2,(anonymous_3)
DA:7,24
DA:8,24
DA:10,24
DA:11,1
DA:13,1
DA:14,0
DA:21,24
DA:22,0
DA:26,0
DA:28,0
DA:29,0
DA:30,0
DA:32,0
DA:37,24
DA:38,2
DA:40,2
DA:41,0
DA:45,24
LF:18
LH:10
BRDA:13,0,0,0
BRDA:13,0,1,0
BRDA:28,1,0,0
BRDA:28,1,1,0
BRDA:29,2,0,0
BRDA:29,2,1,0
BRDA:40,3,0,0
BRDA:40,3,1,0
BRF:8
BRH:0
end_of_record
TN:
SF:src\states\Logic\useProfile.js
FN:7,(anonymous_0)
FN:13,(anonymous_1)
FN:23,(anonymous_2)
FN:36,(anonymous_3)
FN:44,(anonymous_4)
FNF:5
FNH:3
FNDA:24,(anonymous_0)
FNDA:0,(anonymous_1)
FNDA:1,(anonymous_2)
FNDA:0,(anonymous_3)
FNDA:1,(anonymous_4)
DA:8,24
DA:9,24
DA:11,24
DA:13,24
DA:14,0
DA:18,0
DA:19,0
DA:23,24
DA:24,1
DA:28,1
DA:29,0
DA:36,24
DA:37,0
DA:39,0
DA:40,0
DA:44,24
DA:45,1
DA:47,1
DA:48,0
DA:52,24
LF:20
LH:12
BRDA:18,0,0,0
BRDA:18,0,1,0
BRDA:28,1,0,0
BRDA:28,1,1,0
BRDA:39,2,0,0
BRDA:39,2,1,0
BRDA:47,3,0,0
BRDA:47,3,1,0
BRF:8
BRH:0
end_of_record
TN:
SF:src\states\Logic\useUser.js
FN:7,(anonymous_0)
FN:13,(anonymous_1)
FN:21,(anonymous_2)
FN:29,(anonymous_3)
FN:33,(anonymous_4)
FN:46,(anonymous_5)
FN:59,(anonymous_6)
FNF:7
FNH:2
FNDA:24,(anonymous_0)
FNDA:0,(anonymous_1)
FNDA:0,(anonymous_2)
FNDA:0,(anonymous_3)
FNDA:2,(anonymous_4)
FNDA:0,(anonymous_5)
FNDA:0,(anonymous_6)
DA:8,24
DA:10,24
DA:11,24
DA:13,24
DA:14,0
DA:16,0
DA:17,0
DA:21,24
DA:22,0
DA:24,0
DA:25,0
DA:29,24
DA:30,0
DA:33,24
DA:34,2
DA:38,2
DA:39,0
DA:46,24
DA:47,0
DA:51,0
DA:52,0
DA:59,24
DA:60,0
DA:64,0
DA:65,0
DA:69,24
LF:26
LH:12
BRDA:16,0,0,0
BRDA:16,0,1,0
BRDA:24,1,0,0
BRDA:24,1,1,0
BRDA:38,2,0,0
BRDA:38,2,1,0
BRDA:51,3,0,0
BRDA:51,3,1,0
BRDA:64,4,0,0
BRDA:64,4,1,0
BRF:10
BRH:0
end_of_record
TN:
SF:src\states\user\UserState.js
FN:10,(anonymous_0)
FN:11,(anonymous_1)
FN:32,(anonymous_2)
FN:40,(anonymous_3)
FNF:4
FNH:4
FNDA:24,(anonymous_0)
FNDA:36,(anonymous_1)
FNDA:12,(anonymous_2)
FNDA:24,(anonymous_3)
DA:11,36
DA:13,24
DA:16,24
DA:18,24
DA:20,24
DA:24,24
DA:27,24
DA:32,24
DA:33,12
DA:34,0
DA:40,24
DA:41,24
DA:42,6
DA:43,0
DA:51,24
LF:15
LH:13
BRDA:33,0,0,0
BRDA:33,0,1,12
BRDA:41,1,0,6
BRDA:41,1,1,18
BRDA:42,2,0,0
BRDA:42,2,1,6
BRF:6
BRH:4
end_of_record
TN:
SF:tests\helpers\componentsWithContext.js
FN:10,(anonymous_0)
FNF:1
FNH:1
FNDA:8,(anonymous_0)
DA:11,8
DA:12,7
DA:23,1
LF:3
LH:3
BRDA:10,0,0,7
BRDA:11,1,0,7
BRDA:11,1,1,1
BRF:3
BRH:3
end_of_record
