TN:
SF:src\App.js
FN:11,(anonymous_0)
FNF:1
FNH:1
FNDA:1,(anonymous_0)
DA:12,1
LF:1
LH:1
BRF:0
BRH:0
end_of_record
TN:
SF:src\components\Alert\Alert.js
FN:5,(anonymous_0)
FNF:1
FNH:1
FNDA:2,(anonymous_0)
DA:6,2
DA:7,2
DA:12,2
LF:3
LH:3
BRDA:9,0,0,0
BRDA:9,0,1,2
BRF:2
BRH:1
end_of_record
TN:
SF:src\components\Btn\Btn.js
FN:3,(anonymous_0)
FNF:1
FNH:1
FNDA:30,(anonymous_0)
DA:4,30
DA:9,30
LF:2
LH:2
BRDA:6,0,0,5
BRDA:6,0,1,25
BRF:2
BRH:2
end_of_record
TN:
SF:src\components\Card\Card.js
FN:9,(anonymous_0)
FN:165,(anonymous_1)
FN:229,(anonymous_2)
FN:291,(anonymous_3)
FNF:4
FNH:3
FNDA:28,(anonymous_0)
FNDA:1,(anonymous_1)
FNDA:0,(anonymous_2)
FNDA:3,(anonymous_3)
DA:17,28
DA:18,2
DA:19,2
DA:60,26
DA:61,4
DA:62,4
DA:83,22
DA:84,1
DA:86,1
DA:115,21
DA:117,7
DA:119,7
DA:121,7
DA:127,7
DA:132,7
DA:134,7
DA:135,7
DA:137,7
DA:138,7
DA:140,7
DA:143,7
DA:144,7
DA:145,7
DA:148,7
DA:149,7
DA:154,7
DA:163,7
DA:165,7
DA:166,1
DA:167,1
DA:171,7
DA:196,14
DA:197,3
DA:199,3
DA:205,3
DA:210,3
DA:211,3
DA:212,3
DA:215,3
DA:216,3
DA:217,3
DA:219,3
DA:222,3
DA:229,3
DA:230,0
DA:231,0
DA:234,3
DA:257,11
DA:258,11
DA:260,11
DA:262,11
DA:268,11
DA:273,11
DA:274,11
DA:275,11
DA:278,11
DA:279,11
DA:280,11
DA:282,11
DA:285,11
DA:291,11
DA:292,3
DA:293,3
DA:296,11
LF:64
LH:62
BRDA:9,0,0,2
BRDA:9,1,0,17
BRDA:17,2,0,2
BRDA:17,2,1,26
BRDA:20,3,0,1
BRDA:20,3,1,1
BRDA:60,4,0,4
BRDA:60,4,1,22
BRDA:63,5,0,3
BRDA:63,5,1,1
BRDA:83,6,0,1
BRDA:83,6,1,21
BRDA:87,7,0,0
BRDA:87,7,1,1
BRDA:115,8,0,7
BRDA:115,8,1,14
BRDA:119,9,0,4
BRDA:119,9,1,3
BRDA:123,10,0,0
BRDA:123,10,1,7
BRDA:173,11,0,0
BRDA:173,11,1,7
BRDA:184,12,0,0
BRDA:184,12,1,7
BRDA:196,13,0,3
BRDA:196,13,1,11
BRDA:201,14,0,0
BRDA:201,14,1,3
BRDA:236,15,0,0
BRDA:236,15,1,3
BRDA:245,16,0,0
BRDA:245,16,1,3
BRDA:257,17,0,11
BRDA:257,17,1,0
BRDA:260,18,0,6
BRDA:260,18,1,5
BRDA:264,19,0,0
BRDA:264,19,1,11
BRDA:298,20,0,0
BRDA:298,20,1,11
BRDA:307,21,0,0
BRDA:307,21,1,11
BRF:42
BRH:31
end_of_record
TN:
SF:src\components\Controller\Controller.js
FN:3,(anonymous_0)
FNF:1
FNH:1
FNDA:95,(anonymous_0)
DA:5,95
DA:6,9
DA:13,86
LF:3
LH:3
BRDA:3,0,0,86
BRDA:5,1,0,9
BRDA:5,1,1,86
BRF:3
BRH:3
end_of_record
TN:
SF:src\components\Loader\Loader.js
FN:3,(anonymous_0)
FNF:1
FNH:1
FNDA:1,(anonymous_0)
DA:4,1
LF:1
LH:1
BRF:0
BRH:0
end_of_record
TN:
SF:src\components\Nav\Nav.js
FN:6,(anonymous_0)
FN:20,(anonymous_1)
FN:21,(anonymous_2)
FN:24,(anonymous_3)
FNF:4
FNH:4
FNDA:3,(anonymous_0)
FNDA:1,(anonymous_1)
FNDA:1,(anonymous_2)
FNDA:3,(anonymous_3)
DA:7,3
DA:8,3
DA:10,3
DA:15,3
DA:20,3
DA:21,1
DA:24,3
DA:25,3
DA:26,0
DA:72,3
DA:90,3
LF:11
LH:10
BRDA:12,0,0,1
BRDA:12,0,1,2
BRDA:17,1,0,1
BRDA:17,1,1,2
BRDA:25,2,0,0
BRDA:25,2,1,3
BRDA:33,3,0,0
BRDA:33,3,1,0
BRDA:47,4,0,0
BRDA:47,4,1,0
BRDA:56,5,0,0
BRDA:56,5,1,0
BRF:12
BRH:5
end_of_record
TN:
SF:src\components\PageContainer\PageConatiner.js
FN:14,(anonymous_0)
FNF:1
FNH:1
FNDA:2,(anonymous_0)
DA:15,2
DA:17,2
DA:18,0
DA:52,2
LF:4
LH:3
BRDA:17,0,0,0
BRDA:17,0,1,2
BRDA:23,1,0,0
BRDA:23,1,1,0
BRDA:33,2,0,0
BRDA:33,2,1,0
BRDA:41,3,0,0
BRDA:41,3,1,0
BRF:8
BRH:1
end_of_record
TN:
SF:src\components\checkBox\Checkbox.js
FN:3,(anonymous_0)
FNF:1
FNH:1
FNDA:2,(anonymous_0)
DA:4,2
DA:10,2
LF:2
LH:2
BRDA:6,0,0,0
BRDA:6,0,1,2
BRF:2
BRH:1
end_of_record
TN:
SF:src\hooks\authHook\useAuthHook.js
FN:11,(anonymous_0)
FN:15,(anonymous_1)
FN:28,(anonymous_2)
FN:39,(anonymous_3)
FN:47,(anonymous_4)
FNF:5
FNH:2
FNDA:26,(anonymous_0)
FNDA:0,(anonymous_1)
FNDA:0,(anonymous_2)
FNDA:0,(anonymous_3)
FNDA:12,(anonymous_4)
DA:6,10
DA:9,10
DA:12,26
DA:13,26
DA:15,26
DA:16,0
DA:21,0
DA:25,0
DA:28,26
DA:29,0
DA:30,0
DA:34,0
DA:35,0
DA:39,26
DA:40,0
DA:42,0
DA:47,26
DA:48,12
DA:49,0
DA:53,26
LF:20
LH:10
BRDA:34,0,0,0
BRDA:34,0,1,0
BRDA:48,1,0,0
BRDA:48,1,1,12
BRF:4
BRH:1
end_of_record
TN:
SF:src\hooks\useCheckbox\useCheckBox.js
FN:3,(anonymous_0)
FNF:1
FNH:1
FNDA:2,(anonymous_0)
DA:4,2
DA:6,2
LF:2
LH:2
BRF:0
BRH:0
end_of_record
TN:
SF:src\hooks\useHttp\HttpContext.js
FNF:0
FNH:0
DA:3,10
LF:1
LH:1
BRF:0
BRH:0
end_of_record
TN:
SF:src\hooks\useHttp\useHttp.js
FN:6,(anonymous_0)
FN:13,(anonymous_1)
FN:19,(anonymous_2)
FN:25,(anonymous_3)
FN:32,(anonymous_4)
FN:62,(anonymous_5)
FNF:6
FNH:6
FNDA:29,(anonymous_0)
FNDA:8,(anonymous_1)
FNDA:20,(anonymous_2)
FNDA:29,(anonymous_3)
FNDA:8,(anonymous_4)
FNDA:8,(anonymous_5)
DA:7,29
DA:8,29
DA:9,29
DA:11,29
DA:13,29
DA:14,8
DA:15,8
DA:19,29
DA:20,20
DA:21,0
DA:25,29
DA:26,29
DA:27,8
DA:32,29
DA:33,8
DA:34,8
DA:36,8
DA:37,4
DA:38,4
DA:41,8
DA:44,0
DA:46,0
DA:47,0
DA:49,0
DA:50,0
DA:52,0
DA:57,8
DA:58,8
DA:62,29
DA:63,8
DA:64,8
DA:68,29
LF:32
LH:25
BRDA:13,0,0,8
BRDA:20,1,0,0
BRDA:20,1,1,20
BRDA:26,2,0,8
BRDA:26,2,1,21
BRDA:32,3,0,0
BRDA:32,4,0,1
BRDA:32,5,0,6
BRDA:36,6,0,4
BRDA:36,6,1,4
BRDA:46,7,0,0
BRDA:46,7,1,0
BRF:12
BRH:8
end_of_record
TN:
SF:src\hooks\validation\useFormValidator.js
FN:1,(anonymous_0)
FN:2,(anonymous_1)
FNF:2
FNH:2
FNDA:26,(anonymous_0)
FNDA:26,(anonymous_1)
DA:2,26
DA:4,26
DA:5,0
DA:7,26
LF:4
LH:3
BRDA:4,0,0,0
BRDA:4,0,1,26
BRF:2
BRH:1
end_of_record
TN:
SF:src\hooks\validation\useInputValidator.js
FN:3,(anonymous_0)
FN:7,(anonymous_1)
FN:11,(anonymous_2)
FN:15,(anonymous_3)
FNF:4
FNH:1
FNDA:95,(anonymous_0)
FNDA:0,(anonymous_1)
FNDA:0,(anonymous_2)
FNDA:0,(anonymous_3)
DA:4,95
DA:5,95
DA:7,95
DA:8,0
DA:11,95
DA:12,0
DA:15,95
DA:16,0
DA:17,0
DA:21,95
LF:10
LH:6
BRF:0
BRH:0
end_of_record
TN:
SF:src\hooks\validation\useValidation.js
FN:3,(anonymous_0)
FN:16,(anonymous_1)
FN:37,(anonymous_2)
FNF:3
FNH:3
FNDA:95,(anonymous_0)
FNDA:35,(anonymous_1)
FNDA:104,(anonymous_2)
DA:7,95
DA:9,95
DA:10,95
DA:11,95
DA:14,95
DA:16,95
DA:17,35
DA:18,38
DA:20,6
DA:22,6
DA:24,29
DA:25,29
DA:27,3
DA:32,95
DA:37,95
DA:38,104
DA:41,95
DA:53,95
LF:18
LH:18
BRDA:3,0,0,86
BRDA:18,1,0,6
BRDA:18,1,1,29
BRDA:18,1,2,3
BRDA:20,2,0,0
BRDA:20,2,1,6
BRDA:24,3,0,0
BRDA:24,3,1,29
BRDA:27,4,0,3
BRDA:27,4,1,0
BRDA:38,5,0,104
BRDA:38,5,1,95
BRDA:43,6,0,0
BRDA:43,6,1,95
BRDA:44,7,0,0
BRDA:44,7,1,0
BRF:16
BRH:10
end_of_record
TN:
SF:src\pages\AllProfilesPage.js
FN:8,(anonymous_0)
FN:15,(anonymous_1)
FN:24,(anonymous_2)
FN:29,(anonymous_3)
FN:33,(anonymous_4)
FN:38,(anonymous_5)
FNF:6
FNH:3
FNDA:3,(anonymous_0)
FNDA:1,(anonymous_1)
FNDA:0,(anonymous_2)
FNDA:0,(anonymous_3)
FNDA:3,(anonymous_4)
FNDA:0,(anonymous_5)
DA:9,3
DA:10,3
DA:11,3
DA:13,3
DA:15,3
DA:16,1
DA:20,3
DA:21,0
DA:24,3
DA:25,0
DA:26,0
DA:29,3
DA:30,0
DA:33,3
DA:34,3
DA:35,0
DA:36,0
DA:38,0
DA:39,0
DA:59,3
LF:20
LH:12
BRDA:20,0,0,0
BRDA:20,0,1,3
BRDA:34,1,0,0
BRDA:34,1,1,3
BRDA:35,2,0,0
BRDA:35,2,1,0
BRF:6
BRH:2
end_of_record
TN:
SF:src\pages\AllUser.js
FN:9,(anonymous_0)
FN:15,(anonymous_1)
FN:20,(anonymous_2)
FN:24,(anonymous_3)
FN:29,(anonymous_4)
FN:46,(anonymous_5)
FNF:6
FNH:4
FNDA:5,(anonymous_0)
FNDA:0,(anonymous_1)
FNDA:1,(anonymous_2)
FNDA:5,(anonymous_3)
FNDA:0,(anonymous_4)
FNDA:1,(anonymous_5)
DA:10,5
DA:12,5
DA:13,5
DA:15,5
DA:16,0
DA:17,0
DA:20,5
DA:21,1
DA:24,5
DA:25,5
DA:26,0
DA:27,0
DA:29,0
DA:30,0
DA:44,5
DA:46,5
DA:47,1
DA:50,5
DA:51,0
DA:54,5
LF:20
LH:13
BRDA:25,0,0,0
BRDA:25,0,1,5
BRDA:26,1,0,0
BRDA:26,1,1,0
BRDA:50,2,0,0
BRDA:50,2,1,5
BRF:6
BRH:2
end_of_record
TN:
SF:src\pages\CreateProfilePage.js
FN:11,(anonymous_0)
FNF:1
FNH:1
FNDA:2,(anonymous_0)
DA:12,2
DA:14,2
DA:19,2
DA:21,2
DA:22,2
DA:24,2
DA:25,2
DA:27,2
DA:30,2
DA:31,2
DA:33,2
DA:34,2
DA:39,2
DA:41,2
DA:43,2
DA:51,2
LF:16
LH:16
BRF:0
BRH:0
end_of_record
TN:
SF:src\pages\Dashboard.js
FN:6,(anonymous_0)
FN:10,(anonymous_1)
FNF:2
FNH:2
FNDA:3,(anonymous_0)
FNDA:1,(anonymous_1)
DA:7,3
DA:8,3
DA:10,3
DA:11,1
DA:14,3
DA:15,0
DA:18,3
LF:7
LH:6
BRDA:14,0,0,0
BRDA:14,0,1,3
BRF:2
BRH:1
end_of_record
TN:
SF:src\pages\Login.js
FN:10,(anonymous_0)
FNF:1
FNH:1
FNDA:1,(anonymous_0)
DA:11,1
DA:13,1
DA:18,1
DA:19,1
DA:22,1
DA:23,1
DA:25,1
DA:27,1
DA:34,1
LF:9
LH:9
BRF:0
BRH:0
end_of_record
TN:
SF:src\pages\Register.js
FN:13,(anonymous_0)
FN:52,(anonymous_1)
FNF:2
FNH:1
FNDA:2,(anonymous_0)
FNDA:0,(anonymous_1)
DA:14,2
DA:16,2
DA:18,2
DA:23,2
DA:24,2
DA:25,2
DA:28,2
DA:29,2
DA:30,2
DA:32,2
DA:34,2
DA:43,2
DA:52,0
LF:13
LH:12
BRF:0
BRH:0
end_of_record
TN:
SF:src\pages\UserInfo.js
FN:8,(anonymous_0)
FN:14,(anonymous_1)
FNF:2
FNH:2
FNDA:3,(anonymous_0)
FNDA:1,(anonymous_1)
DA:9,3
DA:10,3
DA:12,3
DA:14,3
DA:15,1
DA:18,3
DA:19,0
DA:22,3
LF:8
LH:7
BRDA:18,0,0,0
BRDA:18,0,1,3
BRDA:28,1,0,0
BRDA:28,1,1,3
BRF:4
BRH:2
end_of_record
TN:
SF:src\redux\actions\actionTypes.js
FNF:0
FNH:0
DA:1,11
DA:2,11
DA:3,11
DA:4,11
DA:5,11
DA:6,11
DA:7,11
DA:10,11
LF:8
LH:8
BRF:0
BRH:0
end_of_record
TN:
SF:src\redux\reducers\Dashboard.js
FN:9,(anonymous_0)
FNF:1
FNH:1
FNDA:30,(anonymous_0)
DA:3,10
DA:10,30
DA:12,0
DA:19,30
LF:4
LH:3
BRDA:9,0,0,30
BRDA:10,1,0,0
BRDA:10,1,1,30
BRF:3
BRH:2
end_of_record
TN:
SF:src\redux\reducers\User.js
FN:12,(anonymous_0)
FNF:1
FNH:1
FNDA:37,(anonymous_0)
DA:3,11
DA:13,37
DA:15,1
DA:17,1
DA:23,1
DA:30,1
DA:35,1
DA:41,1
DA:46,1
DA:51,30
LF:10
LH:10
BRDA:12,0,0,30
BRDA:13,1,0,1
BRDA:13,1,1,1
BRDA:13,1,2,1
BRDA:13,1,3,1
BRDA:13,1,4,1
BRDA:13,1,5,1
BRDA:13,1,6,1
BRDA:13,1,7,30
BRF:9
BRH:9
end_of_record
TN:
SF:src\redux\reducers\rootReducer.js
FNF:0
FNH:0
LF:0
LH:0
BRF:0
BRH:0
end_of_record
TN:
SF:src\redux\store\store.js
FNF:0
FNH:0
DA:6,10
DA:12,10
LF:2
LH:2
BRDA:6,0,0,0
BRDA:6,0,1,10
BRDA:6,1,0,10
BRDA:6,1,1,10
BRF:4
BRH:3
end_of_record
TN:
SF:src\states\Alert\AlertState.js
FN:3,(anonymous_0)
FN:8,(anonymous_1)
FN:12,(anonymous_2)
FN:18,(anonymous_3)
FNF:4
FNH:3
FNDA:21,(anonymous_0)
FNDA:0,(anonymous_1)
FNDA:8,(anonymous_2)
FNDA:8,(anonymous_3)
DA:4,21
DA:5,21
DA:6,21
DA:8,21
DA:9,0
DA:12,21
DA:13,8
DA:14,8
DA:15,8
DA:18,21
DA:19,8
DA:20,8
DA:23,21
LF:13
LH:12
BRDA:12,0,0,0
BRDA:18,1,0,0
BRF:2
BRH:0
end_of_record
TN:
SF:src\states\Context\AlertContext.js
FNF:0
FNH:0
DA:3,11
LF:1
LH:1
BRF:0
BRH:0
end_of_record
TN:
SF:src\states\Context\DashboardContext.js
FNF:0
FNH:0
DA:3,9
LF:1
LH:1
BRF:0
BRH:0
end_of_record
TN:
SF:src\states\Context\userContext.js
FNF:0
FNH:0
DA:3,10
LF:1
LH:1
BRF:0
BRH:0
end_of_record
TN:
SF:src\states\Dashboard\DashboardState.js
FN:7,(anonymous_0)
FN:9,(anonymous_1)
FN:13,(anonymous_2)
FNF:3
FNH:3
FNDA:4,(anonymous_0)
FNDA:6,(anonymous_1)
FNDA:1,(anonymous_2)
DA:8,4
DA:9,6
DA:11,4
DA:13,4
DA:14,1
DA:16,1
DA:17,0
DA:24,4
LF:8
LH:7
BRDA:16,0,0,0
BRDA:16,0,1,0
BRF:2
BRH:0
end_of_record
TN:
SF:src\states\Logic\useAdmin.js
FN:6,(anonymous_0)
FN:10,(anonymous_1)
FN:21,(anonymous_2)
FN:37,(anonymous_3)
FNF:4
FNH:3
FNDA:26,(anonymous_0)
FNDA:1,(anonymous_1)
FNDA:0,(anonymous_2)
FNDA:3,(anonymous_3)
DA:7,26
DA:8,26
DA:10,26
DA:11,1
DA:13,1
DA:14,0
DA:21,26
DA:22,0
DA:26,0
DA:28,0
DA:29,0
DA:30,0
DA:32,0
DA:37,26
DA:38,3
DA:40,3
DA:41,0
DA:45,26
LF:18
LH:10
BRDA:13,0,0,0
BRDA:13,0,1,0
BRDA:28,1,0,0
BRDA:28,1,1,0
BRDA:29,2,0,0
BRDA:29,2,1,0
BRDA:40,3,0,0
BRDA:40,3,1,0
BRF:8
BRH:0
end_of_record
TN:
SF:src\states\Logic\useProfile.js
FN:7,(anonymous_0)
FN:13,(anonymous_1)
FN:23,(anonymous_2)
FN:36,(anonymous_3)
FN:44,(anonymous_4)
FNF:5
FNH:3
FNDA:26,(anonymous_0)
FNDA:0,(anonymous_1)
FNDA:1,(anonymous_2)
FNDA:0,(anonymous_3)
FNDA:1,(anonymous_4)
DA:8,26
DA:9,26
DA:11,26
DA:13,26
DA:14,0
DA:18,0
DA:19,0
DA:23,26
DA:24,1
DA:28,1
DA:29,0
DA:36,26
DA:37,0
DA:39,0
DA:40,0
DA:44,26
DA:45,1
DA:47,1
DA:48,0
DA:52,26
LF:20
LH:12
BRDA:18,0,0,0
BRDA:18,0,1,0
BRDA:28,1,0,0
BRDA:28,1,1,0
BRDA:39,2,0,0
BRDA:39,2,1,0
BRDA:47,3,0,0
BRDA:47,3,1,0
BRF:8
BRH:0
end_of_record
TN:
SF:src\states\Logic\useUser.js
FN:7,(anonymous_0)
FN:13,(anonymous_1)
FN:21,(anonymous_2)
FN:29,(anonymous_3)
FN:33,(anonymous_4)
FN:46,(anonymous_5)
FN:59,(anonymous_6)
FNF:7
FNH:2
FNDA:26,(anonymous_0)
FNDA:0,(anonymous_1)
FNDA:0,(anonymous_2)
FNDA:0,(anonymous_3)
FNDA:1,(anonymous_4)
FNDA:0,(anonymous_5)
FNDA:0,(anonymous_6)
DA:8,26
DA:10,26
DA:11,26
DA:13,26
DA:14,0
DA:16,0
DA:17,0
DA:21,26
DA:22,0
DA:24,0
DA:25,0
DA:29,26
DA:30,0
DA:33,26
DA:34,1
DA:38,1
DA:39,0
DA:46,26
DA:47,0
DA:51,0
DA:52,0
DA:59,26
DA:60,0
DA:64,0
DA:65,0
DA:69,26
LF:26
LH:12
BRDA:16,0,0,0
BRDA:16,0,1,0
BRDA:24,1,0,0
BRDA:24,1,1,0
BRDA:38,2,0,0
BRDA:38,2,1,0
BRDA:51,3,0,0
BRDA:51,3,1,0
BRDA:64,4,0,0
BRDA:64,4,1,0
BRF:10
BRH:0
end_of_record
TN:
SF:src\states\user\UserState.js
FN:10,(anonymous_0)
FN:11,(anonymous_1)
FN:32,(anonymous_2)
FN:40,(anonymous_3)
FNF:4
FNH:4
FNDA:26,(anonymous_0)
FNDA:38,(anonymous_1)
FNDA:12,(anonymous_2)
FNDA:26,(anonymous_3)
DA:11,38
DA:13,26
DA:16,26
DA:18,26
DA:20,26
DA:24,26
DA:27,26
DA:32,26
DA:33,12
DA:34,0
DA:40,26
DA:41,26
DA:42,7
DA:43,0
DA:51,26
LF:15
LH:13
BRDA:33,0,0,0
BRDA:33,0,1,12
BRDA:41,1,0,7
BRDA:41,1,1,19
BRDA:42,2,0,0
BRDA:42,2,1,7
BRF:6
BRH:4
end_of_record
TN:
SF:tests\helpers\componentsWithContext.js
FN:10,(anonymous_0)
FNF:1
FNH:1
FNDA:8,(anonymous_0)
DA:11,8
DA:12,7
DA:23,1
LF:3
LH:3
BRDA:10,0,0,7
BRDA:11,1,0,7
BRDA:11,1,1,1
BRF:3
BRH:3
end_of_record
